2013/12/26 10:34:04	启动服务	深圳通代理服务 已启动成功!	
--------------------------------------------------------
2013/12/26 10:34:52	ABCHINA04	远程代理成功连接到目标服务器	
-----------------------------------------------------------
2013/12/26 10:53:38	关闭连接	强行关闭连接	app1
----------------------------------------------
2013/12/26 10:53:38	系统重启深圳通服务	因为：接收数据时,参数错误!(-1)	
----------------------------------------------------------------------
2013/12/26 10:53:38	重新初始化深圳通服务成功!	深圳通意外中断,系统自动重建深圳通服务	接收数据时,参数错误!(-1)
------------------------------------------------------------------------------------------------------------
2013/12/26 17:26:09	启动服务	深圳通代理服务 已启动成功!	
--------------------------------------------------------
2013/12/26 17:28:35	关闭连接	强行关闭连接	app1
----------------------------------------------
2013/12/26 17:29:04	关闭连接	强行关闭连接	app1
----------------------------------------------
2013/12/26 17:34:02	ABCHINA04	远程代理成功连接到目标服务器	
-----------------------------------------------------------
2013/12/26 17:34:04	客户关闭连接	Sock_2被关闭	ABCHINA04
-------------------------------------------------------
2013/12/26 17:34:04	关闭连接	强行关闭连接	app1
----------------------------------------------
2013/12/26 17:39:31	ABCHINA04	远程代理成功连接到目标服务器	
-----------------------------------------------------------
2013/12/26 17:39:31	客户关闭连接	Sock_2被关闭	ABCHINA04
-------------------------------------------------------
2013/12/26 17:39:31	关闭连接	强行关闭连接	app1
----------------------------------------------
2013/12/26 17:41:43	系统重启深圳通服务	因为：连接错误，深圳通服务未启动(-2)	
----------------------------------------------------------------------------
2013/12/26 17:41:53	重新初始化深圳通服务成功!	深圳通意外中断,系统自动重建深圳通服务	连接错误，深圳通服务未启动(-2)
------------------------------------------------------------------------------------------------------------------
2013/12/26 17:41:53	系统重启深圳通服务	因为：连接错误，深圳通服务未启动(-2)	
----------------------------------------------------------------------------
2013/12/26 17:42:03	重新初始化深圳通服务成功!	深圳通意外中断,系统自动重建深圳通服务	连接错误，深圳通服务未启动(-2)
------------------------------------------------------------------------------------------------------------------
2013/12/26 17:42:03	系统重启深圳通服务	因为：连接错误，深圳通服务未启动(-2)	
----------------------------------------------------------------------------
2013/12/26 17:42:13	重新初始化深圳通服务成功!	深圳通意外中断,系统自动重建深圳通服务	连接错误，深圳通服务未启动(-2)
------------------------------------------------------------------------------------------------------------------
2013/12/26 17:42:16	关闭连接	强行关闭连接	app1
----------------------------------------------
2013/12/26 17:42:16	系统重启深圳通服务	因为：接收数据时,参数错误!(-1)	
----------------------------------------------------------------------
2013/12/26 17:42:26	重新初始化深圳通服务成功!	深圳通意外中断,系统自动重建深圳通服务	接收数据时,参数错误!(-1)
------------------------------------------------------------------------------------------------------------
