2013/12/12 10:55:40	启动服务	深圳通代理服务 已启动成功!	
--------------------------------------------------------
2013/12/12 10:59:30	ABCHINA04	远程代理成功连接到目标服务器	
-----------------------------------------------------------
2013/12/12 11:11:06	系统重启深圳通服务	因为：连接错误，深圳通服务未启动(-2)	
----------------------------------------------------------------------------
2013/12/12 11:11:16	重新初始化深圳通服务成功!	深圳通意外中断,系统自动重建深圳通服务	连接错误，深圳通服务未启动(-2)
------------------------------------------------------------------------------------------------------------------
2013/12/12 11:11:16	系统重启深圳通服务	因为：连接错误，深圳通服务未启动(-2)	
----------------------------------------------------------------------------
2013/12/12 11:11:26	重新初始化深圳通服务成功!	深圳通意外中断,系统自动重建深圳通服务	连接错误，深圳通服务未启动(-2)
------------------------------------------------------------------------------------------------------------------
2013/12/12 11:11:26	系统重启深圳通服务	因为：连接错误，深圳通服务未启动(-2)	
----------------------------------------------------------------------------
2013/12/12 11:11:36	重新初始化深圳通服务成功!	深圳通意外中断,系统自动重建深圳通服务	连接错误，深圳通服务未启动(-2)
------------------------------------------------------------------------------------------------------------------
2013/12/12 11:11:36	系统重启深圳通服务	因为：连接错误，深圳通服务未启动(-2)	
----------------------------------------------------------------------------
2013/12/12 11:11:46	重新初始化深圳通服务成功!	深圳通意外中断,系统自动重建深圳通服务	连接错误，深圳通服务未启动(-2)
------------------------------------------------------------------------------------------------------------------
2013/12/12 11:11:46	系统重启深圳通服务	因为：连接错误，深圳通服务未启动(-2)	
----------------------------------------------------------------------------
2013/12/12 11:11:56	重新初始化深圳通服务成功!	深圳通意外中断,系统自动重建深圳通服务	连接错误，深圳通服务未启动(-2)
------------------------------------------------------------------------------------------------------------------
2013/12/12 11:11:56	系统重启深圳通服务	因为：连接错误，深圳通服务未启动(-2)	
----------------------------------------------------------------------------
2013/12/12 11:12:06	重新初始化深圳通服务成功!	深圳通意外中断,系统自动重建深圳通服务	连接错误，深圳通服务未启动(-2)
------------------------------------------------------------------------------------------------------------------
2013/12/12 11:12:06	系统重启深圳通服务	因为：连接错误，深圳通服务未启动(-2)	
----------------------------------------------------------------------------
2013/12/12 11:12:16	重新初始化深圳通服务成功!	深圳通意外中断,系统自动重建深圳通服务	连接错误，深圳通服务未启动(-2)
------------------------------------------------------------------------------------------------------------------
2013/12/12 11:12:16	系统重启深圳通服务	因为：连接错误，深圳通服务未启动(-2)	
----------------------------------------------------------------------------
2013/12/12 11:12:27	重新初始化深圳通服务成功!	深圳通意外中断,系统自动重建深圳通服务	连接错误，深圳通服务未启动(-2)
------------------------------------------------------------------------------------------------------------------
2013/12/12 11:12:27	系统重启深圳通服务	因为：连接错误，深圳通服务未启动(-2)	
----------------------------------------------------------------------------
2013/12/12 11:12:37	重新初始化深圳通服务成功!	深圳通意外中断,系统自动重建深圳通服务	连接错误，深圳通服务未启动(-2)
------------------------------------------------------------------------------------------------------------------
2013/12/12 11:12:37	系统重启深圳通服务	因为：连接错误，深圳通服务未启动(-2)	
----------------------------------------------------------------------------
2013/12/12 11:12:47	重新初始化深圳通服务成功!	深圳通意外中断,系统自动重建深圳通服务	连接错误，深圳通服务未启动(-2)
------------------------------------------------------------------------------------------------------------------
2013/12/12 11:12:47	系统重启深圳通服务	因为：连接错误，深圳通服务未启动(-2)	
----------------------------------------------------------------------------
2013/12/12 11:12:57	重新初始化深圳通服务成功!	深圳通意外中断,系统自动重建深圳通服务	连接错误，深圳通服务未启动(-2)
------------------------------------------------------------------------------------------------------------------
2013/12/12 11:12:57	系统重启深圳通服务	因为：连接错误，深圳通服务未启动(-2)	
----------------------------------------------------------------------------
2013/12/12 11:13:07	重新初始化深圳通服务成功!	深圳通意外中断,系统自动重建深圳通服务	连接错误，深圳通服务未启动(-2)
------------------------------------------------------------------------------------------------------------------
2013/12/12 11:13:07	系统重启深圳通服务	因为：连接错误，深圳通服务未启动(-2)	
----------------------------------------------------------------------------
2013/12/12 11:13:17	重新初始化深圳通服务成功!	深圳通意外中断,系统自动重建深圳通服务	连接错误，深圳通服务未启动(-2)
------------------------------------------------------------------------------------------------------------------
2013/12/12 11:13:17	系统重启深圳通服务	因为：连接错误，深圳通服务未启动(-2)	
----------------------------------------------------------------------------
2013/12/12 11:13:27	重新初始化深圳通服务成功!	深圳通意外中断,系统自动重建深圳通服务	连接错误，深圳通服务未启动(-2)
------------------------------------------------------------------------------------------------------------------
2013/12/12 11:13:27	系统重启深圳通服务	因为：连接错误，深圳通服务未启动(-2)	
----------------------------------------------------------------------------
2013/12/12 11:13:37	重新初始化深圳通服务成功!	深圳通意外中断,系统自动重建深圳通服务	连接错误，深圳通服务未启动(-2)
------------------------------------------------------------------------------------------------------------------
2013/12/12 11:13:37	系统重启深圳通服务	因为：连接错误，深圳通服务未启动(-2)	
----------------------------------------------------------------------------
2013/12/12 11:13:47	重新初始化深圳通服务成功!	深圳通意外中断,系统自动重建深圳通服务	连接错误，深圳通服务未启动(-2)
------------------------------------------------------------------------------------------------------------------
2013/12/12 11:13:47	系统重启深圳通服务	因为：连接错误，深圳通服务未启动(-2)	
----------------------------------------------------------------------------
2013/12/12 11:13:57	重新初始化深圳通服务成功!	深圳通意外中断,系统自动重建深圳通服务	连接错误，深圳通服务未启动(-2)
------------------------------------------------------------------------------------------------------------------
2013/12/12 11:13:57	系统重启深圳通服务	因为：连接错误，深圳通服务未启动(-2)	
----------------------------------------------------------------------------
2013/12/12 11:14:07	重新初始化深圳通服务成功!	深圳通意外中断,系统自动重建深圳通服务	连接错误，深圳通服务未启动(-2)
------------------------------------------------------------------------------------------------------------------
2013/12/12 11:14:07	系统重启深圳通服务	因为：连接错误，深圳通服务未启动(-2)	
----------------------------------------------------------------------------
2013/12/12 11:14:17	重新初始化深圳通服务成功!	深圳通意外中断,系统自动重建深圳通服务	连接错误，深圳通服务未启动(-2)
------------------------------------------------------------------------------------------------------------------
2013/12/12 11:14:18	系统重启深圳通服务	因为：连接错误，深圳通服务未启动(-2)	
----------------------------------------------------------------------------
2013/12/12 11:14:28	重新初始化深圳通服务成功!	深圳通意外中断,系统自动重建深圳通服务	连接错误，深圳通服务未启动(-2)
------------------------------------------------------------------------------------------------------------------
2013/12/12 11:14:28	系统重启深圳通服务	因为：连接错误，深圳通服务未启动(-2)	
----------------------------------------------------------------------------
2013/12/12 11:14:38	重新初始化深圳通服务成功!	深圳通意外中断,系统自动重建深圳通服务	连接错误，深圳通服务未启动(-2)
------------------------------------------------------------------------------------------------------------------
2013/12/12 11:14:38	系统重启深圳通服务	因为：连接错误，深圳通服务未启动(-2)	
----------------------------------------------------------------------------
2013/12/12 11:14:48	重新初始化深圳通服务成功!	深圳通意外中断,系统自动重建深圳通服务	连接错误，深圳通服务未启动(-2)
------------------------------------------------------------------------------------------------------------------
2013/12/12 11:14:48	系统重启深圳通服务	因为：连接错误，深圳通服务未启动(-2)	
----------------------------------------------------------------------------
2013/12/12 11:14:58	重新初始化深圳通服务成功!	深圳通意外中断,系统自动重建深圳通服务	连接错误，深圳通服务未启动(-2)
------------------------------------------------------------------------------------------------------------------
2013/12/12 11:14:58	系统重启深圳通服务	因为：连接错误，深圳通服务未启动(-2)	
----------------------------------------------------------------------------
2013/12/12 11:15:08	重新初始化深圳通服务成功!	深圳通意外中断,系统自动重建深圳通服务	连接错误，深圳通服务未启动(-2)
------------------------------------------------------------------------------------------------------------------
2013/12/12 11:15:08	系统重启深圳通服务	因为：连接错误，深圳通服务未启动(-2)	
----------------------------------------------------------------------------
2013/12/12 11:15:18	重新初始化深圳通服务成功!	深圳通意外中断,系统自动重建深圳通服务	连接错误，深圳通服务未启动(-2)
------------------------------------------------------------------------------------------------------------------
2013/12/12 11:15:18	系统重启深圳通服务	因为：连接错误，深圳通服务未启动(-2)	
----------------------------------------------------------------------------
2013/12/12 11:15:28	重新初始化深圳通服务成功!	深圳通意外中断,系统自动重建深圳通服务	连接错误，深圳通服务未启动(-2)
------------------------------------------------------------------------------------------------------------------
2013/12/12 11:15:28	系统重启深圳通服务	因为：连接错误，深圳通服务未启动(-2)	
----------------------------------------------------------------------------
2013/12/12 11:15:38	重新初始化深圳通服务成功!	深圳通意外中断,系统自动重建深圳通服务	连接错误，深圳通服务未启动(-2)
------------------------------------------------------------------------------------------------------------------
2013/12/12 11:15:38	系统重启深圳通服务	因为：连接错误，深圳通服务未启动(-2)	
----------------------------------------------------------------------------
2013/12/12 11:15:48	重新初始化深圳通服务成功!	深圳通意外中断,系统自动重建深圳通服务	连接错误，深圳通服务未启动(-2)
------------------------------------------------------------------------------------------------------------------
2013/12/12 11:15:48	系统重启深圳通服务	因为：连接错误，深圳通服务未启动(-2)	
----------------------------------------------------------------------------
2013/12/12 11:15:58	重新初始化深圳通服务成功!	深圳通意外中断,系统自动重建深圳通服务	连接错误，深圳通服务未启动(-2)
------------------------------------------------------------------------------------------------------------------
2013/12/12 11:15:58	系统重启深圳通服务	因为：连接错误，深圳通服务未启动(-2)	
----------------------------------------------------------------------------
2013/12/12 11:16:08	重新初始化深圳通服务成功!	深圳通意外中断,系统自动重建深圳通服务	连接错误，深圳通服务未启动(-2)
------------------------------------------------------------------------------------------------------------------
2013/12/12 11:16:08	系统重启深圳通服务	因为：连接错误，深圳通服务未启动(-2)	
----------------------------------------------------------------------------
2013/12/12 11:16:18	重新初始化深圳通服务成功!	深圳通意外中断,系统自动重建深圳通服务	连接错误，深圳通服务未启动(-2)
------------------------------------------------------------------------------------------------------------------
2013/12/12 11:16:18	系统重启深圳通服务	因为：连接错误，深圳通服务未启动(-2)	
----------------------------------------------------------------------------
2013/12/12 11:16:28	重新初始化深圳通服务成功!	深圳通意外中断,系统自动重建深圳通服务	连接错误，深圳通服务未启动(-2)
------------------------------------------------------------------------------------------------------------------
2013/12/12 11:16:28	系统重启深圳通服务	因为：连接错误，深圳通服务未启动(-2)	
----------------------------------------------------------------------------
2013/12/12 11:16:38	重新初始化深圳通服务成功!	深圳通意外中断,系统自动重建深圳通服务	连接错误，深圳通服务未启动(-2)
------------------------------------------------------------------------------------------------------------------
2013/12/12 11:16:38	系统重启深圳通服务	因为：连接错误，深圳通服务未启动(-2)	
----------------------------------------------------------------------------
2013/12/12 15:19:09	启动服务	深圳通代理服务 已启动成功!	
--------------------------------------------------------
2013/12/12 15:19:26	ABCHINA04	远程代理成功连接到目标服务器	
-----------------------------------------------------------
2013/12/12 15:27:50	关闭连接	强行关闭连接	app1
----------------------------------------------
2013/12/12 15:28:32	ABCHINA04	远程代理成功连接到目标服务器	
-----------------------------------------------------------
2013/12/12 15:30:22	客户关闭连接	Sock_2被关闭	ABCHINA04
-------------------------------------------------------
2013/12/12 15:30:22	关闭连接	强行关闭连接	app1
----------------------------------------------
2013/12/12 15:39:28	ABCHINA04	远程代理成功连接到目标服务器	
-----------------------------------------------------------
2013/12/12 15:46:27	关闭连接	强行关闭连接	app1
----------------------------------------------
