2013/12/25 14:50:09	启动服务	深圳通代理服务 已启动成功!	
--------------------------------------------------------
2013/12/25 15:12:04	ABCHINA04	远程代理成功连接到目标服务器	
-----------------------------------------------------------
2013/12/25 15:12:13	关闭连接	强行关闭连接	app1
----------------------------------------------
2013/12/25 15:14:27	客户关闭连接	Sock_2被关闭	ABCHINA04
-------------------------------------------------------
2013/12/25 15:14:27	关闭连接	强行关闭连接	app1
----------------------------------------------
2013/12/25 15:15:07	关闭连接	强行关闭连接	app1
----------------------------------------------
2013/12/25 15:15:21	关闭连接	强行关闭连接	app1
----------------------------------------------
2013/12/25 15:15:21	系统重启深圳通服务	因为：接收数据时,参数错误!(-1)	
----------------------------------------------------------------------
2013/12/25 15:15:22	重新初始化深圳通服务成功!	深圳通意外中断,系统自动重建深圳通服务	接收数据时,参数错误!(-1)
------------------------------------------------------------------------------------------------------------
2013/12/25 15:15:57	启动服务	深圳通代理服务 已启动成功!	
--------------------------------------------------------
2013/12/25 15:16:19	客户关闭连接	Sock_3被关闭	ABCHINA04
-------------------------------------------------------
2013/12/25 15:16:19	关闭连接	强行关闭连接	app1
----------------------------------------------
2013/12/25 15:16:57	客户关闭连接	Sock_3被关闭	ABCHINA04
-------------------------------------------------------
2013/12/25 15:16:57	关闭连接	强行关闭连接	app1
----------------------------------------------
2013/12/25 15:18:26	客户关闭连接	Sock_3被关闭	ABCHINA04
-------------------------------------------------------
2013/12/25 15:18:26	关闭连接	强行关闭连接	app1
----------------------------------------------
2013/12/25 15:18:37	客户关闭连接	Sock_4被关闭	ABCHINA04
-------------------------------------------------------
2013/12/25 15:18:37	关闭连接	强行关闭连接	app1
----------------------------------------------
2013/12/25 15:19:03	启动服务	深圳通代理服务 已启动成功!	
--------------------------------------------------------
2013/12/25 15:19:26	ABCHINA04	远程代理成功连接到目标服务器	
-----------------------------------------------------------
2013/12/25 15:47:34	关闭连接	强行关闭连接	app1
----------------------------------------------
2013/12/25 16:08:37	启动服务	深圳通代理服务 已启动成功!	
--------------------------------------------------------
2013/12/25 16:08:56	ABCHINA04	远程代理成功连接到目标服务器	
-----------------------------------------------------------
2013/12/25 16:10:24	关闭连接	强行关闭连接	app1
----------------------------------------------
2013/12/25 16:12:41	ABCHINA04	远程代理成功连接到目标服务器	
-----------------------------------------------------------
2013/12/25 16:13:33	关闭连接	强行关闭连接	app1
----------------------------------------------
2013/12/25 16:16:09	ABCHINA04	远程代理成功连接到目标服务器	
-----------------------------------------------------------
2013/12/25 16:43:18	关闭连接	强行关闭连接	app1
----------------------------------------------
