2013/12/13 14:55:18	启动服务	深圳通代理服务 已启动成功!	
--------------------------------------------------------
2013/12/13 14:56:08	客户关闭连接	Sock_2被关闭	ABCHINA04
-------------------------------------------------------
2013/12/13 14:56:08	关闭连接	强行关闭连接	app1
----------------------------------------------
2013/12/13 14:56:38	客户关闭连接	Sock_2被关闭	ABCHINA04
-------------------------------------------------------
2013/12/13 14:56:38	关闭连接	强行关闭连接	app1
----------------------------------------------
2013/12/13 14:57:23	关闭连接	强行关闭连接	app1
----------------------------------------------
2013/12/13 14:57:23	关闭连接	强行关闭连接	app1
----------------------------------------------
2013/12/13 14:57:23	关闭连接	强行关闭连接	app1
----------------------------------------------
2013/12/13 14:57:23	系统重启深圳通服务	因为：接收数据时,参数错误!(-1)	
----------------------------------------------------------------------
2013/12/13 14:57:24	重新初始化深圳通服务成功!	深圳通意外中断,系统自动重建深圳通服务	接收数据时,参数错误!(-1)
------------------------------------------------------------------------------------------------------------
