2014/3/7 17:04:59	启动服务	深圳通代理服务 已启动成功!	
------------------------------------------------------
2014/3/7 17:15:31	关闭连接	强行关闭连接	app1
--------------------------------------------
2014/3/7 17:15:31	关闭连接	强行关闭连接	app1
--------------------------------------------
2014/3/7 17:15:31	关闭连接	强行关闭连接	app1
--------------------------------------------
2014/3/7 17:15:31	关闭连接	强行关闭连接	app1
--------------------------------------------
2014/3/7 17:15:31	关闭连接	强行关闭连接	app1
--------------------------------------------
2014/3/7 17:15:31	系统重启深圳通服务	因为：接收数据时,参数错误!(-1)	
--------------------------------------------------------------------
2014/3/7 17:15:32	重新初始化深圳通服务成功!	深圳通意外中断,系统自动重建深圳通服务	接收数据时,参数错误!(-1)
----------------------------------------------------------------------------------------------------------
2014/3/7 17:15:59	启动服务	深圳通代理服务 已启动成功!	
------------------------------------------------------
2014/3/7 17:16:39	客户关闭连接	Sock_2被关闭	ABCHINA04
-----------------------------------------------------
2014/3/7 17:16:39	关闭连接	强行关闭连接	app1
--------------------------------------------
2014/3/7 17:16:57	客户关闭连接	Sock_2被关闭	ABCHINA04
-----------------------------------------------------
2014/3/7 17:16:57	关闭连接	强行关闭连接	app1
--------------------------------------------
2014/3/7 17:24:52	关闭连接	强行关闭连接	app1
--------------------------------------------
2014/3/7 17:24:52	关闭连接	强行关闭连接	app1
--------------------------------------------
2014/3/7 17:24:52	关闭连接	强行关闭连接	app1
--------------------------------------------
2014/3/7 17:24:52	系统重启深圳通服务	因为：接收数据时,参数错误!(-1)	
--------------------------------------------------------------------
2014/3/7 17:24:52	重新初始化深圳通服务成功!	深圳通意外中断,系统自动重建深圳通服务	接收数据时,参数错误!(-1)
----------------------------------------------------------------------------------------------------------
2014/3/7 17:25:27	启动服务	深圳通代理服务 已启动成功!	
------------------------------------------------------
2014/3/7 17:25:45	ABCHINA05	代理连接到目标服务器	10.228.225.56:9015
-------------------------------------------------------------------
2014/3/7 17:25:45	专用/独立代理	已经连接道最终目标服务器！	ABCHINA05	Sock_Connect
---------------------------------------------------------------------------------
2014/3/7 17:25:46	ABCHINA05	深圳通连接到目标	
---------------------------------------------
2014/3/7 17:25:46	ABCHINA05	远程代理成功连接到目标服务器	
---------------------------------------------------------
2014/3/7 17:26:39	关闭连接	强行关闭连接	app1
--------------------------------------------
2014/3/7 17:26:39	关闭连接	强行关闭连接	app1
--------------------------------------------
2014/3/7 17:27:40	启动服务	深圳通代理服务 已启动成功!	
------------------------------------------------------
2014/3/7 17:33:50	系统重启深圳通服务	因为：连接错误，深圳通服务未启动(-2)	
--------------------------------------------------------------------------
2014/3/7 17:34:00	重新初始化深圳通服务成功!	深圳通意外中断,系统自动重建深圳通服务	连接错误，深圳通服务未启动(-2)
----------------------------------------------------------------------------------------------------------------
2014/3/7 17:34:00	系统重启深圳通服务	因为：连接错误，深圳通服务未启动(-2)	
--------------------------------------------------------------------------
2014/3/7 17:34:11	重新初始化深圳通服务成功!	深圳通意外中断,系统自动重建深圳通服务	连接错误，深圳通服务未启动(-2)
----------------------------------------------------------------------------------------------------------------
2014/3/7 17:41:03	启动服务	深圳通代理服务 已启动成功!	
------------------------------------------------------
