2014/3/3 15:57:17	启动服务	深圳通代理服务 已启动成功!	
------------------------------------------------------
2014/3/3 15:57:46	ABCHINA04	远程代理成功连接到目标服务器	
---------------------------------------------------------
2014/3/3 15:59:31	关闭连接	强行关闭连接	app1
--------------------------------------------
2014/3/3 16:00:43	ABCHINA04	远程代理成功连接到目标服务器	
---------------------------------------------------------
2014/3/3 16:01:02	关闭连接	强行关闭连接	app1
--------------------------------------------
2014/3/3 16:01:30	ABCHINA04	远程代理成功连接到目标服务器	
---------------------------------------------------------
2014/3/3 16:01:53	关闭连接	强行关闭连接	app1
--------------------------------------------
2014/3/3 16:03:39	ABCHINA04	远程代理成功连接到目标服务器	
---------------------------------------------------------
2014/3/3 16:05:24	关闭连接	强行关闭连接	app1
--------------------------------------------
2014/3/3 16:07:35	ABCHINA04	远程代理成功连接到目标服务器	
---------------------------------------------------------
2014/3/3 16:07:36	关闭连接	强行关闭连接	app1
--------------------------------------------
2014/3/3 16:08:12	ABCHINA04	远程代理成功连接到目标服务器	
---------------------------------------------------------
2014/3/3 16:08:38	关闭连接	强行关闭连接	app1
--------------------------------------------
2014/3/3 16:16:06	ABCHINA04	远程代理成功连接到目标服务器	
---------------------------------------------------------
2014/3/3 16:16:26	关闭连接	强行关闭连接	app1
--------------------------------------------
2014/3/3 16:18:46	ABCHINA04	远程代理成功连接到目标服务器	
---------------------------------------------------------
2014/3/3 16:19:02	关闭连接	强行关闭连接	app1
--------------------------------------------
2014/3/3 16:19:45	ABCHINA04	远程代理成功连接到目标服务器	
---------------------------------------------------------
2014/3/3 16:21:42	关闭连接	强行关闭连接	app1
--------------------------------------------
2014/3/3 16:24:56	ABCHINA04	远程代理成功连接到目标服务器	
---------------------------------------------------------
2014/3/3 16:25:34	关闭连接	强行关闭连接	app1
--------------------------------------------
2014/3/3 16:26:14	ABCHINA04	远程代理成功连接到目标服务器	
---------------------------------------------------------
2014/3/3 16:27:18	关闭连接	强行关闭连接	app1
--------------------------------------------
