2014/2/12 9:22:40	启动服务	深圳通代理服务 已启动成功!	
------------------------------------------------------
2014/2/12 9:22:41	系统重启深圳通服务	因为：连接错误，深圳通服务未启动(-2)	
--------------------------------------------------------------------------
2014/2/12 9:22:51	重新初始化深圳通服务成功!	深圳通意外中断,系统自动重建深圳通服务	连接错误，深圳通服务未启动(-2)
----------------------------------------------------------------------------------------------------------------
2014/2/12 9:22:51	系统重启深圳通服务	因为：连接错误，深圳通服务未启动(-2)	
--------------------------------------------------------------------------
2014/2/12 9:23:01	重新初始化深圳通服务成功!	深圳通意外中断,系统自动重建深圳通服务	连接错误，深圳通服务未启动(-2)
----------------------------------------------------------------------------------------------------------------
2014/2/12 9:23:01	系统重启深圳通服务	因为：连接错误，深圳通服务未启动(-2)	
--------------------------------------------------------------------------
2014/2/12 9:23:11	重新初始化深圳通服务成功!	深圳通意外中断,系统自动重建深圳通服务	连接错误，深圳通服务未启动(-2)
----------------------------------------------------------------------------------------------------------------
2014/2/12 9:23:11	系统重启深圳通服务	因为：连接错误，深圳通服务未启动(-2)	
--------------------------------------------------------------------------
2014/2/12 9:23:21	重新初始化深圳通服务成功!	深圳通意外中断,系统自动重建深圳通服务	连接错误，深圳通服务未启动(-2)
----------------------------------------------------------------------------------------------------------------
2014/2/12 9:23:21	系统重启深圳通服务	因为：连接错误，深圳通服务未启动(-2)	
--------------------------------------------------------------------------
2014/2/12 9:23:31	重新初始化深圳通服务成功!	深圳通意外中断,系统自动重建深圳通服务	连接错误，深圳通服务未启动(-2)
----------------------------------------------------------------------------------------------------------------
2014/2/12 9:23:31	系统重启深圳通服务	因为：连接错误，深圳通服务未启动(-2)	
--------------------------------------------------------------------------
2014/2/12 9:23:41	重新初始化深圳通服务成功!	深圳通意外中断,系统自动重建深圳通服务	连接错误，深圳通服务未启动(-2)
----------------------------------------------------------------------------------------------------------------
2014/2/12 9:23:41	系统重启深圳通服务	因为：连接错误，深圳通服务未启动(-2)	
--------------------------------------------------------------------------
2014/2/12 9:23:51	重新初始化深圳通服务成功!	深圳通意外中断,系统自动重建深圳通服务	连接错误，深圳通服务未启动(-2)
----------------------------------------------------------------------------------------------------------------
2014/2/12 9:23:51	系统重启深圳通服务	因为：连接错误，深圳通服务未启动(-2)	
--------------------------------------------------------------------------
2014/2/12 9:24:02	重新初始化深圳通服务成功!	深圳通意外中断,系统自动重建深圳通服务	连接错误，深圳通服务未启动(-2)
----------------------------------------------------------------------------------------------------------------
2014/2/12 9:24:02	系统重启深圳通服务	因为：连接错误，深圳通服务未启动(-2)	
--------------------------------------------------------------------------
2014/2/12 9:24:12	重新初始化深圳通服务成功!	深圳通意外中断,系统自动重建深圳通服务	连接错误，深圳通服务未启动(-2)
----------------------------------------------------------------------------------------------------------------
2014/2/12 9:24:12	系统重启深圳通服务	因为：连接错误，深圳通服务未启动(-2)	
--------------------------------------------------------------------------
2014/2/12 9:24:22	重新初始化深圳通服务成功!	深圳通意外中断,系统自动重建深圳通服务	连接错误，深圳通服务未启动(-2)
----------------------------------------------------------------------------------------------------------------
2014/2/12 9:24:22	系统重启深圳通服务	因为：连接错误，深圳通服务未启动(-2)	
--------------------------------------------------------------------------
2014/2/12 9:24:32	重新初始化深圳通服务成功!	深圳通意外中断,系统自动重建深圳通服务	连接错误，深圳通服务未启动(-2)
----------------------------------------------------------------------------------------------------------------
2014/2/12 9:24:32	系统重启深圳通服务	因为：连接错误，深圳通服务未启动(-2)	
--------------------------------------------------------------------------
2014/2/12 9:24:42	重新初始化深圳通服务成功!	深圳通意外中断,系统自动重建深圳通服务	连接错误，深圳通服务未启动(-2)
----------------------------------------------------------------------------------------------------------------
2014/2/12 9:24:42	系统重启深圳通服务	因为：连接错误，深圳通服务未启动(-2)	
--------------------------------------------------------------------------
2014/2/12 9:24:52	重新初始化深圳通服务成功!	深圳通意外中断,系统自动重建深圳通服务	连接错误，深圳通服务未启动(-2)
----------------------------------------------------------------------------------------------------------------
2014/2/12 9:24:52	系统重启深圳通服务	因为：连接错误，深圳通服务未启动(-2)	
--------------------------------------------------------------------------
2014/2/12 9:25:02	重新初始化深圳通服务成功!	深圳通意外中断,系统自动重建深圳通服务	连接错误，深圳通服务未启动(-2)
----------------------------------------------------------------------------------------------------------------
2014/2/12 9:25:02	系统重启深圳通服务	因为：连接错误，深圳通服务未启动(-2)	
--------------------------------------------------------------------------
2014/2/12 9:25:12	重新初始化深圳通服务成功!	深圳通意外中断,系统自动重建深圳通服务	连接错误，深圳通服务未启动(-2)
----------------------------------------------------------------------------------------------------------------
2014/2/12 9:25:13	系统重启深圳通服务	因为：连接错误，深圳通服务未启动(-2)	
--------------------------------------------------------------------------
2014/2/12 9:25:23	重新初始化深圳通服务成功!	深圳通意外中断,系统自动重建深圳通服务	连接错误，深圳通服务未启动(-2)
----------------------------------------------------------------------------------------------------------------
2014/2/12 9:25:23	系统重启深圳通服务	因为：连接错误，深圳通服务未启动(-2)	
--------------------------------------------------------------------------
2014/2/12 9:25:33	重新初始化深圳通服务成功!	深圳通意外中断,系统自动重建深圳通服务	连接错误，深圳通服务未启动(-2)
----------------------------------------------------------------------------------------------------------------
2014/2/12 9:25:33	系统重启深圳通服务	因为：连接错误，深圳通服务未启动(-2)	
--------------------------------------------------------------------------
2014/2/12 9:25:43	重新初始化深圳通服务成功!	深圳通意外中断,系统自动重建深圳通服务	连接错误，深圳通服务未启动(-2)
----------------------------------------------------------------------------------------------------------------
2014/2/12 9:25:43	系统重启深圳通服务	因为：连接错误，深圳通服务未启动(-2)	
--------------------------------------------------------------------------
2014/2/12 9:25:53	重新初始化深圳通服务成功!	深圳通意外中断,系统自动重建深圳通服务	连接错误，深圳通服务未启动(-2)
----------------------------------------------------------------------------------------------------------------
2014/2/12 9:25:53	系统重启深圳通服务	因为：连接错误，深圳通服务未启动(-2)	
--------------------------------------------------------------------------
2014/2/12 9:26:03	重新初始化深圳通服务成功!	深圳通意外中断,系统自动重建深圳通服务	连接错误，深圳通服务未启动(-2)
----------------------------------------------------------------------------------------------------------------
2014/2/12 9:26:03	系统重启深圳通服务	因为：连接错误，深圳通服务未启动(-2)	
--------------------------------------------------------------------------
2014/2/12 9:26:13	重新初始化深圳通服务成功!	深圳通意外中断,系统自动重建深圳通服务	连接错误，深圳通服务未启动(-2)
----------------------------------------------------------------------------------------------------------------
2014/2/12 9:26:13	系统重启深圳通服务	因为：连接错误，深圳通服务未启动(-2)	
--------------------------------------------------------------------------
2014/2/12 9:26:23	重新初始化深圳通服务成功!	深圳通意外中断,系统自动重建深圳通服务	连接错误，深圳通服务未启动(-2)
----------------------------------------------------------------------------------------------------------------
2014/2/12 9:26:23	系统重启深圳通服务	因为：连接错误，深圳通服务未启动(-2)	
--------------------------------------------------------------------------
2014/2/12 9:26:33	重新初始化深圳通服务成功!	深圳通意外中断,系统自动重建深圳通服务	连接错误，深圳通服务未启动(-2)
----------------------------------------------------------------------------------------------------------------
2014/2/12 9:26:34	系统重启深圳通服务	因为：连接错误，深圳通服务未启动(-2)	
--------------------------------------------------------------------------
2014/2/12 9:26:44	重新初始化深圳通服务成功!	深圳通意外中断,系统自动重建深圳通服务	连接错误，深圳通服务未启动(-2)
----------------------------------------------------------------------------------------------------------------
2014/2/12 9:26:44	系统重启深圳通服务	因为：连接错误，深圳通服务未启动(-2)	
--------------------------------------------------------------------------
2014/2/12 9:26:54	重新初始化深圳通服务成功!	深圳通意外中断,系统自动重建深圳通服务	连接错误，深圳通服务未启动(-2)
----------------------------------------------------------------------------------------------------------------
2014/2/12 9:26:54	系统重启深圳通服务	因为：连接错误，深圳通服务未启动(-2)	
--------------------------------------------------------------------------
2014/2/12 9:27:04	重新初始化深圳通服务成功!	深圳通意外中断,系统自动重建深圳通服务	连接错误，深圳通服务未启动(-2)
----------------------------------------------------------------------------------------------------------------
2014/2/12 9:27:04	系统重启深圳通服务	因为：连接错误，深圳通服务未启动(-2)	
--------------------------------------------------------------------------
2014/2/12 9:27:14	重新初始化深圳通服务成功!	深圳通意外中断,系统自动重建深圳通服务	连接错误，深圳通服务未启动(-2)
----------------------------------------------------------------------------------------------------------------
2014/2/12 9:27:14	系统重启深圳通服务	因为：连接错误，深圳通服务未启动(-2)	
--------------------------------------------------------------------------
2014/2/12 9:27:24	重新初始化深圳通服务成功!	深圳通意外中断,系统自动重建深圳通服务	连接错误，深圳通服务未启动(-2)
----------------------------------------------------------------------------------------------------------------
2014/2/12 9:27:24	系统重启深圳通服务	因为：连接错误，深圳通服务未启动(-2)	
--------------------------------------------------------------------------
2014/2/12 9:27:34	重新初始化深圳通服务成功!	深圳通意外中断,系统自动重建深圳通服务	连接错误，深圳通服务未启动(-2)
----------------------------------------------------------------------------------------------------------------
2014/2/12 9:27:34	系统重启深圳通服务	因为：连接错误，深圳通服务未启动(-2)	
--------------------------------------------------------------------------
2014/2/12 9:27:44	重新初始化深圳通服务成功!	深圳通意外中断,系统自动重建深圳通服务	连接错误，深圳通服务未启动(-2)
----------------------------------------------------------------------------------------------------------------
2014/2/12 9:27:44	系统重启深圳通服务	因为：连接错误，深圳通服务未启动(-2)	
--------------------------------------------------------------------------
2014/2/12 9:27:55	重新初始化深圳通服务成功!	深圳通意外中断,系统自动重建深圳通服务	连接错误，深圳通服务未启动(-2)
----------------------------------------------------------------------------------------------------------------
2014/2/12 9:27:55	系统重启深圳通服务	因为：连接错误，深圳通服务未启动(-2)	
--------------------------------------------------------------------------
2014/2/12 9:28:05	重新初始化深圳通服务成功!	深圳通意外中断,系统自动重建深圳通服务	连接错误，深圳通服务未启动(-2)
----------------------------------------------------------------------------------------------------------------
2014/2/12 9:28:05	系统重启深圳通服务	因为：连接错误，深圳通服务未启动(-2)	
--------------------------------------------------------------------------
2014/2/12 9:28:15	重新初始化深圳通服务成功!	深圳通意外中断,系统自动重建深圳通服务	连接错误，深圳通服务未启动(-2)
----------------------------------------------------------------------------------------------------------------
2014/2/12 9:28:15	系统重启深圳通服务	因为：连接错误，深圳通服务未启动(-2)	
--------------------------------------------------------------------------
2014/2/12 9:28:25	重新初始化深圳通服务成功!	深圳通意外中断,系统自动重建深圳通服务	连接错误，深圳通服务未启动(-2)
----------------------------------------------------------------------------------------------------------------
2014/2/12 9:28:25	系统重启深圳通服务	因为：连接错误，深圳通服务未启动(-2)	
--------------------------------------------------------------------------
2014/2/12 9:28:35	重新初始化深圳通服务成功!	深圳通意外中断,系统自动重建深圳通服务	连接错误，深圳通服务未启动(-2)
----------------------------------------------------------------------------------------------------------------
2014/2/12 9:28:35	系统重启深圳通服务	因为：连接错误，深圳通服务未启动(-2)	
--------------------------------------------------------------------------
2014/2/12 9:28:45	重新初始化深圳通服务成功!	深圳通意外中断,系统自动重建深圳通服务	连接错误，深圳通服务未启动(-2)
----------------------------------------------------------------------------------------------------------------
2014/2/12 9:28:45	系统重启深圳通服务	因为：连接错误，深圳通服务未启动(-2)	
--------------------------------------------------------------------------
2014/2/12 9:28:55	重新初始化深圳通服务成功!	深圳通意外中断,系统自动重建深圳通服务	连接错误，深圳通服务未启动(-2)
----------------------------------------------------------------------------------------------------------------
2014/2/12 9:28:55	系统重启深圳通服务	因为：连接错误，深圳通服务未启动(-2)	
--------------------------------------------------------------------------
2014/2/12 9:29:06	重新初始化深圳通服务成功!	深圳通意外中断,系统自动重建深圳通服务	连接错误，深圳通服务未启动(-2)
----------------------------------------------------------------------------------------------------------------
2014/2/12 9:29:06	系统重启深圳通服务	因为：连接错误，深圳通服务未启动(-2)	
--------------------------------------------------------------------------
2014/2/12 9:29:16	重新初始化深圳通服务成功!	深圳通意外中断,系统自动重建深圳通服务	连接错误，深圳通服务未启动(-2)
----------------------------------------------------------------------------------------------------------------
2014/2/12 9:29:16	系统重启深圳通服务	因为：连接错误，深圳通服务未启动(-2)	
--------------------------------------------------------------------------
2014/2/12 9:29:26	重新初始化深圳通服务成功!	深圳通意外中断,系统自动重建深圳通服务	连接错误，深圳通服务未启动(-2)
----------------------------------------------------------------------------------------------------------------
2014/2/12 9:29:26	系统重启深圳通服务	因为：连接错误，深圳通服务未启动(-2)	
--------------------------------------------------------------------------
2014/2/12 9:29:36	重新初始化深圳通服务成功!	深圳通意外中断,系统自动重建深圳通服务	连接错误，深圳通服务未启动(-2)
----------------------------------------------------------------------------------------------------------------
2014/2/12 9:29:36	系统重启深圳通服务	因为：连接错误，深圳通服务未启动(-2)	
--------------------------------------------------------------------------
2014/2/12 9:29:46	重新初始化深圳通服务成功!	深圳通意外中断,系统自动重建深圳通服务	连接错误，深圳通服务未启动(-2)
----------------------------------------------------------------------------------------------------------------
2014/2/12 9:29:46	系统重启深圳通服务	因为：连接错误，深圳通服务未启动(-2)	
--------------------------------------------------------------------------
2014/2/12 9:29:56	重新初始化深圳通服务成功!	深圳通意外中断,系统自动重建深圳通服务	连接错误，深圳通服务未启动(-2)
----------------------------------------------------------------------------------------------------------------
2014/2/12 9:29:56	系统重启深圳通服务	因为：连接错误，深圳通服务未启动(-2)	
--------------------------------------------------------------------------
2014/2/12 9:30:06	重新初始化深圳通服务成功!	深圳通意外中断,系统自动重建深圳通服务	连接错误，深圳通服务未启动(-2)
----------------------------------------------------------------------------------------------------------------
2014/2/12 9:30:06	系统重启深圳通服务	因为：连接错误，深圳通服务未启动(-2)	
--------------------------------------------------------------------------
2014/2/12 9:30:16	重新初始化深圳通服务成功!	深圳通意外中断,系统自动重建深圳通服务	连接错误，深圳通服务未启动(-2)
----------------------------------------------------------------------------------------------------------------
2014/2/12 9:30:17	系统重启深圳通服务	因为：连接错误，深圳通服务未启动(-2)	
--------------------------------------------------------------------------
2014/2/12 9:30:27	重新初始化深圳通服务成功!	深圳通意外中断,系统自动重建深圳通服务	连接错误，深圳通服务未启动(-2)
----------------------------------------------------------------------------------------------------------------
2014/2/12 9:30:27	系统重启深圳通服务	因为：连接错误，深圳通服务未启动(-2)	
--------------------------------------------------------------------------
2014/2/12 9:30:37	重新初始化深圳通服务成功!	深圳通意外中断,系统自动重建深圳通服务	连接错误，深圳通服务未启动(-2)
----------------------------------------------------------------------------------------------------------------
2014/2/12 9:30:37	系统重启深圳通服务	因为：连接错误，深圳通服务未启动(-2)	
--------------------------------------------------------------------------
2014/2/12 9:30:47	重新初始化深圳通服务成功!	深圳通意外中断,系统自动重建深圳通服务	连接错误，深圳通服务未启动(-2)
----------------------------------------------------------------------------------------------------------------
2014/2/12 9:30:47	系统重启深圳通服务	因为：连接错误，深圳通服务未启动(-2)	
--------------------------------------------------------------------------
2014/2/12 9:30:57	重新初始化深圳通服务成功!	深圳通意外中断,系统自动重建深圳通服务	连接错误，深圳通服务未启动(-2)
----------------------------------------------------------------------------------------------------------------
2014/2/12 9:30:57	系统重启深圳通服务	因为：连接错误，深圳通服务未启动(-2)	
--------------------------------------------------------------------------
2014/2/12 9:31:07	重新初始化深圳通服务成功!	深圳通意外中断,系统自动重建深圳通服务	连接错误，深圳通服务未启动(-2)
----------------------------------------------------------------------------------------------------------------
2014/2/12 9:31:07	系统重启深圳通服务	因为：连接错误，深圳通服务未启动(-2)	
--------------------------------------------------------------------------
2014/2/12 9:31:17	重新初始化深圳通服务成功!	深圳通意外中断,系统自动重建深圳通服务	连接错误，深圳通服务未启动(-2)
----------------------------------------------------------------------------------------------------------------
2014/2/12 9:31:17	系统重启深圳通服务	因为：连接错误，深圳通服务未启动(-2)	
--------------------------------------------------------------------------
2014/2/12 9:31:27	重新初始化深圳通服务成功!	深圳通意外中断,系统自动重建深圳通服务	连接错误，深圳通服务未启动(-2)
----------------------------------------------------------------------------------------------------------------
2014/2/12 9:31:28	系统重启深圳通服务	因为：连接错误，深圳通服务未启动(-2)	
--------------------------------------------------------------------------
2014/2/12 9:31:38	重新初始化深圳通服务成功!	深圳通意外中断,系统自动重建深圳通服务	连接错误，深圳通服务未启动(-2)
----------------------------------------------------------------------------------------------------------------
2014/2/12 9:31:38	系统重启深圳通服务	因为：连接错误，深圳通服务未启动(-2)	
--------------------------------------------------------------------------
2014/2/12 9:31:48	重新初始化深圳通服务成功!	深圳通意外中断,系统自动重建深圳通服务	连接错误，深圳通服务未启动(-2)
----------------------------------------------------------------------------------------------------------------
2014/2/12 9:31:48	系统重启深圳通服务	因为：连接错误，深圳通服务未启动(-2)	
--------------------------------------------------------------------------
2014/2/12 9:31:58	重新初始化深圳通服务成功!	深圳通意外中断,系统自动重建深圳通服务	连接错误，深圳通服务未启动(-2)
----------------------------------------------------------------------------------------------------------------
2014/2/12 9:31:58	系统重启深圳通服务	因为：连接错误，深圳通服务未启动(-2)	
--------------------------------------------------------------------------
2014/2/12 9:32:08	重新初始化深圳通服务成功!	深圳通意外中断,系统自动重建深圳通服务	连接错误，深圳通服务未启动(-2)
----------------------------------------------------------------------------------------------------------------
2014/2/12 9:32:08	系统重启深圳通服务	因为：连接错误，深圳通服务未启动(-2)	
--------------------------------------------------------------------------
2014/2/12 9:32:18	重新初始化深圳通服务成功!	深圳通意外中断,系统自动重建深圳通服务	连接错误，深圳通服务未启动(-2)
----------------------------------------------------------------------------------------------------------------
2014/2/12 9:32:18	系统重启深圳通服务	因为：连接错误，深圳通服务未启动(-2)	
--------------------------------------------------------------------------
2014/2/12 9:32:28	重新初始化深圳通服务成功!	深圳通意外中断,系统自动重建深圳通服务	连接错误，深圳通服务未启动(-2)
----------------------------------------------------------------------------------------------------------------
2014/2/12 9:32:28	系统重启深圳通服务	因为：连接错误，深圳通服务未启动(-2)	
--------------------------------------------------------------------------
2014/2/12 9:32:38	重新初始化深圳通服务成功!	深圳通意外中断,系统自动重建深圳通服务	连接错误，深圳通服务未启动(-2)
----------------------------------------------------------------------------------------------------------------
2014/2/12 9:32:38	系统重启深圳通服务	因为：连接错误，深圳通服务未启动(-2)	
--------------------------------------------------------------------------
2014/2/12 9:32:49	重新初始化深圳通服务成功!	深圳通意外中断,系统自动重建深圳通服务	连接错误，深圳通服务未启动(-2)
----------------------------------------------------------------------------------------------------------------
2014/2/12 9:32:49	系统重启深圳通服务	因为：连接错误，深圳通服务未启动(-2)	
--------------------------------------------------------------------------
2014/2/12 9:32:59	重新初始化深圳通服务成功!	深圳通意外中断,系统自动重建深圳通服务	连接错误，深圳通服务未启动(-2)
----------------------------------------------------------------------------------------------------------------
2014/2/12 9:32:59	系统重启深圳通服务	因为：连接错误，深圳通服务未启动(-2)	
--------------------------------------------------------------------------
2014/2/12 9:33:09	重新初始化深圳通服务成功!	深圳通意外中断,系统自动重建深圳通服务	连接错误，深圳通服务未启动(-2)
----------------------------------------------------------------------------------------------------------------
2014/2/12 9:33:09	系统重启深圳通服务	因为：连接错误，深圳通服务未启动(-2)	
--------------------------------------------------------------------------
2014/2/12 9:33:19	重新初始化深圳通服务成功!	深圳通意外中断,系统自动重建深圳通服务	连接错误，深圳通服务未启动(-2)
----------------------------------------------------------------------------------------------------------------
2014/2/12 9:33:19	系统重启深圳通服务	因为：连接错误，深圳通服务未启动(-2)	
--------------------------------------------------------------------------
2014/2/12 9:33:29	重新初始化深圳通服务成功!	深圳通意外中断,系统自动重建深圳通服务	连接错误，深圳通服务未启动(-2)
----------------------------------------------------------------------------------------------------------------
2014/2/12 9:33:29	系统重启深圳通服务	因为：连接错误，深圳通服务未启动(-2)	
--------------------------------------------------------------------------
2014/2/12 9:33:39	重新初始化深圳通服务成功!	深圳通意外中断,系统自动重建深圳通服务	连接错误，深圳通服务未启动(-2)
----------------------------------------------------------------------------------------------------------------
2014/2/12 9:33:39	系统重启深圳通服务	因为：连接错误，深圳通服务未启动(-2)	
--------------------------------------------------------------------------
2014/2/12 9:33:49	重新初始化深圳通服务成功!	深圳通意外中断,系统自动重建深圳通服务	连接错误，深圳通服务未启动(-2)
----------------------------------------------------------------------------------------------------------------
2014/2/12 9:33:49	系统重启深圳通服务	因为：连接错误，深圳通服务未启动(-2)	
--------------------------------------------------------------------------
2014/2/12 9:34:00	重新初始化深圳通服务成功!	深圳通意外中断,系统自动重建深圳通服务	连接错误，深圳通服务未启动(-2)
----------------------------------------------------------------------------------------------------------------
2014/2/12 9:34:00	系统重启深圳通服务	因为：连接错误，深圳通服务未启动(-2)	
--------------------------------------------------------------------------
2014/2/12 9:34:10	重新初始化深圳通服务成功!	深圳通意外中断,系统自动重建深圳通服务	连接错误，深圳通服务未启动(-2)
----------------------------------------------------------------------------------------------------------------
2014/2/12 9:34:10	系统重启深圳通服务	因为：连接错误，深圳通服务未启动(-2)	
--------------------------------------------------------------------------
2014/2/12 9:34:20	重新初始化深圳通服务成功!	深圳通意外中断,系统自动重建深圳通服务	连接错误，深圳通服务未启动(-2)
----------------------------------------------------------------------------------------------------------------
2014/2/12 9:34:20	系统重启深圳通服务	因为：连接错误，深圳通服务未启动(-2)	
--------------------------------------------------------------------------
2014/2/12 9:34:30	重新初始化深圳通服务成功!	深圳通意外中断,系统自动重建深圳通服务	连接错误，深圳通服务未启动(-2)
----------------------------------------------------------------------------------------------------------------
2014/2/12 9:34:30	系统重启深圳通服务	因为：连接错误，深圳通服务未启动(-2)	
--------------------------------------------------------------------------
2014/2/12 9:34:40	重新初始化深圳通服务成功!	深圳通意外中断,系统自动重建深圳通服务	连接错误，深圳通服务未启动(-2)
----------------------------------------------------------------------------------------------------------------
2014/2/12 9:34:40	系统重启深圳通服务	因为：连接错误，深圳通服务未启动(-2)	
--------------------------------------------------------------------------
2014/2/12 9:34:50	重新初始化深圳通服务成功!	深圳通意外中断,系统自动重建深圳通服务	连接错误，深圳通服务未启动(-2)
----------------------------------------------------------------------------------------------------------------
2014/2/12 9:34:50	系统重启深圳通服务	因为：连接错误，深圳通服务未启动(-2)	
--------------------------------------------------------------------------
2014/2/12 9:35:00	重新初始化深圳通服务成功!	深圳通意外中断,系统自动重建深圳通服务	连接错误，深圳通服务未启动(-2)
----------------------------------------------------------------------------------------------------------------
2014/2/12 9:35:00	系统重启深圳通服务	因为：连接错误，深圳通服务未启动(-2)	
--------------------------------------------------------------------------
2014/2/12 9:35:10	重新初始化深圳通服务成功!	深圳通意外中断,系统自动重建深圳通服务	连接错误，深圳通服务未启动(-2)
----------------------------------------------------------------------------------------------------------------
2014/2/12 9:35:10	系统重启深圳通服务	因为：连接错误，深圳通服务未启动(-2)	
--------------------------------------------------------------------------
2014/2/12 9:35:21	重新初始化深圳通服务成功!	深圳通意外中断,系统自动重建深圳通服务	连接错误，深圳通服务未启动(-2)
----------------------------------------------------------------------------------------------------------------
2014/2/12 9:35:21	系统重启深圳通服务	因为：连接错误，深圳通服务未启动(-2)	
--------------------------------------------------------------------------
2014/2/12 9:35:31	重新初始化深圳通服务成功!	深圳通意外中断,系统自动重建深圳通服务	连接错误，深圳通服务未启动(-2)
----------------------------------------------------------------------------------------------------------------
2014/2/12 9:35:31	系统重启深圳通服务	因为：连接错误，深圳通服务未启动(-2)	
--------------------------------------------------------------------------
2014/2/12 9:35:41	重新初始化深圳通服务成功!	深圳通意外中断,系统自动重建深圳通服务	连接错误，深圳通服务未启动(-2)
----------------------------------------------------------------------------------------------------------------
2014/2/12 9:35:41	系统重启深圳通服务	因为：连接错误，深圳通服务未启动(-2)	
--------------------------------------------------------------------------
2014/2/12 9:35:51	重新初始化深圳通服务成功!	深圳通意外中断,系统自动重建深圳通服务	连接错误，深圳通服务未启动(-2)
----------------------------------------------------------------------------------------------------------------
2014/2/12 9:35:51	系统重启深圳通服务	因为：连接错误，深圳通服务未启动(-2)	
--------------------------------------------------------------------------
2014/2/12 9:36:01	重新初始化深圳通服务成功!	深圳通意外中断,系统自动重建深圳通服务	连接错误，深圳通服务未启动(-2)
----------------------------------------------------------------------------------------------------------------
2014/2/12 9:36:01	系统重启深圳通服务	因为：连接错误，深圳通服务未启动(-2)	
--------------------------------------------------------------------------
2014/2/12 9:36:11	重新初始化深圳通服务成功!	深圳通意外中断,系统自动重建深圳通服务	连接错误，深圳通服务未启动(-2)
----------------------------------------------------------------------------------------------------------------
2014/2/12 9:36:11	系统重启深圳通服务	因为：连接错误，深圳通服务未启动(-2)	
--------------------------------------------------------------------------
2014/2/12 9:36:21	重新初始化深圳通服务成功!	深圳通意外中断,系统自动重建深圳通服务	连接错误，深圳通服务未启动(-2)
----------------------------------------------------------------------------------------------------------------
2014/2/12 9:36:21	系统重启深圳通服务	因为：连接错误，深圳通服务未启动(-2)	
--------------------------------------------------------------------------
2014/2/12 9:36:31	重新初始化深圳通服务成功!	深圳通意外中断,系统自动重建深圳通服务	连接错误，深圳通服务未启动(-2)
----------------------------------------------------------------------------------------------------------------
2014/2/12 9:36:31	系统重启深圳通服务	因为：连接错误，深圳通服务未启动(-2)	
--------------------------------------------------------------------------
2014/2/12 9:36:41	重新初始化深圳通服务成功!	深圳通意外中断,系统自动重建深圳通服务	连接错误，深圳通服务未启动(-2)
----------------------------------------------------------------------------------------------------------------
2014/2/12 9:36:42	系统重启深圳通服务	因为：连接错误，深圳通服务未启动(-2)	
--------------------------------------------------------------------------
2014/2/12 9:36:52	重新初始化深圳通服务成功!	深圳通意外中断,系统自动重建深圳通服务	连接错误，深圳通服务未启动(-2)
----------------------------------------------------------------------------------------------------------------
2014/2/12 9:36:52	系统重启深圳通服务	因为：连接错误，深圳通服务未启动(-2)	
--------------------------------------------------------------------------
2014/2/12 9:37:02	重新初始化深圳通服务成功!	深圳通意外中断,系统自动重建深圳通服务	连接错误，深圳通服务未启动(-2)
----------------------------------------------------------------------------------------------------------------
2014/2/12 9:37:02	系统重启深圳通服务	因为：连接错误，深圳通服务未启动(-2)	
--------------------------------------------------------------------------
2014/2/12 9:37:12	重新初始化深圳通服务成功!	深圳通意外中断,系统自动重建深圳通服务	连接错误，深圳通服务未启动(-2)
----------------------------------------------------------------------------------------------------------------
2014/2/12 9:37:12	系统重启深圳通服务	因为：连接错误，深圳通服务未启动(-2)	
--------------------------------------------------------------------------
2014/2/12 9:37:22	重新初始化深圳通服务成功!	深圳通意外中断,系统自动重建深圳通服务	连接错误，深圳通服务未启动(-2)
----------------------------------------------------------------------------------------------------------------
2014/2/12 9:37:22	系统重启深圳通服务	因为：连接错误，深圳通服务未启动(-2)	
--------------------------------------------------------------------------
2014/2/12 9:37:32	重新初始化深圳通服务成功!	深圳通意外中断,系统自动重建深圳通服务	连接错误，深圳通服务未启动(-2)
----------------------------------------------------------------------------------------------------------------
2014/2/12 9:37:32	系统重启深圳通服务	因为：连接错误，深圳通服务未启动(-2)	
--------------------------------------------------------------------------
2014/2/12 9:37:42	重新初始化深圳通服务成功!	深圳通意外中断,系统自动重建深圳通服务	连接错误，深圳通服务未启动(-2)
----------------------------------------------------------------------------------------------------------------
2014/2/12 9:37:43	系统重启深圳通服务	因为：连接错误，深圳通服务未启动(-2)	
--------------------------------------------------------------------------
2014/2/12 9:37:53	重新初始化深圳通服务成功!	深圳通意外中断,系统自动重建深圳通服务	连接错误，深圳通服务未启动(-2)
----------------------------------------------------------------------------------------------------------------
2014/2/12 9:37:53	系统重启深圳通服务	因为：连接错误，深圳通服务未启动(-2)	
--------------------------------------------------------------------------
2014/2/12 9:38:03	重新初始化深圳通服务成功!	深圳通意外中断,系统自动重建深圳通服务	连接错误，深圳通服务未启动(-2)
----------------------------------------------------------------------------------------------------------------
2014/2/12 9:38:03	系统重启深圳通服务	因为：连接错误，深圳通服务未启动(-2)	
--------------------------------------------------------------------------
2014/2/12 9:38:13	重新初始化深圳通服务成功!	深圳通意外中断,系统自动重建深圳通服务	连接错误，深圳通服务未启动(-2)
----------------------------------------------------------------------------------------------------------------
2014/2/12 9:38:13	系统重启深圳通服务	因为：连接错误，深圳通服务未启动(-2)	
--------------------------------------------------------------------------
2014/2/12 9:38:23	重新初始化深圳通服务成功!	深圳通意外中断,系统自动重建深圳通服务	连接错误，深圳通服务未启动(-2)
----------------------------------------------------------------------------------------------------------------
2014/2/12 9:38:23	系统重启深圳通服务	因为：连接错误，深圳通服务未启动(-2)	
--------------------------------------------------------------------------
2014/2/12 9:38:33	重新初始化深圳通服务成功!	深圳通意外中断,系统自动重建深圳通服务	连接错误，深圳通服务未启动(-2)
----------------------------------------------------------------------------------------------------------------
2014/2/12 9:38:33	系统重启深圳通服务	因为：连接错误，深圳通服务未启动(-2)	
--------------------------------------------------------------------------
2014/2/12 9:38:43	重新初始化深圳通服务成功!	深圳通意外中断,系统自动重建深圳通服务	连接错误，深圳通服务未启动(-2)
----------------------------------------------------------------------------------------------------------------
2014/2/12 9:38:43	系统重启深圳通服务	因为：连接错误，深圳通服务未启动(-2)	
--------------------------------------------------------------------------
2014/2/12 9:38:53	重新初始化深圳通服务成功!	深圳通意外中断,系统自动重建深圳通服务	连接错误，深圳通服务未启动(-2)
----------------------------------------------------------------------------------------------------------------
2014/2/12 9:38:53	系统重启深圳通服务	因为：连接错误，深圳通服务未启动(-2)	
--------------------------------------------------------------------------
2014/2/12 9:39:03	重新初始化深圳通服务成功!	深圳通意外中断,系统自动重建深圳通服务	连接错误，深圳通服务未启动(-2)
----------------------------------------------------------------------------------------------------------------
2014/2/12 9:39:04	系统重启深圳通服务	因为：连接错误，深圳通服务未启动(-2)	
--------------------------------------------------------------------------
2014/2/12 9:39:14	重新初始化深圳通服务成功!	深圳通意外中断,系统自动重建深圳通服务	连接错误，深圳通服务未启动(-2)
----------------------------------------------------------------------------------------------------------------
2014/2/12 9:39:14	系统重启深圳通服务	因为：连接错误，深圳通服务未启动(-2)	
--------------------------------------------------------------------------
2014/2/12 9:39:24	重新初始化深圳通服务成功!	深圳通意外中断,系统自动重建深圳通服务	连接错误，深圳通服务未启动(-2)
----------------------------------------------------------------------------------------------------------------
2014/2/12 9:39:24	系统重启深圳通服务	因为：连接错误，深圳通服务未启动(-2)	
--------------------------------------------------------------------------
2014/2/12 9:39:34	重新初始化深圳通服务成功!	深圳通意外中断,系统自动重建深圳通服务	连接错误，深圳通服务未启动(-2)
----------------------------------------------------------------------------------------------------------------
2014/2/12 9:39:34	系统重启深圳通服务	因为：连接错误，深圳通服务未启动(-2)	
--------------------------------------------------------------------------
2014/2/12 9:39:44	重新初始化深圳通服务成功!	深圳通意外中断,系统自动重建深圳通服务	连接错误，深圳通服务未启动(-2)
----------------------------------------------------------------------------------------------------------------
2014/2/12 9:39:44	系统重启深圳通服务	因为：连接错误，深圳通服务未启动(-2)	
--------------------------------------------------------------------------
2014/2/12 9:39:54	重新初始化深圳通服务成功!	深圳通意外中断,系统自动重建深圳通服务	连接错误，深圳通服务未启动(-2)
----------------------------------------------------------------------------------------------------------------
2014/2/12 9:39:54	系统重启深圳通服务	因为：连接错误，深圳通服务未启动(-2)	
--------------------------------------------------------------------------
2014/2/12 9:40:04	重新初始化深圳通服务成功!	深圳通意外中断,系统自动重建深圳通服务	连接错误，深圳通服务未启动(-2)
----------------------------------------------------------------------------------------------------------------
2014/2/12 9:40:04	系统重启深圳通服务	因为：连接错误，深圳通服务未启动(-2)	
--------------------------------------------------------------------------
2014/2/12 9:40:14	重新初始化深圳通服务成功!	深圳通意外中断,系统自动重建深圳通服务	连接错误，深圳通服务未启动(-2)
----------------------------------------------------------------------------------------------------------------
2014/2/12 9:40:14	系统重启深圳通服务	因为：连接错误，深圳通服务未启动(-2)	
--------------------------------------------------------------------------
2014/2/12 9:40:25	重新初始化深圳通服务成功!	深圳通意外中断,系统自动重建深圳通服务	连接错误，深圳通服务未启动(-2)
----------------------------------------------------------------------------------------------------------------
2014/2/12 9:40:25	系统重启深圳通服务	因为：连接错误，深圳通服务未启动(-2)	
--------------------------------------------------------------------------
2014/2/12 9:40:35	重新初始化深圳通服务成功!	深圳通意外中断,系统自动重建深圳通服务	连接错误，深圳通服务未启动(-2)
----------------------------------------------------------------------------------------------------------------
2014/2/12 9:40:35	系统重启深圳通服务	因为：连接错误，深圳通服务未启动(-2)	
--------------------------------------------------------------------------
2014/2/12 9:40:45	重新初始化深圳通服务成功!	深圳通意外中断,系统自动重建深圳通服务	连接错误，深圳通服务未启动(-2)
----------------------------------------------------------------------------------------------------------------
2014/2/12 9:40:45	系统重启深圳通服务	因为：连接错误，深圳通服务未启动(-2)	
--------------------------------------------------------------------------
2014/2/12 9:40:55	重新初始化深圳通服务成功!	深圳通意外中断,系统自动重建深圳通服务	连接错误，深圳通服务未启动(-2)
----------------------------------------------------------------------------------------------------------------
2014/2/12 9:40:55	系统重启深圳通服务	因为：连接错误，深圳通服务未启动(-2)	
--------------------------------------------------------------------------
2014/2/12 9:41:05	重新初始化深圳通服务成功!	深圳通意外中断,系统自动重建深圳通服务	连接错误，深圳通服务未启动(-2)
----------------------------------------------------------------------------------------------------------------
2014/2/12 9:41:05	系统重启深圳通服务	因为：连接错误，深圳通服务未启动(-2)	
--------------------------------------------------------------------------
2014/2/12 9:41:15	重新初始化深圳通服务成功!	深圳通意外中断,系统自动重建深圳通服务	连接错误，深圳通服务未启动(-2)
----------------------------------------------------------------------------------------------------------------
2014/2/12 9:41:15	系统重启深圳通服务	因为：连接错误，深圳通服务未启动(-2)	
--------------------------------------------------------------------------
2014/2/12 9:41:25	重新初始化深圳通服务成功!	深圳通意外中断,系统自动重建深圳通服务	连接错误，深圳通服务未启动(-2)
----------------------------------------------------------------------------------------------------------------
2014/2/12 9:41:25	系统重启深圳通服务	因为：连接错误，深圳通服务未启动(-2)	
--------------------------------------------------------------------------
2014/2/12 9:41:35	重新初始化深圳通服务成功!	深圳通意外中断,系统自动重建深圳通服务	连接错误，深圳通服务未启动(-2)
----------------------------------------------------------------------------------------------------------------
2014/2/12 9:41:36	系统重启深圳通服务	因为：连接错误，深圳通服务未启动(-2)	
--------------------------------------------------------------------------
2014/2/12 9:41:46	重新初始化深圳通服务成功!	深圳通意外中断,系统自动重建深圳通服务	连接错误，深圳通服务未启动(-2)
----------------------------------------------------------------------------------------------------------------
2014/2/12 9:41:46	系统重启深圳通服务	因为：连接错误，深圳通服务未启动(-2)	
--------------------------------------------------------------------------
2014/2/12 9:41:56	重新初始化深圳通服务成功!	深圳通意外中断,系统自动重建深圳通服务	连接错误，深圳通服务未启动(-2)
----------------------------------------------------------------------------------------------------------------
2014/2/12 9:41:56	系统重启深圳通服务	因为：连接错误，深圳通服务未启动(-2)	
--------------------------------------------------------------------------
2014/2/12 9:42:06	重新初始化深圳通服务成功!	深圳通意外中断,系统自动重建深圳通服务	连接错误，深圳通服务未启动(-2)
----------------------------------------------------------------------------------------------------------------
2014/2/12 9:42:06	系统重启深圳通服务	因为：连接错误，深圳通服务未启动(-2)	
--------------------------------------------------------------------------
2014/2/12 9:42:16	重新初始化深圳通服务成功!	深圳通意外中断,系统自动重建深圳通服务	连接错误，深圳通服务未启动(-2)
----------------------------------------------------------------------------------------------------------------
2014/2/12 10:00:09	启动服务	深圳通代理服务 已启动成功!	
-------------------------------------------------------
2014/2/12 10:00:09	系统重启深圳通服务	因为：连接错误，深圳通服务未启动(-2)	
---------------------------------------------------------------------------
2014/2/12 10:00:19	重新初始化深圳通服务成功!	深圳通意外中断,系统自动重建深圳通服务	连接错误，深圳通服务未启动(-2)
-----------------------------------------------------------------------------------------------------------------
2014/2/12 10:00:19	系统重启深圳通服务	因为：连接错误，深圳通服务未启动(-2)	
---------------------------------------------------------------------------
2014/2/12 10:00:29	重新初始化深圳通服务成功!	深圳通意外中断,系统自动重建深圳通服务	连接错误，深圳通服务未启动(-2)
-----------------------------------------------------------------------------------------------------------------
2014/2/12 10:00:29	系统重启深圳通服务	因为：连接错误，深圳通服务未启动(-2)	
---------------------------------------------------------------------------
2014/2/12 10:00:39	重新初始化深圳通服务成功!	深圳通意外中断,系统自动重建深圳通服务	连接错误，深圳通服务未启动(-2)
-----------------------------------------------------------------------------------------------------------------
2014/2/12 10:00:39	系统重启深圳通服务	因为：连接错误，深圳通服务未启动(-2)	
---------------------------------------------------------------------------
2014/2/12 10:00:49	重新初始化深圳通服务成功!	深圳通意外中断,系统自动重建深圳通服务	连接错误，深圳通服务未启动(-2)
-----------------------------------------------------------------------------------------------------------------
2014/2/12 10:00:49	系统重启深圳通服务	因为：连接错误，深圳通服务未启动(-2)	
---------------------------------------------------------------------------
2014/2/12 10:00:59	重新初始化深圳通服务成功!	深圳通意外中断,系统自动重建深圳通服务	连接错误，深圳通服务未启动(-2)
-----------------------------------------------------------------------------------------------------------------
2014/2/12 10:01:00	系统重启深圳通服务	因为：连接错误，深圳通服务未启动(-2)	
---------------------------------------------------------------------------
2014/2/12 10:01:10	重新初始化深圳通服务成功!	深圳通意外中断,系统自动重建深圳通服务	连接错误，深圳通服务未启动(-2)
-----------------------------------------------------------------------------------------------------------------
2014/2/12 10:01:10	系统重启深圳通服务	因为：连接错误，深圳通服务未启动(-2)	
---------------------------------------------------------------------------
2014/2/12 10:01:20	重新初始化深圳通服务成功!	深圳通意外中断,系统自动重建深圳通服务	连接错误，深圳通服务未启动(-2)
-----------------------------------------------------------------------------------------------------------------
2014/2/12 10:01:20	系统重启深圳通服务	因为：连接错误，深圳通服务未启动(-2)	
---------------------------------------------------------------------------
2014/2/12 10:01:30	重新初始化深圳通服务成功!	深圳通意外中断,系统自动重建深圳通服务	连接错误，深圳通服务未启动(-2)
-----------------------------------------------------------------------------------------------------------------
2014/2/12 10:01:30	系统重启深圳通服务	因为：连接错误，深圳通服务未启动(-2)	
---------------------------------------------------------------------------
2014/2/12 10:01:40	重新初始化深圳通服务成功!	深圳通意外中断,系统自动重建深圳通服务	连接错误，深圳通服务未启动(-2)
-----------------------------------------------------------------------------------------------------------------
2014/2/12 10:01:40	系统重启深圳通服务	因为：连接错误，深圳通服务未启动(-2)	
---------------------------------------------------------------------------
2014/2/12 10:01:50	重新初始化深圳通服务成功!	深圳通意外中断,系统自动重建深圳通服务	连接错误，深圳通服务未启动(-2)
-----------------------------------------------------------------------------------------------------------------
2014/2/12 10:01:50	系统重启深圳通服务	因为：连接错误，深圳通服务未启动(-2)	
---------------------------------------------------------------------------
2014/2/12 10:02:00	重新初始化深圳通服务成功!	深圳通意外中断,系统自动重建深圳通服务	连接错误，深圳通服务未启动(-2)
-----------------------------------------------------------------------------------------------------------------
2014/2/12 10:02:00	系统重启深圳通服务	因为：连接错误，深圳通服务未启动(-2)	
---------------------------------------------------------------------------
2014/2/12 10:02:10	重新初始化深圳通服务成功!	深圳通意外中断,系统自动重建深圳通服务	连接错误，深圳通服务未启动(-2)
-----------------------------------------------------------------------------------------------------------------
2014/2/12 10:02:10	系统重启深圳通服务	因为：连接错误，深圳通服务未启动(-2)	
---------------------------------------------------------------------------
2014/2/12 10:02:20	重新初始化深圳通服务成功!	深圳通意外中断,系统自动重建深圳通服务	连接错误，深圳通服务未启动(-2)
-----------------------------------------------------------------------------------------------------------------
2014/2/12 10:12:25	启动服务	深圳通代理服务 已启动成功!	
-------------------------------------------------------
2014/2/12 10:17:52	关闭连接	强行关闭连接	app1
---------------------------------------------
2014/2/12 10:17:52	关闭连接	强行关闭连接	app1
---------------------------------------------
2014/2/12 10:17:52	关闭连接	强行关闭连接	app1
---------------------------------------------
2014/2/12 10:17:52	系统重启深圳通服务	因为：接收数据时,参数错误!(-1)	
---------------------------------------------------------------------
2014/2/12 10:17:52	重新初始化深圳通服务成功!	深圳通意外中断,系统自动重建深圳通服务	接收数据时,参数错误!(-1)
-----------------------------------------------------------------------------------------------------------
2014/2/12 10:18:29	启动服务	深圳通代理服务 已启动成功!	
-------------------------------------------------------
2014/2/12 10:21:12	启动服务	深圳通代理服务 已启动成功!	
-------------------------------------------------------
2014/2/12 10:30:35	系统重启深圳通服务	因为：连接错误，深圳通服务未启动(-2)	
---------------------------------------------------------------------------
2014/2/12 10:30:45	重新初始化深圳通服务成功!	深圳通意外中断,系统自动重建深圳通服务	连接错误，深圳通服务未启动(-2)
-----------------------------------------------------------------------------------------------------------------
2014/2/12 10:30:45	系统重启深圳通服务	因为：连接错误，深圳通服务未启动(-2)	
---------------------------------------------------------------------------
2014/2/12 10:30:55	重新初始化深圳通服务成功!	深圳通意外中断,系统自动重建深圳通服务	连接错误，深圳通服务未启动(-2)
-----------------------------------------------------------------------------------------------------------------
2014/2/12 10:30:55	系统重启深圳通服务	因为：连接错误，深圳通服务未启动(-2)	
---------------------------------------------------------------------------
2014/2/12 10:31:05	重新初始化深圳通服务成功!	深圳通意外中断,系统自动重建深圳通服务	连接错误，深圳通服务未启动(-2)
-----------------------------------------------------------------------------------------------------------------
2014/2/12 10:31:05	系统重启深圳通服务	因为：连接错误，深圳通服务未启动(-2)	
---------------------------------------------------------------------------
2014/2/12 10:31:15	重新初始化深圳通服务成功!	深圳通意外中断,系统自动重建深圳通服务	连接错误，深圳通服务未启动(-2)
-----------------------------------------------------------------------------------------------------------------
2014/2/12 10:31:15	系统重启深圳通服务	因为：连接错误，深圳通服务未启动(-2)	
---------------------------------------------------------------------------
2014/2/12 10:31:25	重新初始化深圳通服务成功!	深圳通意外中断,系统自动重建深圳通服务	连接错误，深圳通服务未启动(-2)
-----------------------------------------------------------------------------------------------------------------
2014/2/12 10:31:25	系统重启深圳通服务	因为：连接错误，深圳通服务未启动(-2)	
---------------------------------------------------------------------------
2014/2/12 10:31:35	重新初始化深圳通服务成功!	深圳通意外中断,系统自动重建深圳通服务	连接错误，深圳通服务未启动(-2)
-----------------------------------------------------------------------------------------------------------------
2014/2/12 10:31:35	系统重启深圳通服务	因为：连接错误，深圳通服务未启动(-2)	
---------------------------------------------------------------------------
2014/2/12 10:33:02	启动服务	深圳通代理服务 已启动成功!	
-------------------------------------------------------
2014/2/12 10:35:04	ABCHINA04	远程代理成功连接到目标服务器	
----------------------------------------------------------
2014/2/12 10:35:29	客户关闭连接	Sock_2被关闭	ABCHINA04
------------------------------------------------------
2014/2/12 10:35:29	关闭连接	强行关闭连接	app1
---------------------------------------------
2014/2/12 10:39:10	ABCHINA04	远程代理成功连接到目标服务器	
----------------------------------------------------------
2014/2/12 10:39:36	客户关闭连接	Sock_2被关闭	ABCHINA04
------------------------------------------------------
2014/2/12 10:39:36	关闭连接	强行关闭连接	app1
---------------------------------------------
2014/2/12 10:40:30	ABCHINA04	远程代理成功连接到目标服务器	
----------------------------------------------------------
2014/2/12 10:40:55	客户关闭连接	Sock_2被关闭	ABCHINA04
------------------------------------------------------
2014/2/12 10:40:55	关闭连接	强行关闭连接	app1
---------------------------------------------
