2014/3/21 9:01:59	重新初始化深圳通服务成功!	深圳通意外中断,系统自动重建深圳通服务	连接错误，深圳通服务未启动(-2)
----------------------------------------------------------------------------------------------------------------
2014/3/21 9:02:00	系统重启深圳通服务	因为：连接错误，深圳通服务未启动(-2)	
--------------------------------------------------------------------------
2014/3/21 9:02:10	重新初始化深圳通服务成功!	深圳通意外中断,系统自动重建深圳通服务	连接错误，深圳通服务未启动(-2)
----------------------------------------------------------------------------------------------------------------
2014/3/21 9:02:10	系统重启深圳通服务	因为：连接错误，深圳通服务未启动(-2)	
--------------------------------------------------------------------------
2014/3/21 9:02:20	重新初始化深圳通服务成功!	深圳通意外中断,系统自动重建深圳通服务	连接错误，深圳通服务未启动(-2)
----------------------------------------------------------------------------------------------------------------
2014/3/21 9:02:20	系统重启深圳通服务	因为：连接错误，深圳通服务未启动(-2)	
--------------------------------------------------------------------------
2014/3/21 9:02:30	重新初始化深圳通服务成功!	深圳通意外中断,系统自动重建深圳通服务	连接错误，深圳通服务未启动(-2)
----------------------------------------------------------------------------------------------------------------
2014/3/21 9:02:30	系统重启深圳通服务	因为：连接错误，深圳通服务未启动(-2)	
--------------------------------------------------------------------------
2014/3/21 9:02:40	重新初始化深圳通服务成功!	深圳通意外中断,系统自动重建深圳通服务	连接错误，深圳通服务未启动(-2)
----------------------------------------------------------------------------------------------------------------
2014/3/21 9:02:40	系统重启深圳通服务	因为：连接错误，深圳通服务未启动(-2)	
--------------------------------------------------------------------------
2014/3/21 9:02:50	重新初始化深圳通服务成功!	深圳通意外中断,系统自动重建深圳通服务	连接错误，深圳通服务未启动(-2)
----------------------------------------------------------------------------------------------------------------
2014/3/21 9:02:50	系统重启深圳通服务	因为：连接错误，深圳通服务未启动(-2)	
--------------------------------------------------------------------------
2014/3/21 9:03:00	重新初始化深圳通服务成功!	深圳通意外中断,系统自动重建深圳通服务	连接错误，深圳通服务未启动(-2)
----------------------------------------------------------------------------------------------------------------
2014/3/21 9:03:00	系统重启深圳通服务	因为：连接错误，深圳通服务未启动(-2)	
--------------------------------------------------------------------------
2014/3/21 9:03:10	重新初始化深圳通服务成功!	深圳通意外中断,系统自动重建深圳通服务	连接错误，深圳通服务未启动(-2)
----------------------------------------------------------------------------------------------------------------
2014/3/21 9:03:10	系统重启深圳通服务	因为：连接错误，深圳通服务未启动(-2)	
--------------------------------------------------------------------------
2014/3/21 9:03:20	重新初始化深圳通服务成功!	深圳通意外中断,系统自动重建深圳通服务	连接错误，深圳通服务未启动(-2)
----------------------------------------------------------------------------------------------------------------
2014/3/21 9:03:20	系统重启深圳通服务	因为：连接错误，深圳通服务未启动(-2)	
--------------------------------------------------------------------------
2014/3/21 9:03:30	重新初始化深圳通服务成功!	深圳通意外中断,系统自动重建深圳通服务	连接错误，深圳通服务未启动(-2)
----------------------------------------------------------------------------------------------------------------
2014/3/21 9:03:31	系统重启深圳通服务	因为：连接错误，深圳通服务未启动(-2)	
--------------------------------------------------------------------------
2014/3/21 9:03:41	重新初始化深圳通服务成功!	深圳通意外中断,系统自动重建深圳通服务	连接错误，深圳通服务未启动(-2)
----------------------------------------------------------------------------------------------------------------
2014/3/21 9:03:41	系统重启深圳通服务	因为：连接错误，深圳通服务未启动(-2)	
--------------------------------------------------------------------------
2014/3/21 9:03:51	重新初始化深圳通服务成功!	深圳通意外中断,系统自动重建深圳通服务	连接错误，深圳通服务未启动(-2)
----------------------------------------------------------------------------------------------------------------
2014/3/21 9:03:51	系统重启深圳通服务	因为：连接错误，深圳通服务未启动(-2)	
--------------------------------------------------------------------------
2014/3/21 9:04:01	重新初始化深圳通服务成功!	深圳通意外中断,系统自动重建深圳通服务	连接错误，深圳通服务未启动(-2)
----------------------------------------------------------------------------------------------------------------
2014/3/21 9:04:01	系统重启深圳通服务	因为：连接错误，深圳通服务未启动(-2)	
--------------------------------------------------------------------------
2014/3/21 9:04:11	重新初始化深圳通服务成功!	深圳通意外中断,系统自动重建深圳通服务	连接错误，深圳通服务未启动(-2)
----------------------------------------------------------------------------------------------------------------
2014/3/21 9:04:11	系统重启深圳通服务	因为：连接错误，深圳通服务未启动(-2)	
--------------------------------------------------------------------------
2014/3/21 9:04:21	重新初始化深圳通服务成功!	深圳通意外中断,系统自动重建深圳通服务	连接错误，深圳通服务未启动(-2)
----------------------------------------------------------------------------------------------------------------
2014/3/21 9:04:21	系统重启深圳通服务	因为：连接错误，深圳通服务未启动(-2)	
--------------------------------------------------------------------------
2014/3/21 9:04:31	重新初始化深圳通服务成功!	深圳通意外中断,系统自动重建深圳通服务	连接错误，深圳通服务未启动(-2)
----------------------------------------------------------------------------------------------------------------
2014/3/21 9:04:31	系统重启深圳通服务	因为：连接错误，深圳通服务未启动(-2)	
--------------------------------------------------------------------------
2014/3/21 9:04:41	重新初始化深圳通服务成功!	深圳通意外中断,系统自动重建深圳通服务	连接错误，深圳通服务未启动(-2)
----------------------------------------------------------------------------------------------------------------
2014/3/21 9:04:41	系统重启深圳通服务	因为：连接错误，深圳通服务未启动(-2)	
--------------------------------------------------------------------------
2014/3/21 9:04:51	重新初始化深圳通服务成功!	深圳通意外中断,系统自动重建深圳通服务	连接错误，深圳通服务未启动(-2)
----------------------------------------------------------------------------------------------------------------
2014/3/21 9:04:52	系统重启深圳通服务	因为：连接错误，深圳通服务未启动(-2)	
--------------------------------------------------------------------------
2014/3/21 9:05:02	重新初始化深圳通服务成功!	深圳通意外中断,系统自动重建深圳通服务	连接错误，深圳通服务未启动(-2)
----------------------------------------------------------------------------------------------------------------
2014/3/21 9:05:02	系统重启深圳通服务	因为：连接错误，深圳通服务未启动(-2)	
--------------------------------------------------------------------------
2014/3/21 9:05:12	重新初始化深圳通服务成功!	深圳通意外中断,系统自动重建深圳通服务	连接错误，深圳通服务未启动(-2)
----------------------------------------------------------------------------------------------------------------
2014/3/21 9:05:12	系统重启深圳通服务	因为：连接错误，深圳通服务未启动(-2)	
--------------------------------------------------------------------------
2014/3/21 9:05:22	重新初始化深圳通服务成功!	深圳通意外中断,系统自动重建深圳通服务	连接错误，深圳通服务未启动(-2)
----------------------------------------------------------------------------------------------------------------
2014/3/21 9:05:22	系统重启深圳通服务	因为：连接错误，深圳通服务未启动(-2)	
--------------------------------------------------------------------------
2014/3/21 9:05:32	重新初始化深圳通服务成功!	深圳通意外中断,系统自动重建深圳通服务	连接错误，深圳通服务未启动(-2)
----------------------------------------------------------------------------------------------------------------
2014/3/21 9:05:32	系统重启深圳通服务	因为：连接错误，深圳通服务未启动(-2)	
--------------------------------------------------------------------------
2014/3/21 9:05:42	重新初始化深圳通服务成功!	深圳通意外中断,系统自动重建深圳通服务	连接错误，深圳通服务未启动(-2)
----------------------------------------------------------------------------------------------------------------
2014/3/21 9:05:42	系统重启深圳通服务	因为：连接错误，深圳通服务未启动(-2)	
--------------------------------------------------------------------------
2014/3/21 9:05:52	重新初始化深圳通服务成功!	深圳通意外中断,系统自动重建深圳通服务	连接错误，深圳通服务未启动(-2)
----------------------------------------------------------------------------------------------------------------
2014/3/21 9:05:52	系统重启深圳通服务	因为：连接错误，深圳通服务未启动(-2)	
--------------------------------------------------------------------------
2014/3/21 9:06:02	重新初始化深圳通服务成功!	深圳通意外中断,系统自动重建深圳通服务	连接错误，深圳通服务未启动(-2)
----------------------------------------------------------------------------------------------------------------
2014/3/21 9:06:02	系统重启深圳通服务	因为：连接错误，深圳通服务未启动(-2)	
--------------------------------------------------------------------------
2014/3/21 9:06:12	重新初始化深圳通服务成功!	深圳通意外中断,系统自动重建深圳通服务	连接错误，深圳通服务未启动(-2)
----------------------------------------------------------------------------------------------------------------
2014/3/21 9:06:13	系统重启深圳通服务	因为：连接错误，深圳通服务未启动(-2)	
--------------------------------------------------------------------------
2014/3/21 9:06:23	重新初始化深圳通服务成功!	深圳通意外中断,系统自动重建深圳通服务	连接错误，深圳通服务未启动(-2)
----------------------------------------------------------------------------------------------------------------
2014/3/21 9:06:23	系统重启深圳通服务	因为：连接错误，深圳通服务未启动(-2)	
--------------------------------------------------------------------------
2014/3/21 9:06:33	重新初始化深圳通服务成功!	深圳通意外中断,系统自动重建深圳通服务	连接错误，深圳通服务未启动(-2)
----------------------------------------------------------------------------------------------------------------
2014/3/21 9:06:33	系统重启深圳通服务	因为：连接错误，深圳通服务未启动(-2)	
--------------------------------------------------------------------------
2014/3/21 9:06:43	重新初始化深圳通服务成功!	深圳通意外中断,系统自动重建深圳通服务	连接错误，深圳通服务未启动(-2)
----------------------------------------------------------------------------------------------------------------
2014/3/21 9:06:43	系统重启深圳通服务	因为：连接错误，深圳通服务未启动(-2)	
--------------------------------------------------------------------------
2014/3/21 9:06:53	重新初始化深圳通服务成功!	深圳通意外中断,系统自动重建深圳通服务	连接错误，深圳通服务未启动(-2)
----------------------------------------------------------------------------------------------------------------
2014/3/21 9:06:53	系统重启深圳通服务	因为：连接错误，深圳通服务未启动(-2)	
--------------------------------------------------------------------------
2014/3/21 9:07:03	重新初始化深圳通服务成功!	深圳通意外中断,系统自动重建深圳通服务	连接错误，深圳通服务未启动(-2)
----------------------------------------------------------------------------------------------------------------
2014/3/21 9:07:03	系统重启深圳通服务	因为：连接错误，深圳通服务未启动(-2)	
--------------------------------------------------------------------------
2014/3/21 9:07:13	重新初始化深圳通服务成功!	深圳通意外中断,系统自动重建深圳通服务	连接错误，深圳通服务未启动(-2)
----------------------------------------------------------------------------------------------------------------
2014/3/21 9:07:13	系统重启深圳通服务	因为：连接错误，深圳通服务未启动(-2)	
--------------------------------------------------------------------------
2014/3/21 9:07:23	重新初始化深圳通服务成功!	深圳通意外中断,系统自动重建深圳通服务	连接错误，深圳通服务未启动(-2)
----------------------------------------------------------------------------------------------------------------
2014/3/21 9:07:23	系统重启深圳通服务	因为：连接错误，深圳通服务未启动(-2)	
--------------------------------------------------------------------------
2014/3/21 9:07:33	重新初始化深圳通服务成功!	深圳通意外中断,系统自动重建深圳通服务	连接错误，深圳通服务未启动(-2)
----------------------------------------------------------------------------------------------------------------
2014/3/21 9:07:33	系统重启深圳通服务	因为：连接错误，深圳通服务未启动(-2)	
--------------------------------------------------------------------------
2014/3/21 9:07:44	重新初始化深圳通服务成功!	深圳通意外中断,系统自动重建深圳通服务	连接错误，深圳通服务未启动(-2)
----------------------------------------------------------------------------------------------------------------
2014/3/21 9:07:44	系统重启深圳通服务	因为：连接错误，深圳通服务未启动(-2)	
--------------------------------------------------------------------------
2014/3/21 9:07:54	重新初始化深圳通服务成功!	深圳通意外中断,系统自动重建深圳通服务	连接错误，深圳通服务未启动(-2)
----------------------------------------------------------------------------------------------------------------
2014/3/21 9:07:54	系统重启深圳通服务	因为：连接错误，深圳通服务未启动(-2)	
--------------------------------------------------------------------------
2014/3/21 9:08:04	重新初始化深圳通服务成功!	深圳通意外中断,系统自动重建深圳通服务	连接错误，深圳通服务未启动(-2)
----------------------------------------------------------------------------------------------------------------
2014/3/21 9:08:04	系统重启深圳通服务	因为：连接错误，深圳通服务未启动(-2)	
--------------------------------------------------------------------------
2014/3/21 9:08:14	重新初始化深圳通服务成功!	深圳通意外中断,系统自动重建深圳通服务	连接错误，深圳通服务未启动(-2)
----------------------------------------------------------------------------------------------------------------
2014/3/21 9:08:14	系统重启深圳通服务	因为：连接错误，深圳通服务未启动(-2)	
--------------------------------------------------------------------------
2014/3/21 9:08:24	重新初始化深圳通服务成功!	深圳通意外中断,系统自动重建深圳通服务	连接错误，深圳通服务未启动(-2)
----------------------------------------------------------------------------------------------------------------
2014/3/21 9:08:24	系统重启深圳通服务	因为：连接错误，深圳通服务未启动(-2)	
--------------------------------------------------------------------------
2014/3/21 9:08:34	重新初始化深圳通服务成功!	深圳通意外中断,系统自动重建深圳通服务	连接错误，深圳通服务未启动(-2)
----------------------------------------------------------------------------------------------------------------
2014/3/21 9:08:34	系统重启深圳通服务	因为：连接错误，深圳通服务未启动(-2)	
--------------------------------------------------------------------------
2014/3/21 9:08:44	重新初始化深圳通服务成功!	深圳通意外中断,系统自动重建深圳通服务	连接错误，深圳通服务未启动(-2)
----------------------------------------------------------------------------------------------------------------
2014/3/21 9:08:44	系统重启深圳通服务	因为：连接错误，深圳通服务未启动(-2)	
--------------------------------------------------------------------------
2014/3/21 9:08:54	重新初始化深圳通服务成功!	深圳通意外中断,系统自动重建深圳通服务	连接错误，深圳通服务未启动(-2)
----------------------------------------------------------------------------------------------------------------
2014/3/21 9:08:54	系统重启深圳通服务	因为：连接错误，深圳通服务未启动(-2)	
--------------------------------------------------------------------------
2014/3/21 9:09:04	重新初始化深圳通服务成功!	深圳通意外中断,系统自动重建深圳通服务	连接错误，深圳通服务未启动(-2)
----------------------------------------------------------------------------------------------------------------
2014/3/21 9:09:05	系统重启深圳通服务	因为：连接错误，深圳通服务未启动(-2)	
--------------------------------------------------------------------------
2014/3/21 9:09:15	重新初始化深圳通服务成功!	深圳通意外中断,系统自动重建深圳通服务	连接错误，深圳通服务未启动(-2)
----------------------------------------------------------------------------------------------------------------
2014/3/21 9:09:15	系统重启深圳通服务	因为：连接错误，深圳通服务未启动(-2)	
--------------------------------------------------------------------------
2014/3/21 9:09:25	重新初始化深圳通服务成功!	深圳通意外中断,系统自动重建深圳通服务	连接错误，深圳通服务未启动(-2)
----------------------------------------------------------------------------------------------------------------
2014/3/21 9:09:25	系统重启深圳通服务	因为：连接错误，深圳通服务未启动(-2)	
--------------------------------------------------------------------------
2014/3/21 9:09:35	重新初始化深圳通服务成功!	深圳通意外中断,系统自动重建深圳通服务	连接错误，深圳通服务未启动(-2)
----------------------------------------------------------------------------------------------------------------
2014/3/21 9:09:35	系统重启深圳通服务	因为：连接错误，深圳通服务未启动(-2)	
--------------------------------------------------------------------------
2014/3/21 9:09:45	重新初始化深圳通服务成功!	深圳通意外中断,系统自动重建深圳通服务	连接错误，深圳通服务未启动(-2)
----------------------------------------------------------------------------------------------------------------
2014/3/21 9:09:45	系统重启深圳通服务	因为：连接错误，深圳通服务未启动(-2)	
--------------------------------------------------------------------------
2014/3/21 9:09:55	重新初始化深圳通服务成功!	深圳通意外中断,系统自动重建深圳通服务	连接错误，深圳通服务未启动(-2)
----------------------------------------------------------------------------------------------------------------
2014/3/21 9:09:55	系统重启深圳通服务	因为：连接错误，深圳通服务未启动(-2)	
--------------------------------------------------------------------------
2014/3/21 9:10:05	重新初始化深圳通服务成功!	深圳通意外中断,系统自动重建深圳通服务	连接错误，深圳通服务未启动(-2)
----------------------------------------------------------------------------------------------------------------
2014/3/21 9:10:05	系统重启深圳通服务	因为：连接错误，深圳通服务未启动(-2)	
--------------------------------------------------------------------------
2014/3/21 9:10:15	重新初始化深圳通服务成功!	深圳通意外中断,系统自动重建深圳通服务	连接错误，深圳通服务未启动(-2)
----------------------------------------------------------------------------------------------------------------
2014/3/21 9:10:15	系统重启深圳通服务	因为：连接错误，深圳通服务未启动(-2)	
--------------------------------------------------------------------------
2014/3/21 9:10:25	重新初始化深圳通服务成功!	深圳通意外中断,系统自动重建深圳通服务	连接错误，深圳通服务未启动(-2)
----------------------------------------------------------------------------------------------------------------
2014/3/21 9:10:26	系统重启深圳通服务	因为：连接错误，深圳通服务未启动(-2)	
--------------------------------------------------------------------------
2014/3/21 9:10:36	重新初始化深圳通服务成功!	深圳通意外中断,系统自动重建深圳通服务	连接错误，深圳通服务未启动(-2)
----------------------------------------------------------------------------------------------------------------
2014/3/21 9:10:36	系统重启深圳通服务	因为：连接错误，深圳通服务未启动(-2)	
--------------------------------------------------------------------------
2014/3/21 9:10:46	重新初始化深圳通服务成功!	深圳通意外中断,系统自动重建深圳通服务	连接错误，深圳通服务未启动(-2)
----------------------------------------------------------------------------------------------------------------
2014/3/21 9:10:46	系统重启深圳通服务	因为：连接错误，深圳通服务未启动(-2)	
--------------------------------------------------------------------------
2014/3/21 9:10:56	重新初始化深圳通服务成功!	深圳通意外中断,系统自动重建深圳通服务	连接错误，深圳通服务未启动(-2)
----------------------------------------------------------------------------------------------------------------
2014/3/21 9:10:56	系统重启深圳通服务	因为：连接错误，深圳通服务未启动(-2)	
--------------------------------------------------------------------------
2014/3/21 9:11:06	重新初始化深圳通服务成功!	深圳通意外中断,系统自动重建深圳通服务	连接错误，深圳通服务未启动(-2)
----------------------------------------------------------------------------------------------------------------
2014/3/21 9:11:06	系统重启深圳通服务	因为：连接错误，深圳通服务未启动(-2)	
--------------------------------------------------------------------------
2014/3/21 9:11:16	重新初始化深圳通服务成功!	深圳通意外中断,系统自动重建深圳通服务	连接错误，深圳通服务未启动(-2)
----------------------------------------------------------------------------------------------------------------
2014/3/21 9:11:16	系统重启深圳通服务	因为：连接错误，深圳通服务未启动(-2)	
--------------------------------------------------------------------------
2014/3/21 9:11:26	重新初始化深圳通服务成功!	深圳通意外中断,系统自动重建深圳通服务	连接错误，深圳通服务未启动(-2)
----------------------------------------------------------------------------------------------------------------
2014/3/21 9:11:26	系统重启深圳通服务	因为：连接错误，深圳通服务未启动(-2)	
--------------------------------------------------------------------------
2014/3/21 9:11:36	重新初始化深圳通服务成功!	深圳通意外中断,系统自动重建深圳通服务	连接错误，深圳通服务未启动(-2)
----------------------------------------------------------------------------------------------------------------
2014/3/21 9:11:36	系统重启深圳通服务	因为：连接错误，深圳通服务未启动(-2)	
--------------------------------------------------------------------------
2014/3/21 9:11:46	重新初始化深圳通服务成功!	深圳通意外中断,系统自动重建深圳通服务	连接错误，深圳通服务未启动(-2)
----------------------------------------------------------------------------------------------------------------
2014/3/21 9:11:47	系统重启深圳通服务	因为：连接错误，深圳通服务未启动(-2)	
--------------------------------------------------------------------------
2014/3/21 9:11:57	重新初始化深圳通服务成功!	深圳通意外中断,系统自动重建深圳通服务	连接错误，深圳通服务未启动(-2)
----------------------------------------------------------------------------------------------------------------
2014/3/21 9:11:57	系统重启深圳通服务	因为：连接错误，深圳通服务未启动(-2)	
--------------------------------------------------------------------------
2014/3/21 9:12:07	重新初始化深圳通服务成功!	深圳通意外中断,系统自动重建深圳通服务	连接错误，深圳通服务未启动(-2)
----------------------------------------------------------------------------------------------------------------
2014/3/21 9:12:07	系统重启深圳通服务	因为：连接错误，深圳通服务未启动(-2)	
--------------------------------------------------------------------------
2014/3/21 9:12:17	重新初始化深圳通服务成功!	深圳通意外中断,系统自动重建深圳通服务	连接错误，深圳通服务未启动(-2)
----------------------------------------------------------------------------------------------------------------
2014/3/21 9:12:17	系统重启深圳通服务	因为：连接错误，深圳通服务未启动(-2)	
--------------------------------------------------------------------------
2014/3/21 9:12:27	重新初始化深圳通服务成功!	深圳通意外中断,系统自动重建深圳通服务	连接错误，深圳通服务未启动(-2)
----------------------------------------------------------------------------------------------------------------
2014/3/21 9:12:27	系统重启深圳通服务	因为：连接错误，深圳通服务未启动(-2)	
--------------------------------------------------------------------------
2014/3/21 9:12:37	重新初始化深圳通服务成功!	深圳通意外中断,系统自动重建深圳通服务	连接错误，深圳通服务未启动(-2)
----------------------------------------------------------------------------------------------------------------
2014/3/21 9:12:37	系统重启深圳通服务	因为：连接错误，深圳通服务未启动(-2)	
--------------------------------------------------------------------------
2014/3/21 9:12:47	重新初始化深圳通服务成功!	深圳通意外中断,系统自动重建深圳通服务	连接错误，深圳通服务未启动(-2)
----------------------------------------------------------------------------------------------------------------
2014/3/21 9:12:47	系统重启深圳通服务	因为：连接错误，深圳通服务未启动(-2)	
--------------------------------------------------------------------------
2014/3/21 9:12:57	重新初始化深圳通服务成功!	深圳通意外中断,系统自动重建深圳通服务	连接错误，深圳通服务未启动(-2)
----------------------------------------------------------------------------------------------------------------
2014/3/21 9:12:57	系统重启深圳通服务	因为：连接错误，深圳通服务未启动(-2)	
--------------------------------------------------------------------------
2014/3/21 9:13:07	重新初始化深圳通服务成功!	深圳通意外中断,系统自动重建深圳通服务	连接错误，深圳通服务未启动(-2)
----------------------------------------------------------------------------------------------------------------
2014/3/21 9:13:08	系统重启深圳通服务	因为：连接错误，深圳通服务未启动(-2)	
--------------------------------------------------------------------------
2014/3/21 9:13:18	重新初始化深圳通服务成功!	深圳通意外中断,系统自动重建深圳通服务	连接错误，深圳通服务未启动(-2)
----------------------------------------------------------------------------------------------------------------
2014/3/21 9:13:18	系统重启深圳通服务	因为：连接错误，深圳通服务未启动(-2)	
--------------------------------------------------------------------------
2014/3/21 9:13:28	重新初始化深圳通服务成功!	深圳通意外中断,系统自动重建深圳通服务	连接错误，深圳通服务未启动(-2)
----------------------------------------------------------------------------------------------------------------
2014/3/21 9:13:28	系统重启深圳通服务	因为：连接错误，深圳通服务未启动(-2)	
--------------------------------------------------------------------------
2014/3/21 9:13:38	重新初始化深圳通服务成功!	深圳通意外中断,系统自动重建深圳通服务	连接错误，深圳通服务未启动(-2)
----------------------------------------------------------------------------------------------------------------
2014/3/21 9:13:38	系统重启深圳通服务	因为：连接错误，深圳通服务未启动(-2)	
--------------------------------------------------------------------------
2014/3/21 9:13:48	重新初始化深圳通服务成功!	深圳通意外中断,系统自动重建深圳通服务	连接错误，深圳通服务未启动(-2)
----------------------------------------------------------------------------------------------------------------
2014/3/21 9:13:48	系统重启深圳通服务	因为：连接错误，深圳通服务未启动(-2)	
--------------------------------------------------------------------------
2014/3/21 9:13:58	重新初始化深圳通服务成功!	深圳通意外中断,系统自动重建深圳通服务	连接错误，深圳通服务未启动(-2)
----------------------------------------------------------------------------------------------------------------
2014/3/21 9:13:58	系统重启深圳通服务	因为：连接错误，深圳通服务未启动(-2)	
--------------------------------------------------------------------------
2014/3/21 9:14:08	重新初始化深圳通服务成功!	深圳通意外中断,系统自动重建深圳通服务	连接错误，深圳通服务未启动(-2)
----------------------------------------------------------------------------------------------------------------
2014/3/21 9:14:08	系统重启深圳通服务	因为：连接错误，深圳通服务未启动(-2)	
--------------------------------------------------------------------------
2014/3/21 9:14:18	重新初始化深圳通服务成功!	深圳通意外中断,系统自动重建深圳通服务	连接错误，深圳通服务未启动(-2)
----------------------------------------------------------------------------------------------------------------
2014/3/21 9:14:18	系统重启深圳通服务	因为：连接错误，深圳通服务未启动(-2)	
--------------------------------------------------------------------------
2014/3/21 9:14:28	重新初始化深圳通服务成功!	深圳通意外中断,系统自动重建深圳通服务	连接错误，深圳通服务未启动(-2)
----------------------------------------------------------------------------------------------------------------
2014/3/21 9:14:29	系统重启深圳通服务	因为：连接错误，深圳通服务未启动(-2)	
--------------------------------------------------------------------------
2014/3/21 9:14:39	重新初始化深圳通服务成功!	深圳通意外中断,系统自动重建深圳通服务	连接错误，深圳通服务未启动(-2)
----------------------------------------------------------------------------------------------------------------
2014/3/21 9:14:39	系统重启深圳通服务	因为：连接错误，深圳通服务未启动(-2)	
--------------------------------------------------------------------------
2014/3/21 9:14:49	重新初始化深圳通服务成功!	深圳通意外中断,系统自动重建深圳通服务	连接错误，深圳通服务未启动(-2)
----------------------------------------------------------------------------------------------------------------
2014/3/21 9:14:49	系统重启深圳通服务	因为：连接错误，深圳通服务未启动(-2)	
--------------------------------------------------------------------------
2014/3/21 9:14:59	重新初始化深圳通服务成功!	深圳通意外中断,系统自动重建深圳通服务	连接错误，深圳通服务未启动(-2)
----------------------------------------------------------------------------------------------------------------
2014/3/21 9:14:59	系统重启深圳通服务	因为：连接错误，深圳通服务未启动(-2)	
--------------------------------------------------------------------------
2014/3/21 9:15:09	重新初始化深圳通服务成功!	深圳通意外中断,系统自动重建深圳通服务	连接错误，深圳通服务未启动(-2)
----------------------------------------------------------------------------------------------------------------
2014/3/21 9:15:09	系统重启深圳通服务	因为：连接错误，深圳通服务未启动(-2)	
--------------------------------------------------------------------------
2014/3/21 9:15:19	重新初始化深圳通服务成功!	深圳通意外中断,系统自动重建深圳通服务	连接错误，深圳通服务未启动(-2)
----------------------------------------------------------------------------------------------------------------
2014/3/21 9:15:19	系统重启深圳通服务	因为：连接错误，深圳通服务未启动(-2)	
--------------------------------------------------------------------------
2014/3/21 9:15:29	重新初始化深圳通服务成功!	深圳通意外中断,系统自动重建深圳通服务	连接错误，深圳通服务未启动(-2)
----------------------------------------------------------------------------------------------------------------
2014/3/21 9:15:29	系统重启深圳通服务	因为：连接错误，深圳通服务未启动(-2)	
--------------------------------------------------------------------------
2014/3/21 9:15:39	重新初始化深圳通服务成功!	深圳通意外中断,系统自动重建深圳通服务	连接错误，深圳通服务未启动(-2)
----------------------------------------------------------------------------------------------------------------
2014/3/21 9:15:39	系统重启深圳通服务	因为：连接错误，深圳通服务未启动(-2)	
--------------------------------------------------------------------------
2014/3/21 9:15:50	重新初始化深圳通服务成功!	深圳通意外中断,系统自动重建深圳通服务	连接错误，深圳通服务未启动(-2)
----------------------------------------------------------------------------------------------------------------
2014/3/21 9:15:50	系统重启深圳通服务	因为：连接错误，深圳通服务未启动(-2)	
--------------------------------------------------------------------------
2014/3/21 9:16:00	重新初始化深圳通服务成功!	深圳通意外中断,系统自动重建深圳通服务	连接错误，深圳通服务未启动(-2)
----------------------------------------------------------------------------------------------------------------
2014/3/21 9:16:00	系统重启深圳通服务	因为：连接错误，深圳通服务未启动(-2)	
--------------------------------------------------------------------------
2014/3/21 9:16:10	重新初始化深圳通服务成功!	深圳通意外中断,系统自动重建深圳通服务	连接错误，深圳通服务未启动(-2)
----------------------------------------------------------------------------------------------------------------
2014/3/21 9:16:10	系统重启深圳通服务	因为：连接错误，深圳通服务未启动(-2)	
--------------------------------------------------------------------------
2014/3/21 9:16:20	重新初始化深圳通服务成功!	深圳通意外中断,系统自动重建深圳通服务	连接错误，深圳通服务未启动(-2)
----------------------------------------------------------------------------------------------------------------
2014/3/21 9:16:20	系统重启深圳通服务	因为：连接错误，深圳通服务未启动(-2)	
--------------------------------------------------------------------------
2014/3/21 9:16:30	重新初始化深圳通服务成功!	深圳通意外中断,系统自动重建深圳通服务	连接错误，深圳通服务未启动(-2)
----------------------------------------------------------------------------------------------------------------
2014/3/21 9:16:30	系统重启深圳通服务	因为：连接错误，深圳通服务未启动(-2)	
--------------------------------------------------------------------------
2014/3/21 9:16:40	重新初始化深圳通服务成功!	深圳通意外中断,系统自动重建深圳通服务	连接错误，深圳通服务未启动(-2)
----------------------------------------------------------------------------------------------------------------
2014/3/21 9:16:40	系统重启深圳通服务	因为：连接错误，深圳通服务未启动(-2)	
--------------------------------------------------------------------------
2014/3/21 9:16:50	重新初始化深圳通服务成功!	深圳通意外中断,系统自动重建深圳通服务	连接错误，深圳通服务未启动(-2)
----------------------------------------------------------------------------------------------------------------
2014/3/21 9:16:50	系统重启深圳通服务	因为：连接错误，深圳通服务未启动(-2)	
--------------------------------------------------------------------------
2014/3/21 9:17:00	重新初始化深圳通服务成功!	深圳通意外中断,系统自动重建深圳通服务	连接错误，深圳通服务未启动(-2)
----------------------------------------------------------------------------------------------------------------
2014/3/21 9:17:00	系统重启深圳通服务	因为：连接错误，深圳通服务未启动(-2)	
--------------------------------------------------------------------------
2014/3/21 9:17:10	重新初始化深圳通服务成功!	深圳通意外中断,系统自动重建深圳通服务	连接错误，深圳通服务未启动(-2)
----------------------------------------------------------------------------------------------------------------
2014/3/21 9:17:11	系统重启深圳通服务	因为：连接错误，深圳通服务未启动(-2)	
--------------------------------------------------------------------------
2014/3/21 9:17:21	重新初始化深圳通服务成功!	深圳通意外中断,系统自动重建深圳通服务	连接错误，深圳通服务未启动(-2)
----------------------------------------------------------------------------------------------------------------
2014/3/21 9:17:21	系统重启深圳通服务	因为：连接错误，深圳通服务未启动(-2)	
--------------------------------------------------------------------------
2014/3/21 9:17:31	重新初始化深圳通服务成功!	深圳通意外中断,系统自动重建深圳通服务	连接错误，深圳通服务未启动(-2)
----------------------------------------------------------------------------------------------------------------
2014/3/21 9:17:31	系统重启深圳通服务	因为：连接错误，深圳通服务未启动(-2)	
--------------------------------------------------------------------------
2014/3/21 9:17:41	重新初始化深圳通服务成功!	深圳通意外中断,系统自动重建深圳通服务	连接错误，深圳通服务未启动(-2)
----------------------------------------------------------------------------------------------------------------
2014/3/21 9:17:41	系统重启深圳通服务	因为：连接错误，深圳通服务未启动(-2)	
--------------------------------------------------------------------------
2014/3/21 9:17:51	重新初始化深圳通服务成功!	深圳通意外中断,系统自动重建深圳通服务	连接错误，深圳通服务未启动(-2)
----------------------------------------------------------------------------------------------------------------
2014/3/21 9:17:51	系统重启深圳通服务	因为：连接错误，深圳通服务未启动(-2)	
--------------------------------------------------------------------------
2014/3/21 9:18:01	重新初始化深圳通服务成功!	深圳通意外中断,系统自动重建深圳通服务	连接错误，深圳通服务未启动(-2)
----------------------------------------------------------------------------------------------------------------
2014/3/21 9:18:01	系统重启深圳通服务	因为：连接错误，深圳通服务未启动(-2)	
--------------------------------------------------------------------------
2014/3/21 9:18:11	重新初始化深圳通服务成功!	深圳通意外中断,系统自动重建深圳通服务	连接错误，深圳通服务未启动(-2)
----------------------------------------------------------------------------------------------------------------
2014/3/21 9:18:11	系统重启深圳通服务	因为：连接错误，深圳通服务未启动(-2)	
--------------------------------------------------------------------------
2014/3/21 9:18:21	重新初始化深圳通服务成功!	深圳通意外中断,系统自动重建深圳通服务	连接错误，深圳通服务未启动(-2)
----------------------------------------------------------------------------------------------------------------
2014/3/21 9:18:21	系统重启深圳通服务	因为：连接错误，深圳通服务未启动(-2)	
--------------------------------------------------------------------------
2014/3/21 9:18:31	重新初始化深圳通服务成功!	深圳通意外中断,系统自动重建深圳通服务	连接错误，深圳通服务未启动(-2)
----------------------------------------------------------------------------------------------------------------
2014/3/21 9:18:31	系统重启深圳通服务	因为：连接错误，深圳通服务未启动(-2)	
--------------------------------------------------------------------------
2014/3/21 9:18:42	重新初始化深圳通服务成功!	深圳通意外中断,系统自动重建深圳通服务	连接错误，深圳通服务未启动(-2)
----------------------------------------------------------------------------------------------------------------
2014/3/21 9:18:42	系统重启深圳通服务	因为：连接错误，深圳通服务未启动(-2)	
--------------------------------------------------------------------------
2014/3/21 9:18:52	重新初始化深圳通服务成功!	深圳通意外中断,系统自动重建深圳通服务	连接错误，深圳通服务未启动(-2)
----------------------------------------------------------------------------------------------------------------
2014/3/21 9:18:52	系统重启深圳通服务	因为：连接错误，深圳通服务未启动(-2)	
--------------------------------------------------------------------------
2014/3/21 9:19:02	重新初始化深圳通服务成功!	深圳通意外中断,系统自动重建深圳通服务	连接错误，深圳通服务未启动(-2)
----------------------------------------------------------------------------------------------------------------
2014/3/21 9:19:02	系统重启深圳通服务	因为：连接错误，深圳通服务未启动(-2)	
--------------------------------------------------------------------------
2014/3/21 9:19:12	重新初始化深圳通服务成功!	深圳通意外中断,系统自动重建深圳通服务	连接错误，深圳通服务未启动(-2)
----------------------------------------------------------------------------------------------------------------
2014/3/21 9:19:12	系统重启深圳通服务	因为：连接错误，深圳通服务未启动(-2)	
--------------------------------------------------------------------------
2014/3/21 9:19:22	重新初始化深圳通服务成功!	深圳通意外中断,系统自动重建深圳通服务	连接错误，深圳通服务未启动(-2)
----------------------------------------------------------------------------------------------------------------
2014/3/21 9:19:22	系统重启深圳通服务	因为：连接错误，深圳通服务未启动(-2)	
--------------------------------------------------------------------------
2014/3/21 9:19:32	重新初始化深圳通服务成功!	深圳通意外中断,系统自动重建深圳通服务	连接错误，深圳通服务未启动(-2)
----------------------------------------------------------------------------------------------------------------
2014/3/21 9:19:32	系统重启深圳通服务	因为：连接错误，深圳通服务未启动(-2)	
--------------------------------------------------------------------------
2014/3/21 9:19:42	重新初始化深圳通服务成功!	深圳通意外中断,系统自动重建深圳通服务	连接错误，深圳通服务未启动(-2)
----------------------------------------------------------------------------------------------------------------
2014/3/21 9:19:42	系统重启深圳通服务	因为：连接错误，深圳通服务未启动(-2)	
--------------------------------------------------------------------------
2014/3/21 9:19:52	重新初始化深圳通服务成功!	深圳通意外中断,系统自动重建深圳通服务	连接错误，深圳通服务未启动(-2)
----------------------------------------------------------------------------------------------------------------
2014/3/21 9:19:52	系统重启深圳通服务	因为：连接错误，深圳通服务未启动(-2)	
--------------------------------------------------------------------------
2014/3/21 9:20:02	重新初始化深圳通服务成功!	深圳通意外中断,系统自动重建深圳通服务	连接错误，深圳通服务未启动(-2)
----------------------------------------------------------------------------------------------------------------
2014/3/21 9:20:02	系统重启深圳通服务	因为：连接错误，深圳通服务未启动(-2)	
--------------------------------------------------------------------------
2014/3/21 9:20:13	重新初始化深圳通服务成功!	深圳通意外中断,系统自动重建深圳通服务	连接错误，深圳通服务未启动(-2)
----------------------------------------------------------------------------------------------------------------
2014/3/21 9:20:13	系统重启深圳通服务	因为：连接错误，深圳通服务未启动(-2)	
--------------------------------------------------------------------------
2014/3/21 9:20:23	重新初始化深圳通服务成功!	深圳通意外中断,系统自动重建深圳通服务	连接错误，深圳通服务未启动(-2)
----------------------------------------------------------------------------------------------------------------
2014/3/21 9:20:23	系统重启深圳通服务	因为：连接错误，深圳通服务未启动(-2)	
--------------------------------------------------------------------------
2014/3/21 9:20:33	重新初始化深圳通服务成功!	深圳通意外中断,系统自动重建深圳通服务	连接错误，深圳通服务未启动(-2)
----------------------------------------------------------------------------------------------------------------
2014/3/21 9:20:33	系统重启深圳通服务	因为：连接错误，深圳通服务未启动(-2)	
--------------------------------------------------------------------------
2014/3/21 9:20:43	重新初始化深圳通服务成功!	深圳通意外中断,系统自动重建深圳通服务	连接错误，深圳通服务未启动(-2)
----------------------------------------------------------------------------------------------------------------
2014/3/21 9:20:43	系统重启深圳通服务	因为：连接错误，深圳通服务未启动(-2)	
--------------------------------------------------------------------------
2014/3/21 9:20:53	重新初始化深圳通服务成功!	深圳通意外中断,系统自动重建深圳通服务	连接错误，深圳通服务未启动(-2)
----------------------------------------------------------------------------------------------------------------
2014/3/21 9:20:53	系统重启深圳通服务	因为：连接错误，深圳通服务未启动(-2)	
--------------------------------------------------------------------------
2014/3/21 9:21:03	重新初始化深圳通服务成功!	深圳通意外中断,系统自动重建深圳通服务	连接错误，深圳通服务未启动(-2)
----------------------------------------------------------------------------------------------------------------
2014/3/21 9:21:03	系统重启深圳通服务	因为：连接错误，深圳通服务未启动(-2)	
--------------------------------------------------------------------------
2014/3/21 9:21:13	重新初始化深圳通服务成功!	深圳通意外中断,系统自动重建深圳通服务	连接错误，深圳通服务未启动(-2)
----------------------------------------------------------------------------------------------------------------
2014/3/21 9:21:13	系统重启深圳通服务	因为：连接错误，深圳通服务未启动(-2)	
--------------------------------------------------------------------------
2014/3/21 9:21:23	重新初始化深圳通服务成功!	深圳通意外中断,系统自动重建深圳通服务	连接错误，深圳通服务未启动(-2)
----------------------------------------------------------------------------------------------------------------
2014/3/21 9:21:23	系统重启深圳通服务	因为：连接错误，深圳通服务未启动(-2)	
--------------------------------------------------------------------------
2014/3/21 9:21:33	重新初始化深圳通服务成功!	深圳通意外中断,系统自动重建深圳通服务	连接错误，深圳通服务未启动(-2)
----------------------------------------------------------------------------------------------------------------
2014/3/21 9:21:34	系统重启深圳通服务	因为：连接错误，深圳通服务未启动(-2)	
--------------------------------------------------------------------------
2014/3/21 9:21:44	重新初始化深圳通服务成功!	深圳通意外中断,系统自动重建深圳通服务	连接错误，深圳通服务未启动(-2)
----------------------------------------------------------------------------------------------------------------
2014/3/21 9:21:44	系统重启深圳通服务	因为：连接错误，深圳通服务未启动(-2)	
--------------------------------------------------------------------------
2014/3/21 9:21:54	重新初始化深圳通服务成功!	深圳通意外中断,系统自动重建深圳通服务	连接错误，深圳通服务未启动(-2)
----------------------------------------------------------------------------------------------------------------
2014/3/21 9:21:54	系统重启深圳通服务	因为：连接错误，深圳通服务未启动(-2)	
--------------------------------------------------------------------------
2014/3/21 9:22:04	重新初始化深圳通服务成功!	深圳通意外中断,系统自动重建深圳通服务	连接错误，深圳通服务未启动(-2)
----------------------------------------------------------------------------------------------------------------
2014/3/21 9:22:04	系统重启深圳通服务	因为：连接错误，深圳通服务未启动(-2)	
--------------------------------------------------------------------------
2014/3/21 9:22:14	重新初始化深圳通服务成功!	深圳通意外中断,系统自动重建深圳通服务	连接错误，深圳通服务未启动(-2)
----------------------------------------------------------------------------------------------------------------
2014/3/21 9:22:14	系统重启深圳通服务	因为：连接错误，深圳通服务未启动(-2)	
--------------------------------------------------------------------------
2014/3/21 9:22:24	重新初始化深圳通服务成功!	深圳通意外中断,系统自动重建深圳通服务	连接错误，深圳通服务未启动(-2)
----------------------------------------------------------------------------------------------------------------
2014/3/21 9:22:24	系统重启深圳通服务	因为：连接错误，深圳通服务未启动(-2)	
--------------------------------------------------------------------------
2014/3/21 9:22:34	重新初始化深圳通服务成功!	深圳通意外中断,系统自动重建深圳通服务	连接错误，深圳通服务未启动(-2)
----------------------------------------------------------------------------------------------------------------
2014/3/21 9:22:34	系统重启深圳通服务	因为：连接错误，深圳通服务未启动(-2)	
--------------------------------------------------------------------------
2014/3/21 9:22:44	重新初始化深圳通服务成功!	深圳通意外中断,系统自动重建深圳通服务	连接错误，深圳通服务未启动(-2)
----------------------------------------------------------------------------------------------------------------
2014/3/21 9:22:44	系统重启深圳通服务	因为：连接错误，深圳通服务未启动(-2)	
--------------------------------------------------------------------------
2014/3/21 9:22:54	重新初始化深圳通服务成功!	深圳通意外中断,系统自动重建深圳通服务	连接错误，深圳通服务未启动(-2)
----------------------------------------------------------------------------------------------------------------
2014/3/21 9:22:54	系统重启深圳通服务	因为：连接错误，深圳通服务未启动(-2)	
--------------------------------------------------------------------------
2014/3/21 9:23:04	重新初始化深圳通服务成功!	深圳通意外中断,系统自动重建深圳通服务	连接错误，深圳通服务未启动(-2)
----------------------------------------------------------------------------------------------------------------
2014/3/21 9:23:05	系统重启深圳通服务	因为：连接错误，深圳通服务未启动(-2)	
--------------------------------------------------------------------------
2014/3/21 9:23:15	重新初始化深圳通服务成功!	深圳通意外中断,系统自动重建深圳通服务	连接错误，深圳通服务未启动(-2)
----------------------------------------------------------------------------------------------------------------
2014/3/21 9:23:15	系统重启深圳通服务	因为：连接错误，深圳通服务未启动(-2)	
--------------------------------------------------------------------------
2014/3/21 9:23:25	重新初始化深圳通服务成功!	深圳通意外中断,系统自动重建深圳通服务	连接错误，深圳通服务未启动(-2)
----------------------------------------------------------------------------------------------------------------
2014/3/21 9:23:25	系统重启深圳通服务	因为：连接错误，深圳通服务未启动(-2)	
--------------------------------------------------------------------------
2014/3/21 9:23:35	重新初始化深圳通服务成功!	深圳通意外中断,系统自动重建深圳通服务	连接错误，深圳通服务未启动(-2)
----------------------------------------------------------------------------------------------------------------
2014/3/21 9:23:35	系统重启深圳通服务	因为：连接错误，深圳通服务未启动(-2)	
--------------------------------------------------------------------------
2014/3/21 9:23:45	重新初始化深圳通服务成功!	深圳通意外中断,系统自动重建深圳通服务	连接错误，深圳通服务未启动(-2)
----------------------------------------------------------------------------------------------------------------
2014/3/21 9:23:45	系统重启深圳通服务	因为：连接错误，深圳通服务未启动(-2)	
--------------------------------------------------------------------------
2014/3/21 9:23:55	重新初始化深圳通服务成功!	深圳通意外中断,系统自动重建深圳通服务	连接错误，深圳通服务未启动(-2)
----------------------------------------------------------------------------------------------------------------
2014/3/21 9:23:55	系统重启深圳通服务	因为：连接错误，深圳通服务未启动(-2)	
--------------------------------------------------------------------------
2014/3/21 9:24:05	重新初始化深圳通服务成功!	深圳通意外中断,系统自动重建深圳通服务	连接错误，深圳通服务未启动(-2)
----------------------------------------------------------------------------------------------------------------
2014/3/21 9:24:05	系统重启深圳通服务	因为：连接错误，深圳通服务未启动(-2)	
--------------------------------------------------------------------------
2014/3/21 9:24:15	重新初始化深圳通服务成功!	深圳通意外中断,系统自动重建深圳通服务	连接错误，深圳通服务未启动(-2)
----------------------------------------------------------------------------------------------------------------
2014/3/21 9:24:15	系统重启深圳通服务	因为：连接错误，深圳通服务未启动(-2)	
--------------------------------------------------------------------------
2014/3/21 9:24:25	重新初始化深圳通服务成功!	深圳通意外中断,系统自动重建深圳通服务	连接错误，深圳通服务未启动(-2)
----------------------------------------------------------------------------------------------------------------
2014/3/21 9:24:25	系统重启深圳通服务	因为：连接错误，深圳通服务未启动(-2)	
--------------------------------------------------------------------------
2014/3/21 9:24:35	重新初始化深圳通服务成功!	深圳通意外中断,系统自动重建深圳通服务	连接错误，深圳通服务未启动(-2)
----------------------------------------------------------------------------------------------------------------
2014/3/21 9:24:36	系统重启深圳通服务	因为：连接错误，深圳通服务未启动(-2)	
--------------------------------------------------------------------------
2014/3/21 9:24:46	重新初始化深圳通服务成功!	深圳通意外中断,系统自动重建深圳通服务	连接错误，深圳通服务未启动(-2)
----------------------------------------------------------------------------------------------------------------
2014/3/21 9:24:46	系统重启深圳通服务	因为：连接错误，深圳通服务未启动(-2)	
--------------------------------------------------------------------------
2014/3/21 9:24:56	重新初始化深圳通服务成功!	深圳通意外中断,系统自动重建深圳通服务	连接错误，深圳通服务未启动(-2)
----------------------------------------------------------------------------------------------------------------
2014/3/21 9:24:56	系统重启深圳通服务	因为：连接错误，深圳通服务未启动(-2)	
--------------------------------------------------------------------------
2014/3/21 9:25:06	重新初始化深圳通服务成功!	深圳通意外中断,系统自动重建深圳通服务	连接错误，深圳通服务未启动(-2)
----------------------------------------------------------------------------------------------------------------
2014/3/21 9:25:06	系统重启深圳通服务	因为：连接错误，深圳通服务未启动(-2)	
--------------------------------------------------------------------------
2014/3/21 9:25:16	重新初始化深圳通服务成功!	深圳通意外中断,系统自动重建深圳通服务	连接错误，深圳通服务未启动(-2)
----------------------------------------------------------------------------------------------------------------
2014/3/21 9:25:16	系统重启深圳通服务	因为：连接错误，深圳通服务未启动(-2)	
--------------------------------------------------------------------------
2014/3/21 9:25:26	重新初始化深圳通服务成功!	深圳通意外中断,系统自动重建深圳通服务	连接错误，深圳通服务未启动(-2)
----------------------------------------------------------------------------------------------------------------
2014/3/21 9:25:26	系统重启深圳通服务	因为：连接错误，深圳通服务未启动(-2)	
--------------------------------------------------------------------------
2014/3/21 9:25:36	重新初始化深圳通服务成功!	深圳通意外中断,系统自动重建深圳通服务	连接错误，深圳通服务未启动(-2)
----------------------------------------------------------------------------------------------------------------
2014/3/21 9:25:36	系统重启深圳通服务	因为：连接错误，深圳通服务未启动(-2)	
--------------------------------------------------------------------------
2014/3/21 9:25:46	重新初始化深圳通服务成功!	深圳通意外中断,系统自动重建深圳通服务	连接错误，深圳通服务未启动(-2)
----------------------------------------------------------------------------------------------------------------
2014/3/21 9:25:46	系统重启深圳通服务	因为：连接错误，深圳通服务未启动(-2)	
--------------------------------------------------------------------------
2014/3/21 9:25:56	重新初始化深圳通服务成功!	深圳通意外中断,系统自动重建深圳通服务	连接错误，深圳通服务未启动(-2)
----------------------------------------------------------------------------------------------------------------
2014/3/21 9:25:56	系统重启深圳通服务	因为：连接错误，深圳通服务未启动(-2)	
--------------------------------------------------------------------------
2014/3/21 9:26:06	重新初始化深圳通服务成功!	深圳通意外中断,系统自动重建深圳通服务	连接错误，深圳通服务未启动(-2)
----------------------------------------------------------------------------------------------------------------
2014/3/21 9:26:07	系统重启深圳通服务	因为：连接错误，深圳通服务未启动(-2)	
--------------------------------------------------------------------------
2014/3/21 9:26:17	重新初始化深圳通服务成功!	深圳通意外中断,系统自动重建深圳通服务	连接错误，深圳通服务未启动(-2)
----------------------------------------------------------------------------------------------------------------
2014/3/21 9:26:17	系统重启深圳通服务	因为：连接错误，深圳通服务未启动(-2)	
--------------------------------------------------------------------------
2014/3/21 9:26:27	重新初始化深圳通服务成功!	深圳通意外中断,系统自动重建深圳通服务	连接错误，深圳通服务未启动(-2)
----------------------------------------------------------------------------------------------------------------
2014/3/21 9:26:27	系统重启深圳通服务	因为：连接错误，深圳通服务未启动(-2)	
--------------------------------------------------------------------------
2014/3/21 9:26:37	重新初始化深圳通服务成功!	深圳通意外中断,系统自动重建深圳通服务	连接错误，深圳通服务未启动(-2)
----------------------------------------------------------------------------------------------------------------
2014/3/21 9:26:37	系统重启深圳通服务	因为：连接错误，深圳通服务未启动(-2)	
--------------------------------------------------------------------------
2014/3/21 9:26:47	重新初始化深圳通服务成功!	深圳通意外中断,系统自动重建深圳通服务	连接错误，深圳通服务未启动(-2)
----------------------------------------------------------------------------------------------------------------
2014/3/21 9:26:47	系统重启深圳通服务	因为：连接错误，深圳通服务未启动(-2)	
--------------------------------------------------------------------------
2014/3/21 9:26:57	重新初始化深圳通服务成功!	深圳通意外中断,系统自动重建深圳通服务	连接错误，深圳通服务未启动(-2)
----------------------------------------------------------------------------------------------------------------
2014/3/21 9:26:57	系统重启深圳通服务	因为：连接错误，深圳通服务未启动(-2)	
--------------------------------------------------------------------------
2014/3/21 9:27:07	重新初始化深圳通服务成功!	深圳通意外中断,系统自动重建深圳通服务	连接错误，深圳通服务未启动(-2)
----------------------------------------------------------------------------------------------------------------
2014/3/21 9:27:07	系统重启深圳通服务	因为：连接错误，深圳通服务未启动(-2)	
--------------------------------------------------------------------------
2014/3/21 9:27:17	重新初始化深圳通服务成功!	深圳通意外中断,系统自动重建深圳通服务	连接错误，深圳通服务未启动(-2)
----------------------------------------------------------------------------------------------------------------
2014/3/21 9:27:17	系统重启深圳通服务	因为：连接错误，深圳通服务未启动(-2)	
--------------------------------------------------------------------------
2014/3/21 9:27:27	重新初始化深圳通服务成功!	深圳通意外中断,系统自动重建深圳通服务	连接错误，深圳通服务未启动(-2)
----------------------------------------------------------------------------------------------------------------
2014/3/21 9:27:27	系统重启深圳通服务	因为：连接错误，深圳通服务未启动(-2)	
--------------------------------------------------------------------------
2014/3/21 9:27:37	重新初始化深圳通服务成功!	深圳通意外中断,系统自动重建深圳通服务	连接错误，深圳通服务未启动(-2)
----------------------------------------------------------------------------------------------------------------
2014/3/21 9:27:38	系统重启深圳通服务	因为：连接错误，深圳通服务未启动(-2)	
--------------------------------------------------------------------------
2014/3/21 9:27:48	重新初始化深圳通服务成功!	深圳通意外中断,系统自动重建深圳通服务	连接错误，深圳通服务未启动(-2)
----------------------------------------------------------------------------------------------------------------
2014/3/21 9:27:48	系统重启深圳通服务	因为：连接错误，深圳通服务未启动(-2)	
--------------------------------------------------------------------------
2014/3/21 9:27:58	重新初始化深圳通服务成功!	深圳通意外中断,系统自动重建深圳通服务	连接错误，深圳通服务未启动(-2)
----------------------------------------------------------------------------------------------------------------
2014/3/21 9:27:58	系统重启深圳通服务	因为：连接错误，深圳通服务未启动(-2)	
--------------------------------------------------------------------------
2014/3/21 9:28:08	重新初始化深圳通服务成功!	深圳通意外中断,系统自动重建深圳通服务	连接错误，深圳通服务未启动(-2)
----------------------------------------------------------------------------------------------------------------
2014/3/21 9:28:08	系统重启深圳通服务	因为：连接错误，深圳通服务未启动(-2)	
--------------------------------------------------------------------------
2014/3/21 9:28:18	重新初始化深圳通服务成功!	深圳通意外中断,系统自动重建深圳通服务	连接错误，深圳通服务未启动(-2)
----------------------------------------------------------------------------------------------------------------
2014/3/21 9:28:18	系统重启深圳通服务	因为：连接错误，深圳通服务未启动(-2)	
--------------------------------------------------------------------------
2014/3/21 9:28:28	重新初始化深圳通服务成功!	深圳通意外中断,系统自动重建深圳通服务	连接错误，深圳通服务未启动(-2)
----------------------------------------------------------------------------------------------------------------
2014/3/21 9:28:28	系统重启深圳通服务	因为：连接错误，深圳通服务未启动(-2)	
--------------------------------------------------------------------------
2014/3/21 9:28:38	重新初始化深圳通服务成功!	深圳通意外中断,系统自动重建深圳通服务	连接错误，深圳通服务未启动(-2)
----------------------------------------------------------------------------------------------------------------
2014/3/21 9:28:38	系统重启深圳通服务	因为：连接错误，深圳通服务未启动(-2)	
--------------------------------------------------------------------------
2014/3/21 9:28:48	重新初始化深圳通服务成功!	深圳通意外中断,系统自动重建深圳通服务	连接错误，深圳通服务未启动(-2)
----------------------------------------------------------------------------------------------------------------
2014/3/21 9:28:48	系统重启深圳通服务	因为：连接错误，深圳通服务未启动(-2)	
--------------------------------------------------------------------------
2014/3/21 9:28:58	重新初始化深圳通服务成功!	深圳通意外中断,系统自动重建深圳通服务	连接错误，深圳通服务未启动(-2)
----------------------------------------------------------------------------------------------------------------
2014/3/21 9:28:58	系统重启深圳通服务	因为：连接错误，深圳通服务未启动(-2)	
--------------------------------------------------------------------------
2014/3/21 9:29:09	重新初始化深圳通服务成功!	深圳通意外中断,系统自动重建深圳通服务	连接错误，深圳通服务未启动(-2)
----------------------------------------------------------------------------------------------------------------
2014/3/21 9:29:09	系统重启深圳通服务	因为：连接错误，深圳通服务未启动(-2)	
--------------------------------------------------------------------------
2014/3/21 9:29:19	重新初始化深圳通服务成功!	深圳通意外中断,系统自动重建深圳通服务	连接错误，深圳通服务未启动(-2)
----------------------------------------------------------------------------------------------------------------
2014/3/21 9:29:19	系统重启深圳通服务	因为：连接错误，深圳通服务未启动(-2)	
--------------------------------------------------------------------------
2014/3/21 9:29:29	重新初始化深圳通服务成功!	深圳通意外中断,系统自动重建深圳通服务	连接错误，深圳通服务未启动(-2)
----------------------------------------------------------------------------------------------------------------
2014/3/21 9:29:29	系统重启深圳通服务	因为：连接错误，深圳通服务未启动(-2)	
--------------------------------------------------------------------------
2014/3/21 9:29:39	重新初始化深圳通服务成功!	深圳通意外中断,系统自动重建深圳通服务	连接错误，深圳通服务未启动(-2)
----------------------------------------------------------------------------------------------------------------
2014/3/21 9:29:39	系统重启深圳通服务	因为：连接错误，深圳通服务未启动(-2)	
--------------------------------------------------------------------------
2014/3/21 9:29:49	重新初始化深圳通服务成功!	深圳通意外中断,系统自动重建深圳通服务	连接错误，深圳通服务未启动(-2)
----------------------------------------------------------------------------------------------------------------
2014/3/21 9:29:49	系统重启深圳通服务	因为：连接错误，深圳通服务未启动(-2)	
--------------------------------------------------------------------------
2014/3/21 9:29:59	重新初始化深圳通服务成功!	深圳通意外中断,系统自动重建深圳通服务	连接错误，深圳通服务未启动(-2)
----------------------------------------------------------------------------------------------------------------
2014/3/21 9:29:59	系统重启深圳通服务	因为：连接错误，深圳通服务未启动(-2)	
--------------------------------------------------------------------------
2014/3/21 9:30:09	重新初始化深圳通服务成功!	深圳通意外中断,系统自动重建深圳通服务	连接错误，深圳通服务未启动(-2)
----------------------------------------------------------------------------------------------------------------
2014/3/21 9:30:09	系统重启深圳通服务	因为：连接错误，深圳通服务未启动(-2)	
--------------------------------------------------------------------------
2014/3/21 9:30:19	重新初始化深圳通服务成功!	深圳通意外中断,系统自动重建深圳通服务	连接错误，深圳通服务未启动(-2)
----------------------------------------------------------------------------------------------------------------
2014/3/21 9:30:19	系统重启深圳通服务	因为：连接错误，深圳通服务未启动(-2)	
--------------------------------------------------------------------------
2014/3/21 9:30:29	重新初始化深圳通服务成功!	深圳通意外中断,系统自动重建深圳通服务	连接错误，深圳通服务未启动(-2)
----------------------------------------------------------------------------------------------------------------
2014/3/21 9:30:30	系统重启深圳通服务	因为：连接错误，深圳通服务未启动(-2)	
--------------------------------------------------------------------------
2014/3/21 9:30:40	重新初始化深圳通服务成功!	深圳通意外中断,系统自动重建深圳通服务	连接错误，深圳通服务未启动(-2)
----------------------------------------------------------------------------------------------------------------
2014/3/21 9:30:40	系统重启深圳通服务	因为：连接错误，深圳通服务未启动(-2)	
--------------------------------------------------------------------------
2014/3/21 9:30:50	重新初始化深圳通服务成功!	深圳通意外中断,系统自动重建深圳通服务	连接错误，深圳通服务未启动(-2)
----------------------------------------------------------------------------------------------------------------
2014/3/21 9:30:50	系统重启深圳通服务	因为：连接错误，深圳通服务未启动(-2)	
--------------------------------------------------------------------------
2014/3/21 9:31:00	重新初始化深圳通服务成功!	深圳通意外中断,系统自动重建深圳通服务	连接错误，深圳通服务未启动(-2)
----------------------------------------------------------------------------------------------------------------
2014/3/21 9:31:00	系统重启深圳通服务	因为：连接错误，深圳通服务未启动(-2)	
--------------------------------------------------------------------------
2014/3/21 9:31:10	重新初始化深圳通服务成功!	深圳通意外中断,系统自动重建深圳通服务	连接错误，深圳通服务未启动(-2)
----------------------------------------------------------------------------------------------------------------
2014/3/21 9:31:10	系统重启深圳通服务	因为：连接错误，深圳通服务未启动(-2)	
--------------------------------------------------------------------------
2014/3/21 9:31:20	重新初始化深圳通服务成功!	深圳通意外中断,系统自动重建深圳通服务	连接错误，深圳通服务未启动(-2)
----------------------------------------------------------------------------------------------------------------
2014/3/21 9:31:20	系统重启深圳通服务	因为：连接错误，深圳通服务未启动(-2)	
--------------------------------------------------------------------------
2014/3/21 9:31:30	重新初始化深圳通服务成功!	深圳通意外中断,系统自动重建深圳通服务	连接错误，深圳通服务未启动(-2)
----------------------------------------------------------------------------------------------------------------
2014/3/21 9:31:30	系统重启深圳通服务	因为：连接错误，深圳通服务未启动(-2)	
--------------------------------------------------------------------------
2014/3/21 9:31:40	重新初始化深圳通服务成功!	深圳通意外中断,系统自动重建深圳通服务	连接错误，深圳通服务未启动(-2)
----------------------------------------------------------------------------------------------------------------
2014/3/21 9:31:40	系统重启深圳通服务	因为：连接错误，深圳通服务未启动(-2)	
--------------------------------------------------------------------------
2014/3/21 9:31:50	重新初始化深圳通服务成功!	深圳通意外中断,系统自动重建深圳通服务	连接错误，深圳通服务未启动(-2)
----------------------------------------------------------------------------------------------------------------
2014/3/21 9:31:50	系统重启深圳通服务	因为：连接错误，深圳通服务未启动(-2)	
--------------------------------------------------------------------------
2014/3/21 9:32:00	重新初始化深圳通服务成功!	深圳通意外中断,系统自动重建深圳通服务	连接错误，深圳通服务未启动(-2)
----------------------------------------------------------------------------------------------------------------
2014/3/21 9:32:01	系统重启深圳通服务	因为：连接错误，深圳通服务未启动(-2)	
--------------------------------------------------------------------------
2014/3/21 9:32:11	重新初始化深圳通服务成功!	深圳通意外中断,系统自动重建深圳通服务	连接错误，深圳通服务未启动(-2)
----------------------------------------------------------------------------------------------------------------
2014/3/21 9:32:11	系统重启深圳通服务	因为：连接错误，深圳通服务未启动(-2)	
--------------------------------------------------------------------------
2014/3/21 9:32:21	重新初始化深圳通服务成功!	深圳通意外中断,系统自动重建深圳通服务	连接错误，深圳通服务未启动(-2)
----------------------------------------------------------------------------------------------------------------
2014/3/21 9:32:21	系统重启深圳通服务	因为：连接错误，深圳通服务未启动(-2)	
--------------------------------------------------------------------------
2014/3/21 9:32:31	重新初始化深圳通服务成功!	深圳通意外中断,系统自动重建深圳通服务	连接错误，深圳通服务未启动(-2)
----------------------------------------------------------------------------------------------------------------
2014/3/21 9:32:31	系统重启深圳通服务	因为：连接错误，深圳通服务未启动(-2)	
--------------------------------------------------------------------------
2014/3/21 9:32:41	重新初始化深圳通服务成功!	深圳通意外中断,系统自动重建深圳通服务	连接错误，深圳通服务未启动(-2)
----------------------------------------------------------------------------------------------------------------
2014/3/21 9:32:41	系统重启深圳通服务	因为：连接错误，深圳通服务未启动(-2)	
--------------------------------------------------------------------------
2014/3/21 9:32:51	重新初始化深圳通服务成功!	深圳通意外中断,系统自动重建深圳通服务	连接错误，深圳通服务未启动(-2)
----------------------------------------------------------------------------------------------------------------
2014/3/21 9:32:51	系统重启深圳通服务	因为：连接错误，深圳通服务未启动(-2)	
--------------------------------------------------------------------------
2014/3/21 9:33:01	重新初始化深圳通服务成功!	深圳通意外中断,系统自动重建深圳通服务	连接错误，深圳通服务未启动(-2)
----------------------------------------------------------------------------------------------------------------
2014/3/21 9:33:01	系统重启深圳通服务	因为：连接错误，深圳通服务未启动(-2)	
--------------------------------------------------------------------------
2014/3/21 9:33:11	重新初始化深圳通服务成功!	深圳通意外中断,系统自动重建深圳通服务	连接错误，深圳通服务未启动(-2)
----------------------------------------------------------------------------------------------------------------
2014/3/21 9:33:11	系统重启深圳通服务	因为：连接错误，深圳通服务未启动(-2)	
--------------------------------------------------------------------------
2014/3/21 9:33:21	重新初始化深圳通服务成功!	深圳通意外中断,系统自动重建深圳通服务	连接错误，深圳通服务未启动(-2)
----------------------------------------------------------------------------------------------------------------
2014/3/21 9:33:21	系统重启深圳通服务	因为：连接错误，深圳通服务未启动(-2)	
--------------------------------------------------------------------------
2014/3/21 9:33:31	重新初始化深圳通服务成功!	深圳通意外中断,系统自动重建深圳通服务	连接错误，深圳通服务未启动(-2)
----------------------------------------------------------------------------------------------------------------
2014/3/21 9:33:32	系统重启深圳通服务	因为：连接错误，深圳通服务未启动(-2)	
--------------------------------------------------------------------------
2014/3/21 9:33:42	重新初始化深圳通服务成功!	深圳通意外中断,系统自动重建深圳通服务	连接错误，深圳通服务未启动(-2)
----------------------------------------------------------------------------------------------------------------
2014/3/21 9:33:42	系统重启深圳通服务	因为：连接错误，深圳通服务未启动(-2)	
--------------------------------------------------------------------------
2014/3/21 9:33:52	重新初始化深圳通服务成功!	深圳通意外中断,系统自动重建深圳通服务	连接错误，深圳通服务未启动(-2)
----------------------------------------------------------------------------------------------------------------
2014/3/21 9:33:52	系统重启深圳通服务	因为：连接错误，深圳通服务未启动(-2)	
--------------------------------------------------------------------------
2014/3/21 9:34:02	重新初始化深圳通服务成功!	深圳通意外中断,系统自动重建深圳通服务	连接错误，深圳通服务未启动(-2)
----------------------------------------------------------------------------------------------------------------
2014/3/21 9:34:02	系统重启深圳通服务	因为：连接错误，深圳通服务未启动(-2)	
--------------------------------------------------------------------------
2014/3/21 9:34:12	重新初始化深圳通服务成功!	深圳通意外中断,系统自动重建深圳通服务	连接错误，深圳通服务未启动(-2)
----------------------------------------------------------------------------------------------------------------
2014/3/21 9:34:12	系统重启深圳通服务	因为：连接错误，深圳通服务未启动(-2)	
--------------------------------------------------------------------------
2014/3/21 9:34:22	重新初始化深圳通服务成功!	深圳通意外中断,系统自动重建深圳通服务	连接错误，深圳通服务未启动(-2)
----------------------------------------------------------------------------------------------------------------
2014/3/21 9:34:22	系统重启深圳通服务	因为：连接错误，深圳通服务未启动(-2)	
--------------------------------------------------------------------------
2014/3/21 9:34:32	重新初始化深圳通服务成功!	深圳通意外中断,系统自动重建深圳通服务	连接错误，深圳通服务未启动(-2)
----------------------------------------------------------------------------------------------------------------
2014/3/21 9:34:32	系统重启深圳通服务	因为：连接错误，深圳通服务未启动(-2)	
--------------------------------------------------------------------------
2014/3/21 9:34:42	重新初始化深圳通服务成功!	深圳通意外中断,系统自动重建深圳通服务	连接错误，深圳通服务未启动(-2)
----------------------------------------------------------------------------------------------------------------
2014/3/21 9:34:42	系统重启深圳通服务	因为：连接错误，深圳通服务未启动(-2)	
--------------------------------------------------------------------------
2014/3/21 9:34:52	重新初始化深圳通服务成功!	深圳通意外中断,系统自动重建深圳通服务	连接错误，深圳通服务未启动(-2)
----------------------------------------------------------------------------------------------------------------
2014/3/21 9:34:52	系统重启深圳通服务	因为：连接错误，深圳通服务未启动(-2)	
--------------------------------------------------------------------------
2014/3/21 9:35:03	重新初始化深圳通服务成功!	深圳通意外中断,系统自动重建深圳通服务	连接错误，深圳通服务未启动(-2)
----------------------------------------------------------------------------------------------------------------
2014/3/21 9:35:03	系统重启深圳通服务	因为：连接错误，深圳通服务未启动(-2)	
--------------------------------------------------------------------------
2014/3/21 9:35:13	重新初始化深圳通服务成功!	深圳通意外中断,系统自动重建深圳通服务	连接错误，深圳通服务未启动(-2)
----------------------------------------------------------------------------------------------------------------
2014/3/21 9:35:13	系统重启深圳通服务	因为：连接错误，深圳通服务未启动(-2)	
--------------------------------------------------------------------------
2014/3/21 9:35:23	重新初始化深圳通服务成功!	深圳通意外中断,系统自动重建深圳通服务	连接错误，深圳通服务未启动(-2)
----------------------------------------------------------------------------------------------------------------
2014/3/21 9:35:23	系统重启深圳通服务	因为：连接错误，深圳通服务未启动(-2)	
--------------------------------------------------------------------------
2014/3/21 9:35:33	重新初始化深圳通服务成功!	深圳通意外中断,系统自动重建深圳通服务	连接错误，深圳通服务未启动(-2)
----------------------------------------------------------------------------------------------------------------
2014/3/21 9:35:33	系统重启深圳通服务	因为：连接错误，深圳通服务未启动(-2)	
--------------------------------------------------------------------------
2014/3/21 9:35:43	重新初始化深圳通服务成功!	深圳通意外中断,系统自动重建深圳通服务	连接错误，深圳通服务未启动(-2)
----------------------------------------------------------------------------------------------------------------
2014/3/21 9:35:43	系统重启深圳通服务	因为：连接错误，深圳通服务未启动(-2)	
--------------------------------------------------------------------------
2014/3/21 9:35:53	重新初始化深圳通服务成功!	深圳通意外中断,系统自动重建深圳通服务	连接错误，深圳通服务未启动(-2)
----------------------------------------------------------------------------------------------------------------
2014/3/21 9:35:53	系统重启深圳通服务	因为：连接错误，深圳通服务未启动(-2)	
--------------------------------------------------------------------------
2014/3/21 9:36:03	重新初始化深圳通服务成功!	深圳通意外中断,系统自动重建深圳通服务	连接错误，深圳通服务未启动(-2)
----------------------------------------------------------------------------------------------------------------
2014/3/21 9:36:03	系统重启深圳通服务	因为：连接错误，深圳通服务未启动(-2)	
--------------------------------------------------------------------------
2014/3/21 9:36:13	重新初始化深圳通服务成功!	深圳通意外中断,系统自动重建深圳通服务	连接错误，深圳通服务未启动(-2)
----------------------------------------------------------------------------------------------------------------
2014/3/21 9:36:13	系统重启深圳通服务	因为：连接错误，深圳通服务未启动(-2)	
--------------------------------------------------------------------------
2014/3/21 9:36:23	重新初始化深圳通服务成功!	深圳通意外中断,系统自动重建深圳通服务	连接错误，深圳通服务未启动(-2)
----------------------------------------------------------------------------------------------------------------
2014/3/21 9:36:23	系统重启深圳通服务	因为：连接错误，深圳通服务未启动(-2)	
--------------------------------------------------------------------------
2014/3/21 9:36:33	重新初始化深圳通服务成功!	深圳通意外中断,系统自动重建深圳通服务	连接错误，深圳通服务未启动(-2)
----------------------------------------------------------------------------------------------------------------
2014/3/21 9:36:34	系统重启深圳通服务	因为：连接错误，深圳通服务未启动(-2)	
--------------------------------------------------------------------------
2014/3/21 9:36:44	重新初始化深圳通服务成功!	深圳通意外中断,系统自动重建深圳通服务	连接错误，深圳通服务未启动(-2)
----------------------------------------------------------------------------------------------------------------
2014/3/21 9:36:44	系统重启深圳通服务	因为：连接错误，深圳通服务未启动(-2)	
--------------------------------------------------------------------------
2014/3/21 9:36:54	重新初始化深圳通服务成功!	深圳通意外中断,系统自动重建深圳通服务	连接错误，深圳通服务未启动(-2)
----------------------------------------------------------------------------------------------------------------
2014/3/21 9:36:54	系统重启深圳通服务	因为：连接错误，深圳通服务未启动(-2)	
--------------------------------------------------------------------------
2014/3/21 9:37:04	重新初始化深圳通服务成功!	深圳通意外中断,系统自动重建深圳通服务	连接错误，深圳通服务未启动(-2)
----------------------------------------------------------------------------------------------------------------
2014/3/21 9:37:04	系统重启深圳通服务	因为：连接错误，深圳通服务未启动(-2)	
--------------------------------------------------------------------------
2014/3/21 9:37:14	重新初始化深圳通服务成功!	深圳通意外中断,系统自动重建深圳通服务	连接错误，深圳通服务未启动(-2)
----------------------------------------------------------------------------------------------------------------
2014/3/21 9:37:14	系统重启深圳通服务	因为：连接错误，深圳通服务未启动(-2)	
--------------------------------------------------------------------------
2014/3/21 9:37:24	重新初始化深圳通服务成功!	深圳通意外中断,系统自动重建深圳通服务	连接错误，深圳通服务未启动(-2)
----------------------------------------------------------------------------------------------------------------
2014/3/21 9:37:24	系统重启深圳通服务	因为：连接错误，深圳通服务未启动(-2)	
--------------------------------------------------------------------------
2014/3/21 9:37:34	重新初始化深圳通服务成功!	深圳通意外中断,系统自动重建深圳通服务	连接错误，深圳通服务未启动(-2)
----------------------------------------------------------------------------------------------------------------
2014/3/21 9:37:34	系统重启深圳通服务	因为：连接错误，深圳通服务未启动(-2)	
--------------------------------------------------------------------------
2014/3/21 9:37:44	重新初始化深圳通服务成功!	深圳通意外中断,系统自动重建深圳通服务	连接错误，深圳通服务未启动(-2)
----------------------------------------------------------------------------------------------------------------
2014/3/21 9:37:44	系统重启深圳通服务	因为：连接错误，深圳通服务未启动(-2)	
--------------------------------------------------------------------------
2014/3/21 9:37:54	重新初始化深圳通服务成功!	深圳通意外中断,系统自动重建深圳通服务	连接错误，深圳通服务未启动(-2)
----------------------------------------------------------------------------------------------------------------
2014/3/21 9:37:54	系统重启深圳通服务	因为：连接错误，深圳通服务未启动(-2)	
--------------------------------------------------------------------------
2014/3/21 9:38:04	重新初始化深圳通服务成功!	深圳通意外中断,系统自动重建深圳通服务	连接错误，深圳通服务未启动(-2)
----------------------------------------------------------------------------------------------------------------
2014/3/21 9:38:04	系统重启深圳通服务	因为：连接错误，深圳通服务未启动(-2)	
--------------------------------------------------------------------------
2014/3/21 9:38:14	重新初始化深圳通服务成功!	深圳通意外中断,系统自动重建深圳通服务	连接错误，深圳通服务未启动(-2)
----------------------------------------------------------------------------------------------------------------
2014/3/21 9:38:15	系统重启深圳通服务	因为：连接错误，深圳通服务未启动(-2)	
--------------------------------------------------------------------------
2014/3/21 9:38:25	重新初始化深圳通服务成功!	深圳通意外中断,系统自动重建深圳通服务	连接错误，深圳通服务未启动(-2)
----------------------------------------------------------------------------------------------------------------
2014/3/21 9:38:25	系统重启深圳通服务	因为：连接错误，深圳通服务未启动(-2)	
--------------------------------------------------------------------------
2014/3/21 9:38:35	重新初始化深圳通服务成功!	深圳通意外中断,系统自动重建深圳通服务	连接错误，深圳通服务未启动(-2)
----------------------------------------------------------------------------------------------------------------
2014/3/21 9:38:35	系统重启深圳通服务	因为：连接错误，深圳通服务未启动(-2)	
--------------------------------------------------------------------------
2014/3/21 9:38:45	重新初始化深圳通服务成功!	深圳通意外中断,系统自动重建深圳通服务	连接错误，深圳通服务未启动(-2)
----------------------------------------------------------------------------------------------------------------
2014/3/21 9:38:45	系统重启深圳通服务	因为：连接错误，深圳通服务未启动(-2)	
--------------------------------------------------------------------------
2014/3/21 9:38:55	重新初始化深圳通服务成功!	深圳通意外中断,系统自动重建深圳通服务	连接错误，深圳通服务未启动(-2)
----------------------------------------------------------------------------------------------------------------
2014/3/21 9:38:55	系统重启深圳通服务	因为：连接错误，深圳通服务未启动(-2)	
--------------------------------------------------------------------------
2014/3/21 9:39:05	重新初始化深圳通服务成功!	深圳通意外中断,系统自动重建深圳通服务	连接错误，深圳通服务未启动(-2)
----------------------------------------------------------------------------------------------------------------
2014/3/21 9:39:05	系统重启深圳通服务	因为：连接错误，深圳通服务未启动(-2)	
--------------------------------------------------------------------------
2014/3/21 9:39:15	重新初始化深圳通服务成功!	深圳通意外中断,系统自动重建深圳通服务	连接错误，深圳通服务未启动(-2)
----------------------------------------------------------------------------------------------------------------
2014/3/21 9:39:15	系统重启深圳通服务	因为：连接错误，深圳通服务未启动(-2)	
--------------------------------------------------------------------------
2014/3/21 9:39:25	重新初始化深圳通服务成功!	深圳通意外中断,系统自动重建深圳通服务	连接错误，深圳通服务未启动(-2)
----------------------------------------------------------------------------------------------------------------
2014/3/21 9:39:25	系统重启深圳通服务	因为：连接错误，深圳通服务未启动(-2)	
--------------------------------------------------------------------------
2014/3/21 9:39:35	重新初始化深圳通服务成功!	深圳通意外中断,系统自动重建深圳通服务	连接错误，深圳通服务未启动(-2)
----------------------------------------------------------------------------------------------------------------
2014/3/21 9:39:35	系统重启深圳通服务	因为：连接错误，深圳通服务未启动(-2)	
--------------------------------------------------------------------------
