20200804 21:52:56检测项目：com.yss.fast.config.check.dbsetting启动完成
20200804 21:52:56检测项目：com.yss.fast.config.check.kafka启动完成
20200804 21:52:56检测项目：com.yss.fast.config.check.license启动完成
20200804 21:52:56检测项目：com.yss.fast.config.check.mq启动完成
20200804 21:52:56检测项目：com.yss.fast.config.check.nosql启动完成
20200804 21:52:56检测项目：com.yss.fast.config.check.rpc启动完成
20200804 21:52:56检测项目：com.yss.fast.config.check.server启动完成
20200804 21:52:56检测项目：com.yss.fast.config.check.system.summary启动完成
20200804 21:52:56检测项目：com.yss.fast.config.check.zoo启动完成
20200804 21:52:56注册了com.yss.fast.config.check.dbsetting.service.impl的检测项
20200804 21:52:56注册了com.yss.fast.config.check.kafka.service.impl的检测项
20200804 21:52:56注册了com.yss.fast.config.check.license.service.impl的检测项
20200804 21:52:56注册了com.yss.fast.config.check.mq.service.impl的检测项
20200804 21:52:56注册了com.yss.fast.config.check.nosql.service.impl的检测项
20200804 21:52:56注册了com.yss.fast.config.check.rpc.service.impl的检测项
20200804 21:52:56注册了com.yss.fast.config.check.server.service.impl的检测项
20200804 21:52:56注册了com.yss.fast.config.check.system.summary.service.impl的检测项
20200804 21:52:56注册了com.yss.fast.config.check.zoo.service.impl的检测项
20200804 21:52:59启动检测项目数量为：9，检测项目全部启动完成
共有9个项目需要检测
20200804 21:52:59开始执行com.yss.fast.config.check.dbsetting.service.impl检测
数据库连接通过检测
20200804 21:52:59开始执行com.yss.fast.config.check.kafka.service.impl检测
kafka配置通过检测
20200804 21:52:59开始执行com.yss.fast.config.check.license.service.impl检测
许可文件通过检测
20200804 21:53:00开始执行com.yss.fast.config.check.mq.service.impl检测
消息总线配置通过检测
20200804 21:53:03开始执行com.yss.fast.config.check.nosql.service.impl检测
nosql配置通过检测
20200804 21:53:03开始执行com.yss.fast.config.check.rpc.service.impl检测
分布式配置通过检测
20200804 21:53:03开始执行com.yss.fast.config.check.server.service.impl检测
jdk启动参数为：[-agentlib:jdwp=transport=dt_socket,suspend=y,address=localhost:52732, -Dcatalina.home=D:\203TrunkTomcat, -Djava.endorsed.dirs=D:\203TrunkTomcat\endorsed, -Dcatalina.base=D:\203TrunkTomcat, -Djava.io.tmpdir=D:\203TrunkTomcat\temp, -Ddruid.log.stmt.executableSql=true, -Xms2048m, -Xmx5120m, -Xmn1536m, -Xss512k, -XX:PermSize=384M, -XX:MaxPermSize=1024m, -Dfile.encoding=UTF-8]
jdk启动参数为：[-agentlib:jdwp=transport=dt_socket,suspend=y,address=localhost:52732, -Dcatalina.home=D:\203TrunkTomcat, -Djava.endorsed.dirs=D:\203TrunkTomcat\endorsed, -Dcatalina.base=D:\203TrunkTomcat, -Djava.io.tmpdir=D:\203TrunkTomcat\temp, -Ddruid.log.stmt.executableSql=true, -Xms2048m, -Xmx5120m, -Xmn1536m, -Xss512k, -XX:PermSize=384M, -XX:MaxPermSize=1024m, -Dfile.encoding=UTF-8]
URI字符集通过检测
最大线程数通过检测
JVM参数通过检测
20200804 21:53:03开始执行com.yss.fast.config.check.system.summary.service.impl检测
操作系统:通过检测
应用服务器:通过检测
路径:通过检测
主机:通过检测
IP:通过检测
端口:通过检测
总内存:通过检测
CPU数量:通过检测
总磁盘空间:通过检测
可用磁盘空间:通过检测
语言:通过检测
JRE版本通过检测
JVM版本通过检测
20200804 21:53:03开始执行com.yss.fast.config.check.zoo.service.impl检测
zookeeper配置通过检测
系统启动检测通过，检测报告请见地址：http://192.168.4.132:8083/YSSUCOBRIDGE/deploy_console/index.html
开始将/D:/AMSSVN/TRUNK/AMS_估值核算/server/source/com.yss.uco.bridge//WebRoot/WEB-INF/plugins/下的bundle程序文件复制到/D:/AMSSVN/TRUNK/AMS_估值核算/server/source/YSS_APP/com.yss.uco.deployment/plugins//
程序文件覆盖参数为：true
程序文件D:\AMSSVN\TRUNK\AMS_估值核算\server\source\YSS_APP\com.yss.uco.deployment\plugins\com.yss.ams.api.gz_1.0.0.jar覆盖完成
程序文件D:\AMSSVN\TRUNK\AMS_估值核算\server\source\YSS_APP\com.yss.uco.deployment\plugins\com.yss.ams.api.support_1.0.0.jar覆盖完成
程序文件D:\AMSSVN\TRUNK\AMS_估值核算\server\source\YSS_APP\com.yss.uco.deployment\plugins\com.yss.ams.api_1.0.0.jar覆盖完成
程序文件D:\AMSSVN\TRUNK\AMS_估值核算\server\source\YSS_APP\com.yss.uco.deployment\plugins\com.yss.ams.automatic.gz.clear_1.0.0.jar覆盖完成
程序文件D:\AMSSVN\TRUNK\AMS_估值核算\server\source\YSS_APP\com.yss.uco.deployment\plugins\com.yss.ams.automatic.gz.dayf_1.0.0.jar覆盖完成
程序文件D:\AMSSVN\TRUNK\AMS_估值核算\server\source\YSS_APP\com.yss.uco.deployment\plugins\com.yss.ams.aval.support_1.0.0.jar覆盖完成
程序文件D:\AMSSVN\TRUNK\AMS_估值核算\server\source\YSS_APP\com.yss.uco.deployment\plugins\com.yss.ams.aval_1.0.0.jar覆盖完成
程序文件D:\AMSSVN\TRUNK\AMS_估值核算\server\source\YSS_APP\com.yss.uco.deployment\plugins\com.yss.ams.base.information.support_1.0.0.jar覆盖完成
程序文件D:\AMSSVN\TRUNK\AMS_估值核算\server\source\YSS_APP\com.yss.uco.deployment\plugins\com.yss.ams.base.information_1.0.0.jar覆盖完成
程序文件D:\AMSSVN\TRUNK\AMS_估值核算\server\source\YSS_APP\com.yss.uco.deployment\plugins\com.yss.ams.db.upgrade.algorithm_1.0.0.jar覆盖完成
程序文件D:\AMSSVN\TRUNK\AMS_估值核算\server\source\YSS_APP\com.yss.uco.deployment\plugins\com.yss.ams.db.upgrade.baseinfo_1.0.0.jar覆盖完成
程序文件D:\AMSSVN\TRUNK\AMS_估值核算\server\source\YSS_APP\com.yss.uco.deployment\plugins\com.yss.ams.db.upgrade.elecreco_1.0.0.jar覆盖完成
程序文件D:\AMSSVN\TRUNK\AMS_估值核算\server\source\YSS_APP\com.yss.uco.deployment\plugins\com.yss.ams.db.upgrade.productinfo_1.0.0.jar覆盖完成
程序文件D:\AMSSVN\TRUNK\AMS_估值核算\server\source\YSS_APP\com.yss.uco.deployment\plugins\com.yss.ams.db.upgrade.secinfo_1.0.0.jar覆盖完成
程序文件D:\AMSSVN\TRUNK\AMS_估值核算\server\source\YSS_APP\com.yss.uco.deployment\plugins\com.yss.ams.db.upgrade.syncdata_1.0.0.jar覆盖完成
程序文件D:\AMSSVN\TRUNK\AMS_估值核算\server\source\YSS_APP\com.yss.uco.deployment\plugins\com.yss.ams.db.upgrade.yssucolic_1.0.0.jar覆盖完成
程序文件D:\AMSSVN\TRUNK\AMS_估值核算\server\source\YSS_APP\com.yss.uco.deployment\plugins\com.yss.ams.db.upgrade.yssuco_1.0.0.jar覆盖完成
程序文件D:\AMSSVN\TRUNK\AMS_估值核算\server\source\YSS_APP\com.yss.uco.deployment\plugins\com.yss.ams.export.uco_1.0.0.jar覆盖完成
程序文件D:\AMSSVN\TRUNK\AMS_估值核算\server\source\YSS_APP\com.yss.uco.deployment\plugins\com.yss.ams.outerdataverify.support_1.0.0.jar覆盖完成
程序文件D:\AMSSVN\TRUNK\AMS_估值核算\server\source\YSS_APP\com.yss.uco.deployment\plugins\com.yss.ams.outerdataverify_1.0.0.jar覆盖完成
程序文件D:\AMSSVN\TRUNK\AMS_估值核算\server\source\YSS_APP\com.yss.uco.deployment\plugins\com.yss.ams.product.information.support_1.0.0.jar覆盖完成
程序文件D:\AMSSVN\TRUNK\AMS_估值核算\server\source\YSS_APP\com.yss.uco.deployment\plugins\com.yss.ams.product.information_1.0.0.jar覆盖完成
程序文件D:\AMSSVN\TRUNK\AMS_估值核算\server\source\YSS_APP\com.yss.uco.deployment\plugins\com.yss.ams.sec.information.support_1.0.0.jar覆盖完成
程序文件D:\AMSSVN\TRUNK\AMS_估值核算\server\source\YSS_APP\com.yss.uco.deployment\plugins\com.yss.ams.sec.information_1.0.0.jar覆盖完成
程序文件D:\AMSSVN\TRUNK\AMS_估值核算\server\source\YSS_APP\com.yss.uco.deployment\plugins\com.yss.ams.syncdata.support_1.0.0.jar覆盖完成
程序文件D:\AMSSVN\TRUNK\AMS_估值核算\server\source\YSS_APP\com.yss.uco.deployment\plugins\com.yss.ams.syncdata_1.0.0.jar覆盖完成
程序文件D:\AMSSVN\TRUNK\AMS_估值核算\server\source\YSS_APP\com.yss.uco.deployment\plugins\com.yss.ams.v5transfer_1.0.0.jar覆盖完成
程序文件D:\AMSSVN\TRUNK\AMS_估值核算\server\source\YSS_APP\com.yss.uco.deployment\plugins\com.yss.communicationProtocol.support_1.0.0.jar覆盖完成
程序文件D:\AMSSVN\TRUNK\AMS_估值核算\server\source\YSS_APP\com.yss.uco.deployment\plugins\com.yss.communicationProtocol_1.0.0.jar覆盖完成
程序文件D:\AMSSVN\TRUNK\AMS_估值核算\server\source\YSS_APP\com.yss.uco.deployment\plugins\com.yss.dataclear_1.0.0.jar覆盖完成
程序文件D:\AMSSVN\TRUNK\AMS_估值核算\server\source\YSS_APP\com.yss.uco.deployment\plugins\com.yss.fast.atomicdata.support_1.0.0.jar覆盖完成
程序文件D:\AMSSVN\TRUNK\AMS_估值核算\server\source\YSS_APP\com.yss.uco.deployment\plugins\com.yss.fast.atomicdata_1.0.0.jar覆盖完成
程序文件D:\AMSSVN\TRUNK\AMS_估值核算\server\source\YSS_APP\com.yss.uco.deployment\plugins\com.yss.fast.autotest.scheduler_1.0.0.jar覆盖完成
程序文件D:\AMSSVN\TRUNK\AMS_估值核算\server\source\YSS_APP\com.yss.uco.deployment\plugins\com.yss.fast.cache_1.0.0.jar覆盖完成
程序文件D:\AMSSVN\TRUNK\AMS_估值核算\server\source\YSS_APP\com.yss.uco.deployment\plugins\com.yss.fast.dataintegration_1.0.0.jar覆盖完成
程序文件D:\AMSSVN\TRUNK\AMS_估值核算\server\source\YSS_APP\com.yss.uco.deployment\plugins\com.yss.fast.db.migration.support_1.0.0.jar覆盖完成
程序文件D:\AMSSVN\TRUNK\AMS_估值核算\server\source\YSS_APP\com.yss.uco.deployment\plugins\com.yss.fast.db.migration_1.0.0.jar覆盖完成
程序文件D:\AMSSVN\TRUNK\AMS_估值核算\server\source\YSS_APP\com.yss.uco.deployment\plugins\com.yss.fast.db.upgrade.monitorplatform_1.0.0.jar覆盖完成
程序文件D:\AMSSVN\TRUNK\AMS_估值核算\server\source\YSS_APP\com.yss.uco.deployment\plugins\com.yss.fast.db.upgrade.platform_1.0.0.jar覆盖完成
程序文件D:\AMSSVN\TRUNK\AMS_估值核算\server\source\YSS_APP\com.yss.uco.deployment\plugins\com.yss.fast.db.upgrade.support_1.0.0.jar覆盖完成
程序文件D:\AMSSVN\TRUNK\AMS_估值核算\server\source\YSS_APP\com.yss.uco.deployment\plugins\com.yss.fast.db.upgrade_1.0.0.jar覆盖完成
程序文件D:\AMSSVN\TRUNK\AMS_估值核算\server\source\YSS_APP\com.yss.uco.deployment\plugins\com.yss.fast.deploy.server_1.0.0.jar覆盖完成
程序文件D:\AMSSVN\TRUNK\AMS_估值核算\server\source\YSS_APP\com.yss.uco.deployment\plugins\com.yss.fast.deploy.support_1.0.0.jar覆盖完成
程序文件D:\AMSSVN\TRUNK\AMS_估值核算\server\source\YSS_APP\com.yss.uco.deployment\plugins\com.yss.fast.doctor.client_1.0.0.jar覆盖完成
程序文件D:\AMSSVN\TRUNK\AMS_估值核算\server\source\YSS_APP\com.yss.uco.deployment\plugins\com.yss.fast.doctor.reference_1.0.0.jar覆盖完成
程序文件D:\AMSSVN\TRUNK\AMS_估值核算\server\source\YSS_APP\com.yss.uco.deployment\plugins\com.yss.fast.doctor.support_1.0.0.jar覆盖完成
程序文件D:\AMSSVN\TRUNK\AMS_估值核算\server\source\YSS_APP\com.yss.uco.deployment\plugins\com.yss.fast.doctor_1.0.0.jar覆盖完成
程序文件D:\AMSSVN\TRUNK\AMS_估值核算\server\source\YSS_APP\com.yss.uco.deployment\plugins\com.yss.fast.document.support_1.0.0.jar覆盖完成
程序文件D:\AMSSVN\TRUNK\AMS_估值核算\server\source\YSS_APP\com.yss.uco.deployment\plugins\com.yss.fast.document_1.0.0.jar覆盖完成
程序文件D:\AMSSVN\TRUNK\AMS_估值核算\server\source\YSS_APP\com.yss.uco.deployment\plugins\com.yss.fast.mq.manager_1.0.0.jar覆盖完成
程序文件D:\AMSSVN\TRUNK\AMS_估值核算\server\source\YSS_APP\com.yss.uco.deployment\plugins\com.yss.fast.mq.support_1.0.0.jar覆盖完成
程序文件D:\AMSSVN\TRUNK\AMS_估值核算\server\source\YSS_APP\com.yss.uco.deployment\plugins\com.yss.fast.mq_1.0.0.jar覆盖完成
程序文件D:\AMSSVN\TRUNK\AMS_估值核算\server\source\YSS_APP\com.yss.uco.deployment\plugins\com.yss.fast.proxy_1.0.0.jar覆盖完成
程序文件D:\AMSSVN\TRUNK\AMS_估值核算\server\source\YSS_APP\com.yss.uco.deployment\plugins\com.yss.fast.right.support_1.0.0.jar覆盖完成
程序文件D:\AMSSVN\TRUNK\AMS_估值核算\server\source\YSS_APP\com.yss.uco.deployment\plugins\com.yss.fast.right_1.0.0.jar覆盖完成
程序文件D:\AMSSVN\TRUNK\AMS_估值核算\server\source\YSS_APP\com.yss.uco.deployment\plugins\com.yss.fast.runtime.support_1.0.0.jar覆盖完成
程序文件D:\AMSSVN\TRUNK\AMS_估值核算\server\source\YSS_APP\com.yss.uco.deployment\plugins\com.yss.fast.runtime_1.0.0.jar覆盖完成
程序文件D:\AMSSVN\TRUNK\AMS_估值核算\server\source\YSS_APP\com.yss.uco.deployment\plugins\com.yss.fast.servicecenter.support_1.0.0.jar覆盖完成
程序文件D:\AMSSVN\TRUNK\AMS_估值核算\server\source\YSS_APP\com.yss.uco.deployment\plugins\com.yss.fast.servicecenter_1.0.0.jar覆盖完成
程序文件D:\AMSSVN\TRUNK\AMS_估值核算\server\source\YSS_APP\com.yss.uco.deployment\plugins\com.yss.fast.sso.client_1.0.0.jar覆盖完成
程序文件D:\AMSSVN\TRUNK\AMS_估值核算\server\source\YSS_APP\com.yss.uco.deployment\plugins\com.yss.fast.sso.server_1.0.0.jar覆盖完成
程序文件D:\AMSSVN\TRUNK\AMS_估值核算\server\source\YSS_APP\com.yss.uco.deployment\plugins\com.yss.fast.sso.support_1.0.0.jar覆盖完成
程序文件D:\AMSSVN\TRUNK\AMS_估值核算\server\source\YSS_APP\com.yss.uco.deployment\plugins\com.yss.fast.systemmanager.support_1.0.0.jar覆盖完成
程序文件D:\AMSSVN\TRUNK\AMS_估值核算\server\source\YSS_APP\com.yss.uco.deployment\plugins\com.yss.fast.systemmanager_1.0.0.jar覆盖完成
程序文件D:\AMSSVN\TRUNK\AMS_估值核算\server\source\YSS_APP\com.yss.uco.deployment\plugins\com.yss.fast.task.client_1.0.0.jar覆盖完成
程序文件D:\AMSSVN\TRUNK\AMS_估值核算\server\source\YSS_APP\com.yss.uco.deployment\plugins\com.yss.fast.task.support_1.0.0.jar覆盖完成
程序文件D:\AMSSVN\TRUNK\AMS_估值核算\server\source\YSS_APP\com.yss.uco.deployment\plugins\com.yss.fast.task_1.0.0.jar覆盖完成
程序文件D:\AMSSVN\TRUNK\AMS_估值核算\server\source\YSS_APP\com.yss.uco.deployment\plugins\com.yss.fast.unifydeploy_1.0.0.jar覆盖完成
程序文件D:\AMSSVN\TRUNK\AMS_估值核算\server\source\YSS_APP\com.yss.uco.deployment\plugins\com.yss.fast.webplus.support_1.0.0.jar覆盖完成
程序文件D:\AMSSVN\TRUNK\AMS_估值核算\server\source\YSS_APP\com.yss.uco.deployment\plugins\com.yss.fast.webplus.ui_1.0.0.jar覆盖完成
程序文件D:\AMSSVN\TRUNK\AMS_估值核算\server\source\YSS_APP\com.yss.uco.deployment\plugins\com.yss.fast.webplus_1.0.0.jar覆盖完成
程序文件D:\AMSSVN\TRUNK\AMS_估值核算\server\source\YSS_APP\com.yss.uco.deployment\plugins\com.yss.fast.workflow.support_1.0.0.jar覆盖完成
程序文件D:\AMSSVN\TRUNK\AMS_估值核算\server\source\YSS_APP\com.yss.uco.deployment\plugins\com.yss.fast.workflow_1.0.0.jar覆盖完成
程序文件D:\AMSSVN\TRUNK\AMS_估值核算\server\source\YSS_APP\com.yss.uco.deployment\plugins\com.yss.fast.zookeeper_1.0.0.jar覆盖完成
程序文件D:\AMSSVN\TRUNK\AMS_估值核算\server\source\YSS_APP\com.yss.uco.deployment\plugins\com.yss.framework_1.0.0.jar覆盖完成
程序文件D:\AMSSVN\TRUNK\AMS_估值核算\server\source\YSS_APP\com.yss.uco.deployment\plugins\com.yss.ifa.szt.tool_1.0.0.jar覆盖完成
程序文件D:\AMSSVN\TRUNK\AMS_估值核算\server\source\YSS_APP\com.yss.uco.deployment\plugins\com.yss.periphral.support_1.0.0.jar覆盖完成
程序文件D:\AMSSVN\TRUNK\AMS_估值核算\server\source\YSS_APP\com.yss.uco.deployment\plugins\com.yss.periphral_1.0.0.jar覆盖完成
程序文件D:\AMSSVN\TRUNK\AMS_估值核算\server\source\YSS_APP\com.yss.uco.deployment\plugins\com.yss.platform.support_1.0.0.jar覆盖完成
程序文件D:\AMSSVN\TRUNK\AMS_估值核算\server\source\YSS_APP\com.yss.uco.deployment\plugins\com.yss.report.integrate_1.0.0.jar覆盖完成
程序文件D:\AMSSVN\TRUNK\AMS_估值核算\server\source\YSS_APP\com.yss.uco.deployment\plugins\com.yss.uco.allocation.support_1.0.0.jar覆盖完成
程序文件D:\AMSSVN\TRUNK\AMS_估值核算\server\source\YSS_APP\com.yss.uco.deployment\plugins\com.yss.uco.allocation_1.0.0.jar覆盖完成
程序文件D:\AMSSVN\TRUNK\AMS_估值核算\server\source\YSS_APP\com.yss.uco.deployment\plugins\com.yss.uco.bankapi.support_1.0.0.jar覆盖完成
程序文件D:\AMSSVN\TRUNK\AMS_估值核算\server\source\YSS_APP\com.yss.uco.deployment\plugins\com.yss.uco.bankapi_1.0.0.jar覆盖完成
程序文件D:\AMSSVN\TRUNK\AMS_估值核算\server\source\YSS_APP\com.yss.uco.deployment\plugins\com.yss.uco.clear.support_1.0.0.jar覆盖完成
程序文件D:\AMSSVN\TRUNK\AMS_估值核算\server\source\YSS_APP\com.yss.uco.deployment\plugins\com.yss.uco.clear_1.0.0.jar覆盖完成
程序文件D:\AMSSVN\TRUNK\AMS_估值核算\server\source\YSS_APP\com.yss.uco.deployment\plugins\com.yss.uco.dataintegration.exp.automatic_1.0.0.jar覆盖完成
程序文件D:\AMSSVN\TRUNK\AMS_估值核算\server\source\YSS_APP\com.yss.uco.deployment\plugins\com.yss.uco.dataintegration.imp.automatic_1.0.0.jar覆盖完成
程序文件D:\AMSSVN\TRUNK\AMS_估值核算\server\source\YSS_APP\com.yss.uco.deployment\plugins\com.yss.uco.dataintegration.support_1.0.0.jar覆盖完成
程序文件D:\AMSSVN\TRUNK\AMS_估值核算\server\source\YSS_APP\com.yss.uco.deployment\plugins\com.yss.uco.dataintegration_1.0.0.jar覆盖完成
程序文件D:\AMSSVN\TRUNK\AMS_估值核算\server\source\YSS_APP\com.yss.uco.deployment\plugins\com.yss.uco.elecreco.automic_1.0.0.jar覆盖完成
程序文件D:\AMSSVN\TRUNK\AMS_估值核算\server\source\YSS_APP\com.yss.uco.deployment\plugins\com.yss.uco.elecreco.support_1.0.0.jar覆盖完成
程序文件D:\AMSSVN\TRUNK\AMS_估值核算\server\source\YSS_APP\com.yss.uco.deployment\plugins\com.yss.uco.elecreco_1.0.0.jar覆盖完成
程序文件D:\AMSSVN\TRUNK\AMS_估值核算\server\source\YSS_APP\com.yss.uco.deployment\plugins\com.yss.uco.monitor.client_1.0.0.jar覆盖完成
程序文件D:\AMSSVN\TRUNK\AMS_估值核算\server\source\YSS_APP\com.yss.uco.deployment\plugins\com.yss.uco.monitor.support_1.0.0.jar覆盖完成
程序文件D:\AMSSVN\TRUNK\AMS_估值核算\server\source\YSS_APP\com.yss.uco.deployment\plugins\com.yss.uco.monitor_1.0.0.jar覆盖完成
程序文件D:\AMSSVN\TRUNK\AMS_估值核算\server\source\YSS_APP\com.yss.uco.deployment\plugins\com.yss.uco.reconciliation.support_1.0.0.jar覆盖完成
程序文件D:\AMSSVN\TRUNK\AMS_估值核算\server\source\YSS_APP\com.yss.uco.deployment\plugins\com.yss.uco.reconciliation_1.0.0.jar覆盖完成
程序文件D:\AMSSVN\TRUNK\AMS_估值核算\server\source\YSS_APP\com.yss.uco.deployment\plugins\com.yss.uco.reference_1.0.0.jar覆盖完成
程序文件D:\AMSSVN\TRUNK\AMS_估值核算\server\source\YSS_APP\com.yss.uco.deployment\plugins\com.yss.uco.support_1.0.0.jar覆盖完成
程序文件D:\AMSSVN\TRUNK\AMS_估值核算\server\source\YSS_APP\com.yss.uco.deployment\plugins\YSSUCO_1.0.0.jar覆盖完成
需要启动的bundle为（以列表中先后为顺序）：[BundleInfo [code=com.yss.fast.doctor.reference_1.0.0, level=4.0, state=, version=1.0.0, name=DoctorReference], BundleInfo [code=com.yss.uco.reference_1.0.0, level=4.0, state=, version=1.0.0, name=Reference], BundleInfo [code=com.yss.fast.runtime.support_1.0.0, level=4.1, state=, version=1.0.0, name=RutimeSupport], BundleInfo [code=com.yss.fast.task.support_1.0.0, level=5.0, state=, version=1.0.0, name=TaskSupport], BundleInfo [code=com.yss.fast.workflow.support_1.0.0, level=5.0, state=, version=1.0.0, name=WorkflowSupport], BundleInfo [code=com.yss.framework_1.0.0, level=5.0, state=, version=1.0.0, name=基础框架], BundleInfo [code=com.yss.fast.db.upgrade.support_1.0.0, level=5.01, state=, version=1.0.0, name=DbUpSupport], BundleInfo [code=com.yss.fast.zookeeper_1.0.0, level=5.09, state=, version=1.0.0, name=YSSZK], BundleInfo [code=com.yss.fast.db.upgrade_1.0.0, level=5.1, state=, version=1.0.0, name=DbUpgrade], BundleInfo [code=com.yss.fast.deploy.support_1.0.0, level=5.1, state=, version=1.0.0, name=DeploySupport], BundleInfo [code=com.yss.fast.servicecenter.support_1.0.0, level=5.1, state=, version=1.0.0, name=YSSSERVICECENTERSUPPORT], BundleInfo [code=com.yss.fast.deploy.server_1.0.0, level=5.11, state=, version=1.0.0, name=DeployServer], BundleInfo [code=com.yss.fast.proxy_1.0.0, level=5.11, state=, version=1.0.0, name=FastProxy], BundleInfo [code=com.yss.fast.mq.support_1.0.0, level=5.2, state=, version=1.0.0, name=Support], BundleInfo [code=com.yss.fast.cache_1.0.0, level=5.29, state=, version=1.0.0, name=Cache], BundleInfo [code=com.yss.fast.mq_1.0.0, level=5.3, state=, version=1.0.0, name=Mq], BundleInfo [code=com.yss.fast.systemmanager_1.0.0, level=5.5, state=, version=1.0.0, name=Systemmanager], BundleInfo [code=com.yss.communicationProtocol.support_1.0.0, level=6.0, state=, version=1.0.0, name=CommunicationSupport], BundleInfo [code=com.yss.fast.webplus.support_1.0.0, level=6.0, state=, version=1.0.0, name=com.yss.fast.webplus.support], BundleInfo [code=com.yss.fast.webplus.ui_1.0.0, level=6.0, state=, version=1.0.0, name=com.yss.fast.webplus.ui], BundleInfo [code=com.yss.platform.support_1.0.0, level=6.0, state=, version=1.0.0, name=基础平台支撑], BundleInfo [code=com.yss.uco.dataintegration.support_1.0.0, level=6.0, state=, version=1.0.0, name=数据集成支撑], BundleInfo [code=com.yss.uco.support_1.0.0, level=6.0, state=, version=1.0.0, name=UCOSupport], BundleInfo [code=com.yss.ams.base.information.support_1.0.0, level=6.5, state=, version=1.0.0, name=公共信息], BundleInfo [code=com.yss.ams.api.support_1.0.0, level=7.0, state=, version=1.0.0, name=API组件支持包], BundleInfo [code=com.yss.ams.aval.support_1.0.0, level=7.0, state=, version=1.0.0, name=算法支持包], BundleInfo [code=com.yss.ams.base.information_1.0.0, level=7.0, state=, version=1.0.0, name=公共信息], BundleInfo [code=com.yss.ams.outerdataverify.support_1.0.0, level=7.0, state=, version=1.0.0, name=OuterVerifySupport], BundleInfo [code=com.yss.ams.product.information.support_1.0.0, level=7.0, state=, version=1.0.0, name=产品信息], BundleInfo [code=com.yss.ams.sec.information.support_1.0.0, level=7.0, state=, version=1.0.0, name=公共信息], BundleInfo [code=com.yss.ams.syncdata.support_1.0.0, level=7.0, state=, version=1.0.0, name=数据同步], BundleInfo [code=com.yss.ams.v5transfer_1.0.0, level=7.0, state=, version=1.0.0, name=V5Transfer], BundleInfo [code=com.yss.communicationProtocol_1.0.0, level=7.0, state=, version=1.0.0, name=CommunicationProtocol], BundleInfo [code=com.yss.fast.dataintegration_1.0.0, level=7.0, state=, version=1.0.0, name=fastdataintegration], BundleInfo [code=com.yss.fast.document.support_1.0.0, level=7.0, state=, version=1.0.0, name=DocumentSupport], BundleInfo [code=com.yss.fast.runtime_1.0.0, level=7.0, state=, version=1.0.0, name=Manage], BundleInfo [code=com.yss.fast.servicecenter_1.0.0, level=7.0, state=, version=1.0.0, name=YSSSERVICECENTER], BundleInfo [code=com.yss.fast.sso.support_1.0.0, level=7.0, state=, version=1.0.0, name=com.yss.fast.sso.support], BundleInfo [code=com.yss.fast.unifydeploy_1.0.0, level=7.0, state=, version=1.0.0, name=FastDeploy], BundleInfo [code=com.yss.periphral.support_1.0.0, level=7.0, state=, version=1.0.0, name=YSSPERIPHERALSUPPORT], BundleInfo [code=com.yss.uco.bankapi.support_1.0.0, level=7.0, state=, version=1.0.0, name=BankApiSupport], BundleInfo [code=com.yss.uco.clear.support_1.0.0, level=7.0, state=, version=1.0.0, name=资产清算支撑], BundleInfo [code=com.yss.uco.monitor.support_1.0.0, level=7.0, state=, version=1.0.0, name=MonitorSupport], BundleInfo [code=com.yss.uco.reconciliation.support_1.0.0, level=7.0, state=, version=1.0.0, name=Support], BundleInfo [code=com.yss.uco.reconciliation_1.0.0, level=7.0, state=, version=1.0.0, name=Reconciliation], BundleInfo [code=com.yss.periphral_1.0.0, level=7.1, state=, version=1.0.0, name=YSSPERIPHERAL], BundleInfo [code=com.yss.ifa.szt.tool_1.0.0, level=7.5, state=, version=1.0.0, name=Elecreco], BundleInfo [code=com.yss.uco.elecreco.support_1.0.0, level=7.6, state=, version=1.0.0, name=电子对账支撑], BundleInfo [code=com.yss.fast.atomicdata_1.0.0, level=7.8, state=, version=1.0.0, name=YSSATOMICDATA], BundleInfo [code=com.yss.fast.doctor_1.0.0, level=7.9, state=, version=1.0.0, name=Doctor], BundleInfo [code=com.yss.fast.right_1.0.0, level=7.9, state=, version=1.0.0, name=Right], BundleInfo [code=com.yss.fast.sso.server_1.0.0, level=7.9, state=, version=1.0.0, name=com.yss.fast.sso.server], BundleInfo [code=com.yss.fast.workflow_1.0.0, level=7.91, state=, version=1.0.0, name=Workflow], BundleInfo [code=com.yss.fast.task.client_1.0.0, level=7.94, state=, version=1.0.0, name=Task], BundleInfo [code=com.yss.fast.task_1.0.0, level=7.95, state=, version=1.0.0, name=Task], BundleInfo [code=com.yss.ams.api_1.0.0, level=8.0, state=, version=1.0.0, name=API], BundleInfo [code=com.yss.ams.automatic.gz.clear_1.0.0, level=8.0, state=, version=1.0.0, name=Automatic], BundleInfo [code=com.yss.ams.automatic.gz.dayf_1.0.0, level=8.0, state=, version=1.0.0, name=Act], BundleInfo [code=com.yss.ams.aval_1.0.0, level=8.0, state=, version=1.0.0, name=算法公式], BundleInfo [code=com.yss.ams.db.upgrade.algorithm_1.0.0, level=8.0, state=, version=1.0.0, name=AlgorithmDbUp], BundleInfo [code=com.yss.ams.db.upgrade.baseinfo_1.0.0, level=8.0, state=, version=1.0.0, name=BaseinfoDbUp], BundleInfo [code=com.yss.ams.db.upgrade.elecreco_1.0.0, level=8.0, state=, version=1.0.0, name=ElecrecoDbUp], BundleInfo [code=com.yss.ams.db.upgrade.productinfo_1.0.0, level=8.0, state=, version=1.0.0, name=ProductinfoDbUp], BundleInfo [code=com.yss.ams.db.upgrade.secinfo_1.0.0, level=8.0, state=, version=1.0.0, name=SecinfoDbUp], BundleInfo [code=com.yss.ams.db.upgrade.syncdata_1.0.0, level=8.0, state=, version=1.0.0, name=YssSyncDataDbUp], BundleInfo [code=com.yss.ams.db.upgrade.yssucolic_1.0.0, level=8.0, state=, version=1.0.0, name=YssUCOLicDbUp], BundleInfo [code=com.yss.ams.db.upgrade.yssuco_1.0.0, level=8.0, state=, version=1.0.0, name=YssUCODbUp], BundleInfo [code=com.yss.ams.outerdataverify_1.0.0, level=8.0, state=, version=1.0.0, name=OuterDataVerify], BundleInfo [code=com.yss.ams.product.information_1.0.0, level=8.0, state=, version=1.0.0, name=产品信息], BundleInfo [code=com.yss.ams.sec.information_1.0.0, level=8.0, state=, version=1.0.0, name=资讯信息], BundleInfo [code=com.yss.ams.syncdata_1.0.0, level=8.0, state=, version=1.0.0, name=数据同步], BundleInfo [code=com.yss.dataclear_1.0.0, level=8.0, state=, version=1.0.0, name=Dataclear], BundleInfo [code=com.yss.fast.atomicdata.support_1.0.0, level=8.0, state=, version=1.0.0, name=YSSATOMICDATASUPPORT], BundleInfo [code=com.yss.fast.autotest.scheduler_1.0.0, level=8.0, state=, version=1.0.0, name=AutoTestScheduler], BundleInfo [code=com.yss.fast.db.migration.support_1.0.0, level=8.0, state=, version=1.0.0, name=DbmigrationSupport], BundleInfo [code=com.yss.fast.db.migration_1.0.0, level=8.0, state=, version=1.0.0, name=Dbmigration], BundleInfo [code=com.yss.fast.db.upgrade.monitorplatform_1.0.0, level=8.0, state=, version=1.0.0, name=MonitorDbUp], BundleInfo [code=com.yss.fast.db.upgrade.platform_1.0.0, level=8.0, state=, version=1.0.0, name=PlatformDbUp], BundleInfo [code=com.yss.fast.doctor.client_1.0.0, level=8.0, state=, version=1.0.0, name=DoctorClient], BundleInfo [code=com.yss.fast.doctor.support_1.0.0, level=8.0, state=, version=1.0.0, name=DoctorSupport], BundleInfo [code=com.yss.fast.document_1.0.0, level=8.0, state=, version=1.0.0, name=Document], BundleInfo [code=com.yss.fast.mq.manager_1.0.0, level=8.0, state=, version=1.0.0, name=Manager], BundleInfo [code=com.yss.fast.right.support_1.0.0, level=8.0, state=, version=1.0.0, name=RiughtSupport], BundleInfo [code=com.yss.fast.sso.client_1.0.0, level=8.0, state=, version=1.0.0, name=com.yss.fast.sso.client], BundleInfo [code=com.yss.fast.systemmanager.support_1.0.0, level=8.0, state=, version=1.0.0, name=SystemmanagerSupport], BundleInfo [code=com.yss.fast.webplus_1.0.0, level=8.0, state=, version=1.0.0, name=com.yss.fast.webplus], BundleInfo [code=com.yss.report.integrate_1.0.0, level=8.0, state=, version=1.0.0, name=鎶ヨ〃闆嗘垚], BundleInfo [code=com.yss.uco.allocation.support_1.0.0, level=8.0, state=, version=1.0.0, name=YSSALLOCATION], BundleInfo [code=com.yss.uco.bankapi_1.0.0, level=8.0, state=, version=1.0.0, name=Bankapi], BundleInfo [code=com.yss.uco.clear_1.0.0, level=8.0, state=, version=1.0.0, name=资产清算], BundleInfo [code=com.yss.uco.dataintegration_1.0.0, level=8.0, state=, version=1.0.0, name=数据集成], BundleInfo [code=com.yss.uco.elecreco_1.0.0, level=8.0, state=, version=1.0.0, name=电子对账], BundleInfo [code=com.yss.uco.monitor_1.0.0, level=8.0, state=, version=1.0.0, name=Monitor], BundleInfo [code=YSSUCO_1.0.0, level=8.0, state=, version=1.0.0, name=YSSUCO], BundleInfo [code=com.yss.uco.elecreco.automic_1.0.0, level=8.1, state=, version=1.0.0, name=Elecreco], BundleInfo [code=com.yss.uco.monitor.client_1.0.0, level=8.1, state=, version=1.0.0, name=MonitorClient], BundleInfo [code=com.yss.ams.api.gz_1.0.0, level=9.0, state=, version=1.0.0, name=估值API], BundleInfo [code=com.yss.ams.export.uco_1.0.0, level=9.0, state=, version=1.0.0, name=UcoExport], BundleInfo [code=com.yss.uco.allocation_1.0.0, level=9.0, state=, version=1.0.0, name=YSSALLOCATION], BundleInfo [code=com.yss.uco.dataintegration.exp.automatic_1.0.0, level=9.0, state=, version=1.0.0, name=AutomaticExp], BundleInfo [code=com.yss.uco.dataintegration.imp.automatic_1.0.0, level=9.0, state=, version=1.0.0, name=AutomaticImp]]
startedBundle:com.yss.fast.doctor.reference，耗时：177毫秒
startedBundle:com.yss.uco.reference，耗时：731毫秒
startedBundle:com.yss.fast.runtime.support，耗时：6毫秒
startedBundle:com.yss.fast.task.support，耗时：8毫秒
startedBundle:com.yss.fast.workflow.support，耗时：18毫秒
startedBundle:com.yss.framework，耗时：587毫秒
startedBundle:com.yss.fast.db.upgrade.support，耗时：7毫秒
startedBundle:com.yss.fast.zookeeper，耗时：32毫秒
startedBundle:com.yss.fast.db.upgrade，耗时：77毫秒
startedBundle:com.yss.fast.deploy.support，耗时：4毫秒
startedBundle:com.yss.fast.servicecenter.support，耗时：7毫秒
startedBundle:com.yss.fast.deploy.server，耗时：178毫秒
startedBundle:com.yss.fast.proxy，耗时：213毫秒
startedBundle:com.yss.fast.mq.support，耗时：70毫秒
startedBundle:com.yss.fast.cache，耗时：6毫秒
startedBundle:com.yss.fast.mq，耗时：15毫秒
startedBundle:com.yss.fast.systemmanager，耗时：17毫秒
startedBundle:com.yss.communicationProtocol.support，耗时：5毫秒
startedBundle:com.yss.fast.webplus.support，耗时：214毫秒
startedBundle:com.yss.fast.webplus.ui，耗时：8毫秒
startedBundle:com.yss.platform.support，耗时：254毫秒
startedBundle:com.yss.uco.dataintegration.support，耗时：314毫秒
startedBundle:com.yss.uco.support，耗时：12毫秒
startedBundle:com.yss.ams.base.information.support，耗时：6毫秒
startedBundle:com.yss.ams.api.support，耗时：5毫秒
startedBundle:com.yss.ams.aval.support，耗时：4毫秒
startedBundle:com.yss.ams.base.information，耗时：12毫秒
startedBundle:com.yss.ams.outerdataverify.support，耗时：5毫秒
startedBundle:com.yss.ams.product.information.support，耗时：6毫秒
startedBundle:com.yss.ams.sec.information.support，耗时：5毫秒
startedBundle:com.yss.ams.syncdata.support，耗时：5毫秒
startedBundle:com.yss.ams.v5transfer，耗时：4毫秒
startedBundle:com.yss.communicationProtocol，耗时：63毫秒
startedBundle:com.yss.fast.dataintegration，耗时：9毫秒
startedBundle:com.yss.fast.document.support，耗时：4毫秒
startedBundle:com.yss.fast.runtime，耗时：24毫秒
startedBundle:com.yss.fast.servicecenter，耗时：8毫秒
startedBundle:com.yss.fast.sso.support，耗时：12毫秒
startedBundle:com.yss.fast.unifydeploy，耗时：11毫秒
startedBundle:com.yss.periphral.support，耗时：9毫秒
startedBundle:com.yss.uco.bankapi.support，耗时：11毫秒
startedBundle:com.yss.uco.clear.support，耗时：7毫秒
startedBundle:com.yss.uco.monitor.support，耗时：6毫秒
startedBundle:com.yss.uco.reconciliation.support，耗时：3毫秒
startedBundle:com.yss.uco.reconciliation，耗时：6毫秒
startedBundle:com.yss.periphral，耗时：127毫秒
startedBundle:com.yss.ifa.szt.tool，耗时：7毫秒
startedBundle:com.yss.uco.elecreco.support，耗时：6毫秒
startedBundle:com.yss.fast.atomicdata，耗时：8毫秒
startedBundle:com.yss.fast.doctor，耗时：12毫秒
startedBundle:com.yss.fast.right，耗时：13毫秒
startedBundle:com.yss.fast.sso.server，耗时：7毫秒
startedBundle:com.yss.fast.workflow，耗时：176毫秒
startedBundle:com.yss.fast.task.client，耗时：6毫秒
startedBundle:com.yss.fast.task，耗时：68毫秒
startedBundle:com.yss.ams.api，耗时：6毫秒
startedBundle:com.yss.ams.automatic.gz.clear，耗时：6毫秒
startedBundle:com.yss.ams.automatic.gz.dayf，耗时：6毫秒
startedBundle:com.yss.ams.aval，耗时：79毫秒
startedBundle:com.yss.ams.db.upgrade.algorithm，耗时：5毫秒
startedBundle:com.yss.ams.db.upgrade.baseinfo，耗时：8毫秒
startedBundle:com.yss.ams.db.upgrade.elecreco，耗时：5毫秒
startedBundle:com.yss.ams.db.upgrade.productinfo，耗时：5毫秒
startedBundle:com.yss.ams.db.upgrade.secinfo，耗时：6毫秒
startedBundle:com.yss.ams.db.upgrade.syncdata，耗时：5毫秒
startedBundle:com.yss.ams.db.upgrade.yssucolic，耗时：6毫秒
startedBundle:com.yss.ams.db.upgrade.yssuco，耗时：33毫秒
startedBundle:com.yss.ams.outerdataverify，耗时：14毫秒
startedBundle:com.yss.ams.product.information，耗时：13毫秒
startedBundle:com.yss.ams.sec.information，耗时：12毫秒
startedBundle:com.yss.ams.syncdata，耗时：162毫秒
startedBundle:com.yss.dataclear，耗时：5毫秒
startedBundle:com.yss.fast.atomicdata.support，耗时：5毫秒
startedBundle:com.yss.fast.autotest.scheduler，耗时：5毫秒
startedBundle:com.yss.fast.db.migration.support，耗时：25毫秒
startedBundle:com.yss.fast.db.migration，耗时：7毫秒
startedBundle:com.yss.fast.db.upgrade.monitorplatform，耗时：5毫秒
startedBundle:com.yss.fast.db.upgrade.platform，耗时：11毫秒
startedBundle:com.yss.fast.doctor.client，耗时：17毫秒
startedBundle:com.yss.fast.doctor.support，耗时：4毫秒
startedBundle:com.yss.fast.document，耗时：5毫秒
startedBundle:com.yss.fast.mq.manager，耗时：6毫秒
startedBundle:com.yss.fast.right.support，耗时：6毫秒
startedBundle:com.yss.fast.sso.client，耗时：10毫秒
startedBundle:com.yss.fast.systemmanager.support，耗时：8毫秒
startedBundle:com.yss.fast.webplus，耗时：52毫秒
startedBundle:com.yss.report.integrate，耗时：16毫秒
startedBundle:com.yss.uco.allocation.support，耗时：4毫秒
startedBundle:com.yss.uco.bankapi，耗时：6毫秒
startedBundle:com.yss.uco.clear，耗时：34毫秒
startedBundle:com.yss.uco.dataintegration，耗时：31毫秒
startedBundle:com.yss.uco.elecreco，耗时：16毫秒
startedBundle:com.yss.uco.monitor，耗时：11毫秒
startedBundle:YSSUCO，耗时：533毫秒
startedBundle:com.yss.uco.elecreco.automic，耗时：5毫秒
startedBundle:com.yss.uco.monitor.client，耗时：8毫秒
startedBundle:com.yss.ams.api.gz，耗时：6毫秒
startedBundle:com.yss.ams.export.uco，耗时：4毫秒
startedBundle:com.yss.uco.allocation，耗时：13毫秒
startedBundle:com.yss.uco.dataintegration.exp.automatic，耗时：7毫秒
startedBundle:com.yss.uco.dataintegration.imp.automatic，耗时：6毫秒
SLF4J: The following loggers will not work because they were created
SLF4J: during the default configuration phase of the underlying logging system.
SLF4J: See also http://www.slf4j.org/codes.html#substituteLogger
SLF4J: com.alibaba.druid.support.logging.SLF4JImpl
SLF4J: Failed to load class "org.slf4j.impl.StaticLoggerBinder".
SLF4J: Defaulting to no-operation (NOP) logger implementation
SLF4J: See http://www.slf4j.org/codes.html#StaticLoggerBinder for further details.
2020-08-04 21:53:23.267 INFO [com.yss.framework] [FrameworkActivator.java : 209]  当前节点:{"ip":"127.0.0.1","port":"8083","nc":null,"cpu":0,"operationSystem":"Windows 7 amd64 6.1","name":"B1814-PC","productLine":null},环境模式为:PROD,灰度信息为:GrayRouteInfo [isGray=false, ipRange={}, grayUserCodes=[]]
2020-08-04 21:53:23.383 INFO [com.yss.framework] [FastFileDeleter.java : 39]  begin to delete tmp file
2020-08-04 21:53:23.390 INFO [com.yss.framework] [FastFileDeleter.java : 42]  path = /D:/AMSSVN/TRUNK/AMS_估值核算/server/source/YSS_APP//yss_temp/, day = 7
2020-08-04 21:53:23.402 INFO [com.yss.framework] [FastFileDeleter.java : 47]  end to delete tmp file
log4j:WARN No appenders could be found for logger (org.apache.log4j.jmx.HierarchyDynamicMBean).
log4j:WARN Please initialize the log4j system properly.
log4j:WARN See http://logging.apache.org/log4j/1.2/faq.html#noconfig for more info.
SLF4J: Failed to load class "org.slf4j.impl.StaticLoggerBinder".
SLF4J: Defaulting to no-operation (NOP) logger implementation
SLF4J: See http://www.slf4j.org/codes.html#StaticLoggerBinder for further details.
2020-08-04 21:53:32.593 INFO [com.yss.framework] [BaseApplicationActivator.java : 198]  成功注册应用!!!!! ------->{"ip":"127.0.0.1","port":"8083","appCode":"YSSSERVICECENTERSUPPORT","appName":"服务中心","webContent":"YSSUCOBRIDGE","startLevel":5.1}
2020-08-04 21:53:32.599 DEBUG [com.yss.framework] [BaseApplicationActivator.java : 491]  组件YSSSERVICECENTERSUPPORT无数据库升级需要
2020-08-04 21:53:32.896 INFO [com.yss.framework] [BaseApplicationActivator.java : 198]  成功注册应用!!!!! ------->{"ip":"127.0.0.1","port":"8083","appCode":"FastDbUpGrade","appName":"数据库升级组件","webContent":"YSSUCOBRIDGE","startLevel":5.1}
2020-08-04 21:53:32.906 DEBUG [com.yss.framework] [BaseApplicationActivator.java : 491]  组件FastDbUpGrade无数据库升级需要
2020-08-04 21:53:33.403 INFO [com.yss.framework] [BaseActivator.java : 654]  应用[YSSSERVICECENTERSUPPORT][com.yss.fast.servicecenter.support] 启动成功
2020-08-04 21:53:33.824 INFO [com.yss.framework] [BaseActivator.java : 654]  应用[FastDbUpGrade][com.yss.fast.db.upgrade] 启动成功
2020-08-04 21:53:34.588 INFO [com.yss.framework] [BaseApplicationActivator.java : 198]  成功注册应用!!!!! ------->{"ip":"127.0.0.1","port":"8083","appCode":"YSSPROXY","appName":"统一代理","webContent":"YSSUCOBRIDGE","startLevel":5.11}
2020-08-04 21:53:34.593 DEBUG [com.yss.framework] [BaseApplicationActivator.java : 491]  组件YSSPROXY无数据库升级需要
2020-08-04 21:53:34.596 INFO [com.yss.framework] [BaseActivator.java : 654]  应用[YSSPROXY][com.yss.fast.proxy] 启动成功
21:53:34,639  WARN FastProxyActivator:75 - 未在runtime.properties中找到任何代理端口（包括外网和内网），统一代理无法启动！！！！
2020-08-04 21:53:34.792 INFO [com.yss.framework] [BaseApplicationActivator.java : 198]  成功注册应用!!!!! ------->{"ip":"127.0.0.1","port":"8083","appCode":"FASTMQSUPPORT","appName":"消息总线","webContent":"YSSUCOBRIDGE","startLevel":5.2}
2020-08-04 21:53:34.797 DEBUG [com.yss.framework] [BaseApplicationActivator.java : 491]  组件FASTMQSUPPORT无数据库升级需要
2020-08-04 21:53:34.801 INFO [com.yss.framework] [BaseActivator.java : 654]  应用[FASTMQSUPPORT][com.yss.fast.mq.support] 启动成功
2020-08-04 21:53:34.952 INFO [com.yss.framework] [BaseApplicationActivator.java : 198]  成功注册应用!!!!! ------->{"ip":"127.0.0.1","port":"8083","appCode":"FASTCACHE","appName":"缓存","webContent":"YSSUCOBRIDGE","startLevel":5.29}
2020-08-04 21:53:34.957 DEBUG [com.yss.framework] [BaseApplicationActivator.java : 491]  组件FASTCACHE无数据库升级需要
2020-08-04 21:53:35.746 INFO [com.yss.framework] [BaseActivator.java : 654]  应用[FASTCACHE][com.yss.fast.cache] 启动成功
2020-08-04 21:53:37.637 INFO [com.yss.framework] [BaseApplicationActivator.java : 198]  成功注册应用!!!!! ------->{"ip":"127.0.0.1","port":"8083","appCode":"MQ_BUS","appName":null,"webContent":"YSSUCOBRIDGE","startLevel":5.3}
2020-08-04 21:53:37.643 DEBUG [com.yss.framework] [BaseApplicationActivator.java : 491]  组件MQ_BUS无数据库升级需要
2020-08-04 21:53:37.747 INFO [com.yss.framework] [BaseActivator.java : 654]  应用[MQ_BUS][com.yss.fast.mq] 启动成功
2020-08-04 21:53:38.161 INFO [com.yss.framework] [BaseApplicationActivator.java : 198]  成功注册应用!!!!! ------->{"ip":"127.0.0.1","port":"8083","appCode":"YSSSYSTEMMANAGER","appName":"系统管理组件","webContent":"YSSUCOBRIDGE","startLevel":5.5}
2020-08-04 21:53:38.165 DEBUG [com.yss.framework] [BaseApplicationActivator.java : 491]  组件YSSSYSTEMMANAGER无数据库升级需要
2020-08-04 21:53:39.112 INFO [com.yss.framework] [BaseApplicationActivator.java : 198]  成功注册应用!!!!! ------->{"ip":"127.0.0.1","port":"8083","appCode":"WEBPLUS","appName":"WebPlus UI","webContent":"YSSUCOBRIDGE","startLevel":6.0}
2020-08-04 21:53:39.117 DEBUG [com.yss.framework] [BaseApplicationActivator.java : 491]  组件WEBPLUS无数据库升级需要
2020-08-04 21:53:39.142 INFO [com.yss.framework] [BaseActivator.java : 654]  应用[WEBPLUS][com.yss.fast.webplus.ui] 启动成功
2020-08-04 21:53:40.058 INFO [com.yss.framework] [BaseApplicationActivator.java : 198]  【35dd5a48-dd5b-454d-84de-b892dc57ea7a】成功注册应用!!!!! ------->{"ip":"127.0.0.1","port":"8083","appCode":"YSSINFO","appName":null,"webContent":"YSSUCOBRIDGE","startLevel":7.0}
2020-08-04 21:53:40.078 DEBUG [com.yss.framework] [BaseApplicationActivator.java : 491]  【35dd5a48-dd5b-454d-84de-b892dc57ea7a】组件YSSINFO无数据库升级需要
2020-08-04 21:53:40.124 INFO [com.yss.framework] [BaseActivator.java : 654]  【35dd5a48-dd5b-454d-84de-b892dc57ea7a】应用[YSSOUTERDATAVERIFY][com.yss.ams.outerdataverify.support] 启动成功
2020-08-04 21:53:42.545 INFO [com.yss.framework] [BaseActivator.java : 654]  【35dd5a48-dd5b-454d-84de-b892dc57ea7a】应用[YSSSYSTEMMANAGER][com.yss.fast.systemmanager] 启动成功
2020-08-04 21:53:42.572 INFO [com.yss.fast.cache] [CacheManager.java : 361]  【35dd5a48-dd5b-454d-84de-b892dc57ea7a】缓存[NoticeCache]加载完成-----。
2020-08-04 21:53:42.827 INFO [com.yss.framework] [BaseActivator.java : 654]  【35dd5a48-dd5b-454d-84de-b892dc57ea7a】应用[V5Transfer][com.yss.ams.v5transfer] 启动成功
2020-08-04 21:53:44.570 INFO [com.yss.framework] [BaseApplicationActivator.java : 198]  【35dd5a48-dd5b-454d-84de-b892dc57ea7a】成功注册应用!!!!! ------->{"ip":"127.0.0.1","port":"8083","appCode":"YSSCP","appName":null,"webContent":"YSSUCOBRIDGE","startLevel":7.0}
2020-08-04 21:53:44.576 DEBUG [com.yss.framework] [BaseApplicationActivator.java : 491]  【35dd5a48-dd5b-454d-84de-b892dc57ea7a】组件YSSCP无数据库升级需要
2020-08-04 21:53:45.025 INFO [com.yss.fast.cache] [CacheManager.java : 361]  【35dd5a48-dd5b-454d-84de-b892dc57ea7a】缓存[SafeDataCache]加载完成-----。
2020-08-04 21:53:45.099 INFO [com.yss.framework] [BaseApplicationActivator.java : 198]  【35dd5a48-dd5b-454d-84de-b892dc57ea7a】成功注册应用!!!!! ------->{"ip":"127.0.0.1","port":"8083","appCode":"YSSFASTDATAINTEGRATION","appName":"数据集成配置","webContent":"YSSUCOBRIDGE","startLevel":7.0}
2020-08-04 21:53:45.247 INFO [com.yss.fast.cache] [CacheManager.java : 361]  【35dd5a48-dd5b-454d-84de-b892dc57ea7a】缓存[SysFunCache]加载完成-----。
2020-08-04 21:53:45.278 DEBUG [com.yss.framework] [BaseApplicationActivator.java : 491]  【35dd5a48-dd5b-454d-84de-b892dc57ea7a】组件YSSFASTDATAINTEGRATION无数据库升级需要
2020-08-04 21:53:45.416 INFO [com.yss.framework] [BaseApplicationActivator.java : 198]  【35dd5a48-dd5b-454d-84de-b892dc57ea7a】成功注册应用!!!!! ------->{"ip":"127.0.0.1","port":"8083","appCode":"YSSRUNTIME","appName":"运行时组件","webContent":"YSSUCOBRIDGE","startLevel":7.0}
2020-08-04 21:53:45.425 DEBUG [com.yss.framework] [BaseApplicationActivator.java : 491]  【35dd5a48-dd5b-454d-84de-b892dc57ea7a】组件YSSRUNTIME无数据库升级需要
2020-08-04 21:53:45.630 INFO [com.yss.framework] [BaseApplicationActivator.java : 198]  【35dd5a48-dd5b-454d-84de-b892dc57ea7a】成功注册应用!!!!! ------->{"ip":"127.0.0.1","port":"8083","appCode":"YSSSERVICECENTER","appName":"服务管理中心","webContent":"YSSUCOBRIDGE","startLevel":7.0}
2020-08-04 21:53:45.655 DEBUG [com.yss.framework] [BaseApplicationActivator.java : 491]  【35dd5a48-dd5b-454d-84de-b892dc57ea7a】组件YSSSERVICECENTER无数据库升级需要
2020-08-04 21:53:45.720 INFO [com.yss.framework] [BaseActivator.java : 654]  【35dd5a48-dd5b-454d-84de-b892dc57ea7a】应用[YSSSERVICECENTER][com.yss.fast.servicecenter] 启动成功
2020-08-04 21:53:45.790 INFO [com.yss.framework] [BaseActivator.java : 654]  【35dd5a48-dd5b-454d-84de-b892dc57ea7a】应用[YSSCP][com.yss.communicationProtocol] 启动成功
2020-08-04 21:53:45.857 INFO [com.yss.framework] [BaseApplicationActivator.java : 198]  【35dd5a48-dd5b-454d-84de-b892dc57ea7a】成功注册应用!!!!! ------->{"ip":"127.0.0.1","port":"8083","appCode":"FastDeploy","appName":"统一部署组件","webContent":"YSSUCOBRIDGE","startLevel":7.0}
2020-08-04 21:53:45.875 DEBUG [com.yss.framework] [BaseApplicationActivator.java : 491]  【35dd5a48-dd5b-454d-84de-b892dc57ea7a】组件FastDeploy无数据库升级需要
2020-08-04 21:53:45.935 INFO [com.yss.framework] [BaseActivator.java : 654]  【35dd5a48-dd5b-454d-84de-b892dc57ea7a】应用[YSSFASTDATAINTEGRATION][com.yss.fast.dataintegration] 启动成功
2020-08-04 21:53:45.961 INFO [com.yss.framework] [BaseActivator.java : 654]  【35dd5a48-dd5b-454d-84de-b892dc57ea7a】应用[YSSRUNTIME][com.yss.fast.runtime] 启动成功
2020-08-04 21:53:46.057 INFO [com.yss.framework] [BaseActivator.java : 654]  【35dd5a48-dd5b-454d-84de-b892dc57ea7a】应用[YSSCLEAR][com.yss.uco.clear.support] 启动成功
2020-08-04 21:53:46.181 INFO [com.yss.framework] [BaseApplicationActivator.java : 198]  【35dd5a48-dd5b-454d-84de-b892dc57ea7a】成功注册应用!!!!! ------->{"ip":"127.0.0.1","port":"8083","appCode":"YSSRECONCILIATION","appName":"对账数据接收","webContent":"YSSUCOBRIDGE","startLevel":7.0}
2020-08-04 21:53:46.187 DEBUG [com.yss.framework] [BaseApplicationActivator.java : 491]  【35dd5a48-dd5b-454d-84de-b892dc57ea7a】组件YSSRECONCILIATION无数据库升级需要
2020-08-04 21:53:46.196 INFO [com.yss.framework] [BaseActivator.java : 654]  【35dd5a48-dd5b-454d-84de-b892dc57ea7a】应用[YSSRECONCILIATION][com.yss.uco.reconciliation] 启动成功
2020-08-04 21:53:46.206 INFO [com.yss.framework] [BaseActivator.java : 654]  【35dd5a48-dd5b-454d-84de-b892dc57ea7a】应用[FastDeploy][com.yss.fast.unifydeploy] 启动成功
2020-08-04 21:53:46.383 INFO [com.yss.uco.reconciliation] [MessageProcess.java : 47]  【35dd5a48-dd5b-454d-84de-b892dc57ea7a】启动接收器 
2020-08-04 21:53:46.383 INFO [com.yss.uco.reconciliation] [MessageProcess.java : 48]  【35dd5a48-dd5b-454d-84de-b892dc57ea7a】Thread-105
2020-08-04 21:53:46.564 INFO [com.yss.framework] [BaseApplicationActivator.java : 198]  【35dd5a48-dd5b-454d-84de-b892dc57ea7a】成功注册应用!!!!! ------->{"ip":"127.0.0.1","port":"8083","appCode":"YSSPERIPHERAL","appName":null,"webContent":"YSSUCOBRIDGE","startLevel":7.1}
2020-08-04 21:53:46.569 DEBUG [com.yss.framework] [BaseApplicationActivator.java : 491]  【35dd5a48-dd5b-454d-84de-b892dc57ea7a】组件YSSPERIPHERAL无数据库升级需要
2020-08-04 21:53:46.660 INFO [com.yss.framework] [BaseApplicationActivator.java : 198]  【35dd5a48-dd5b-454d-84de-b892dc57ea7a】成功注册应用!!!!! ------->{"ip":"127.0.0.1","port":"8083","appCode":"YSSELECRECO","appName":null,"webContent":"YSSUCOBRIDGE","startLevel":7.5}
2020-08-04 21:53:46.679 DEBUG [com.yss.framework] [BaseApplicationActivator.java : 491]  【35dd5a48-dd5b-454d-84de-b892dc57ea7a】组件YSSELECRECO无数据库升级需要
2020-08-04 21:53:46.706 INFO [com.yss.framework] [BaseActivator.java : 654]  【35dd5a48-dd5b-454d-84de-b892dc57ea7a】应用[YSSINFO][com.yss.ams.base.information] 启动成功
2020-08-04 21:53:46.743 INFO [com.yss.framework] [BaseActivator.java : 654]  【35dd5a48-dd5b-454d-84de-b892dc57ea7a】应用[YSSELECRECOSUPPORT][com.yss.uco.elecreco.support] 启动成功
2020-08-04 21:53:46.797 INFO [com.yss.framework] [BaseApplicationActivator.java : 198]  【35dd5a48-dd5b-454d-84de-b892dc57ea7a】成功注册应用!!!!! ------->{"ip":"127.0.0.1","port":"8083","appCode":"YSSATOMICDATA","appName":"基础数据组件","webContent":"YSSUCOBRIDGE","startLevel":7.8}
2020-08-04 21:53:46.804 INFO [com.yss.framework] [BaseActivator.java : 654]  【35dd5a48-dd5b-454d-84de-b892dc57ea7a】应用[YSSPERIPHERAL][com.yss.periphral] 启动成功
2020-08-04 21:53:46.809 DEBUG [com.yss.framework] [BaseApplicationActivator.java : 491]  【35dd5a48-dd5b-454d-84de-b892dc57ea7a】组件YSSATOMICDATA无数据库升级需要
2020-08-04 21:53:46.928 INFO [com.yss.framework] [BaseApplicationActivator.java : 198]  【35dd5a48-dd5b-454d-84de-b892dc57ea7a】成功注册应用!!!!! ------->{"ip":"127.0.0.1","port":"8083","appCode":"YSSDOCTOR","appName":"分布式监控组件","webContent":"YSSUCOBRIDGE","startLevel":7.9}
2020-08-04 21:53:46.998 DEBUG [com.yss.framework] [BaseApplicationActivator.java : 491]  【35dd5a48-dd5b-454d-84de-b892dc57ea7a】组件YSSDOCTOR无数据库升级需要
2020-08-04 21:53:47.051 INFO [com.yss.framework] [BaseActivator.java : 654]  【35dd5a48-dd5b-454d-84de-b892dc57ea7a】应用[YSSELECRECO][com.yss.ifa.szt.tool] 启动成功
2020-08-04 21:53:47.180 INFO [com.yss.framework] [BaseApplicationActivator.java : 198]  【35dd5a48-dd5b-454d-84de-b892dc57ea7a】成功注册应用!!!!! ------->{"ip":"127.0.0.1","port":"8083","appCode":"YSSRIGHT","appName":"权限框架","webContent":"YSSUCOBRIDGE","startLevel":7.9}
2020-08-04 21:53:47.186 DEBUG [com.yss.framework] [BaseApplicationActivator.java : 491]  【35dd5a48-dd5b-454d-84de-b892dc57ea7a】组件YSSRIGHT无数据库升级需要
2020-08-04 21:53:47.198 WARN [com.yss.framework] [BaseActivator.java : 1998]  【35dd5a48-dd5b-454d-84de-b892dc57ea7a】注册本地服务失败!!!!!------->服务[com.yss.fast.monitor.service.stream.low.MonitorStreamServiceLow]-----监控组件注册流式分析服务失败,如果doctor.xml中的开关已经关闭,且运行jdk不为1.8版本,则可忽略该警告信息
2020-08-04 21:53:47.236 INFO [com.yss.framework] [BaseApplicationActivator.java : 198]  【35dd5a48-dd5b-454d-84de-b892dc57ea7a】成功注册应用!!!!! ------->{"ip":"127.0.0.1","port":"8083","appCode":"SSO-SERVER","appName":"SSO Server","webContent":"YSSUCOBRIDGE","startLevel":7.9}
2020-08-04 21:53:47.253 DEBUG [com.yss.framework] [BaseApplicationActivator.java : 491]  【35dd5a48-dd5b-454d-84de-b892dc57ea7a】组件SSO-SERVER无数据库升级需要
2020-08-04 21:53:47.307 INFO [com.yss.framework] [BaseActivator.java : 654]  【35dd5a48-dd5b-454d-84de-b892dc57ea7a】应用[SSO-SERVER][com.yss.fast.sso.server] 启动成功
2020-08-04 21:53:47.335 WARN [com.yss.framework] [BaseActivator.java : 1998]  【35dd5a48-dd5b-454d-84de-b892dc57ea7a】注册本地服务失败!!!!!------->服务[com.yss.fast.monitor.service.stream.high.MonitorStreamServiceHigh]-----监控组件注册流式分析服务失败,如果doctor.xml中的开关已经关闭,且运行jdk不为1.8版本,则可忽略该警告信息
2020-08-04 21:53:47.843 INFO [com.yss.fast.cache] [CacheManager.java : 361]  【35dd5a48-dd5b-454d-84de-b892dc57ea7a】缓存[DaiCache]加载完成-----。
2020-08-04 21:53:47.881 INFO [com.yss.fast.cache] [CacheManager.java : 361]  【35dd5a48-dd5b-454d-84de-b892dc57ea7a】缓存[IeItemCache]加载完成-----。
2020-08-04 21:53:48.012 INFO [com.yss.fast.cache] [CacheManager.java : 361]  【35dd5a48-dd5b-454d-84de-b892dc57ea7a】缓存[SecVarCache]加载完成-----。
2020-08-04 21:53:48.021 INFO [com.yss.fast.cache] [CacheManager.java : 361]  【35dd5a48-dd5b-454d-84de-b892dc57ea7a】缓存[IeCache]加载完成-----。
2020-08-04 21:53:48.027 INFO [com.yss.fast.cache] [CacheManager.java : 361]  【35dd5a48-dd5b-454d-84de-b892dc57ea7a】缓存[MktCache]加载完成-----。
2020-08-04 21:53:48.079 INFO [com.yss.fast.cache] [CacheManager.java : 361]  【35dd5a48-dd5b-454d-84de-b892dc57ea7a】缓存[DcCache]加载完成-----。
2020-08-04 21:53:48.152 INFO [com.yss.fast.cache] [CacheManager.java : 361]  【35dd5a48-dd5b-454d-84de-b892dc57ea7a】缓存[DtTdModeCache]加载完成-----。
2020-08-04 21:53:48.191 INFO [com.yss.fast.cache] [CacheManager.java : 361]  【35dd5a48-dd5b-454d-84de-b892dc57ea7a】缓存[DvaItemCache]加载完成-----。
2020-08-04 21:53:48.400 INFO [com.yss.framework] [BaseApplicationActivator.java : 198]  【35dd5a48-dd5b-454d-84de-b892dc57ea7a】成功注册应用!!!!! ------->{"ip":"127.0.0.1","port":"8083","appCode":"YSSWORKFLOW","appName":"流程管理","webContent":"YSSUCOBRIDGE","startLevel":7.91}
2020-08-04 21:53:48.436 DEBUG [com.yss.framework] [BaseApplicationActivator.java : 491]  【35dd5a48-dd5b-454d-84de-b892dc57ea7a】组件YSSWORKFLOW无数据库升级需要
2020-08-04 21:53:48.532 INFO [com.yss.framework] [BaseApplicationActivator.java : 198]  【35dd5a48-dd5b-454d-84de-b892dc57ea7a】成功注册应用!!!!! ------->{"ip":"127.0.0.1","port":"8083","appCode":"TASKSCHEDULER_CLIENT","appName":"流程管理客户端","webContent":"YSSUCOBRIDGE","startLevel":7.94}
2020-08-04 21:53:48.604 DEBUG [com.yss.framework] [DbPool.java : 164]  【35dd5a48-dd5b-454d-84de-b892dc57ea7a】DS: {"property":[{"name":"DRIVER_CLASS","value":"oracle.jdbc.driver.OracleDriver"},{"name":"JDBC_URL","value":"jdbc:oracle:thin:@192.168.7.70:1521:orcl"},{"name":"USER","value":"FGJJ_JR1"},{"name":"PASSWORD","value":"sK2fiHhpbYNwjknDTFmaXA=="},{"name":"MAX_POOL_SIZE","value":"200"},{"name":"MIN_POOL_SIZE","value":"3"},{"name":"VALIDATION_QUERY","value":"SELECT 1 FROM dual"},{"name":"TestOnBorrow","value":"false"},{"name":"TestOnReturn","value":"false"}],"id":"dbservice001","reflog":"","used":true,"useAppPool":null,"server":null,"provideUrl":null}
2020-08-04 21:53:48.667 DEBUG [com.yss.framework] [BaseApplicationActivator.java : 491]  【35dd5a48-dd5b-454d-84de-b892dc57ea7a】组件TASKSCHEDULER_CLIENT无数据库升级需要
2020-08-04 21:53:49.317 INFO [com.yss.fast.cache] [CacheManager.java : 361]  【35dd5a48-dd5b-454d-84de-b892dc57ea7a】缓存[HDayCache]加载完成-----。
2020-08-04 21:53:51.064 INFO [com.yss.framework] [BaseActivator.java : 654]  【35dd5a48-dd5b-454d-84de-b892dc57ea7a】应用[TASKSCHEDULER_CLIENT][com.yss.fast.task.client] 启动成功
2020-08-04 21:53:53.573 INFO [com.yss.fast.cache] [CacheManager.java : 361]  【35dd5a48-dd5b-454d-84de-b892dc57ea7a】缓存[VocCache]加载完成-----。
2020-08-04 21:53:53.591 INFO [com.yss.framework] [BaseApplicationActivator.java : 198]  【35dd5a48-dd5b-454d-84de-b892dc57ea7a】成功注册应用!!!!! ------->{"ip":"127.0.0.1","port":"8083","appCode":"TASKSCHEDULER","appName":"流程管理","webContent":"YSSUCOBRIDGE","startLevel":7.95}
2020-08-04 21:53:53.716 DEBUG [com.yss.framework] [BaseApplicationActivator.java : 491]  【35dd5a48-dd5b-454d-84de-b892dc57ea7a】组件TASKSCHEDULER无数据库升级需要
2020-08-04 21:53:53.727 INFO [com.yss.framework] [BaseApplicationActivator.java : 198]  【35dd5a48-dd5b-454d-84de-b892dc57ea7a】成功注册应用!!!!! ------->{"ip":"127.0.0.1","port":"8083","appCode":"YSSAPI","appName":null,"webContent":"YSSUCOBRIDGE","startLevel":8.0}
2020-08-04 21:53:53.794 INFO [com.yss.framework] [BaseApplicationActivator.java : 198]  【35dd5a48-dd5b-454d-84de-b892dc57ea7a】成功注册应用!!!!! ------->{"ip":"127.0.0.1","port":"8083","appCode":"YSSAUTOMATICCLEAR","appName":null,"webContent":"YSSUCOBRIDGE","startLevel":8.0}
2020-08-04 21:53:53.826 INFO [com.yss.framework] [BaseApplicationActivator.java : 198]  【35dd5a48-dd5b-454d-84de-b892dc57ea7a】成功注册应用!!!!! ------->{"ip":"127.0.0.1","port":"8083","appCode":"YSSAUTOMATICACT","appName":null,"webContent":"YSSUCOBRIDGE","startLevel":8.0}
2020-08-04 21:53:53.862 DEBUG [com.yss.framework] [BaseApplicationActivator.java : 491]  【35dd5a48-dd5b-454d-84de-b892dc57ea7a】组件YSSAUTOMATICCLEAR无数据库升级需要
2020-08-04 21:53:53.863 DEBUG [com.yss.framework] [BaseApplicationActivator.java : 491]  【35dd5a48-dd5b-454d-84de-b892dc57ea7a】组件YSSAPI无数据库升级需要
2020-08-04 21:53:53.889 INFO [com.yss.framework] [BaseActivator.java : 654]  【35dd5a48-dd5b-454d-84de-b892dc57ea7a】应用[YSSAPI][com.yss.ams.api] 启动成功
2020-08-04 21:53:54.039 DEBUG [com.yss.framework] [BaseApplicationActivator.java : 491]  【35dd5a48-dd5b-454d-84de-b892dc57ea7a】组件YSSAUTOMATICACT无数据库升级需要
2020-08-04 21:53:54.145 INFO [com.yss.fast.cache] [CacheManager.java : 361]  【35dd5a48-dd5b-454d-84de-b892dc57ea7a】缓存[BaseFundAccCache]加载完成-----。
2020-08-04 21:53:54.153 INFO [com.yss.framework] [BaseActivator.java : 654]  【35dd5a48-dd5b-454d-84de-b892dc57ea7a】应用[YSSAUTOMATICCLEAR][com.yss.ams.automatic.gz.clear] 启动成功
2020-08-04 21:53:54.229 INFO [com.yss.framework] [BaseActivator.java : 654]  【35dd5a48-dd5b-454d-84de-b892dc57ea7a】应用[YSSAUTOMATICACT][com.yss.ams.automatic.gz.dayf] 启动成功
2020-08-04 21:53:54.270 INFO [com.yss.framework] [BaseApplicationActivator.java : 198]  【35dd5a48-dd5b-454d-84de-b892dc57ea7a】成功注册应用!!!!! ------->{"ip":"127.0.0.1","port":"8083","appCode":"ALGORITHM","appName":"算法应用","webContent":"YSSUCOBRIDGE","startLevel":8.0}
2020-08-04 21:53:54.285 DEBUG [com.yss.framework] [BaseApplicationActivator.java : 491]  【35dd5a48-dd5b-454d-84de-b892dc57ea7a】组件ALGORITHM无数据库升级需要
2020-08-04 21:53:54.690 INFO [com.yss.framework] [BaseApplicationActivator.java : 198]  【35dd5a48-dd5b-454d-84de-b892dc57ea7a】成功注册应用!!!!! ------->{"ip":"127.0.0.1","port":"8083","appCode":"YSSOUTERDATAVERIFY","appName":"外部数据核对","webContent":"YSSUCOBRIDGE","startLevel":8.0}
2020-08-04 21:53:54.695 DEBUG [com.yss.framework] [BaseApplicationActivator.java : 491]  【35dd5a48-dd5b-454d-84de-b892dc57ea7a】组件YSSOUTERDATAVERIFY无数据库升级需要
2020-08-04 21:53:54.983 INFO [com.yss.framework] [BaseApplicationActivator.java : 198]  【35dd5a48-dd5b-454d-84de-b892dc57ea7a】成功注册应用!!!!! ------->{"ip":"127.0.0.1","port":"8083","appCode":"YSSPRODUCTINFO","appName":"产品信息","webContent":"YSSUCOBRIDGE","startLevel":8.0}
2020-08-04 21:53:55.042 INFO [com.yss.framework] [BaseActivator.java : 654]  【35dd5a48-dd5b-454d-84de-b892dc57ea7a】应用[YSSOUTERDATAVERIFY][com.yss.ams.outerdataverify] 启动成功
2020-08-04 21:53:55.049 DEBUG [com.yss.framework] [BaseApplicationActivator.java : 491]  【35dd5a48-dd5b-454d-84de-b892dc57ea7a】组件YSSPRODUCTINFO无数据库升级需要
2020-08-04 21:53:55.387 INFO [com.yss.framework] [BaseApplicationActivator.java : 198]  【35dd5a48-dd5b-454d-84de-b892dc57ea7a】成功注册应用!!!!! ------->{"ip":"127.0.0.1","port":"8083","appCode":"YSSSECINFO","appName":null,"webContent":"YSSUCOBRIDGE","startLevel":8.0}
2020-08-04 21:53:55.411 DEBUG [com.yss.framework] [BaseApplicationActivator.java : 491]  【35dd5a48-dd5b-454d-84de-b892dc57ea7a】组件YSSSECINFO无数据库升级需要
2020-08-04 21:53:55.968 INFO [com.yss.framework] [BaseApplicationActivator.java : 198]  【35dd5a48-dd5b-454d-84de-b892dc57ea7a】成功注册应用!!!!! ------->{"ip":"127.0.0.1","port":"8083","appCode":"YSSSYNCDATA","appName":null,"webContent":"YSSUCOBRIDGE","startLevel":8.0}
2020-08-04 21:53:55.987 DEBUG [com.yss.framework] [BaseApplicationActivator.java : 491]  【35dd5a48-dd5b-454d-84de-b892dc57ea7a】组件YSSSYNCDATA无数据库升级需要
2020-08-04 21:53:56.113 INFO [com.yss.framework] [BaseActivator.java : 654]  【35dd5a48-dd5b-454d-84de-b892dc57ea7a】应用[YSSSYNCDATA][com.yss.ams.syncdata] 启动成功
2020-08-04 21:53:56.138 INFO [com.yss.framework] [BaseApplicationActivator.java : 198]  【35dd5a48-dd5b-454d-84de-b892dc57ea7a】成功注册应用!!!!! ------->{"ip":"127.0.0.1","port":"8083","appCode":"AUTOTESTSCHEDULER","appName":null,"webContent":"YSSUCOBRIDGE","startLevel":8.0}
2020-08-04 21:53:56.162 DEBUG [com.yss.framework] [BaseApplicationActivator.java : 491]  【35dd5a48-dd5b-454d-84de-b892dc57ea7a】组件AUTOTESTSCHEDULER无数据库升级需要
2020-08-04 21:53:56.207 INFO [com.yss.framework] [BaseActivator.java : 654]  【35dd5a48-dd5b-454d-84de-b892dc57ea7a】应用[AUTOTESTSCHEDULER][com.yss.fast.autotest.scheduler] 启动成功
2020-08-04 21:53:56.283 INFO [com.yss.fast.task] [ProducerImpl.java : 159]  开始创建生成这。key:{}TASKSCHEDULER
2020-08-04 21:53:56.471 INFO [com.yss.framework] [BaseApplicationActivator.java : 198]  【35dd5a48-dd5b-454d-84de-b892dc57ea7a】成功注册应用!!!!! ------->{"ip":"127.0.0.1","port":"8083","appCode":"DBMIGRATION","appName":"数据清理组件","webContent":"YSSUCOBRIDGE","startLevel":8.0}
2020-08-04 21:53:56.683 INFO [com.yss.fast.cache] [CacheManager.java : 361]  【35dd5a48-dd5b-454d-84de-b892dc57ea7a】缓存[TdChanCache]加载完成-----。
2020-08-04 21:53:56.767 DEBUG [com.yss.framework] [BaseApplicationActivator.java : 491]  【35dd5a48-dd5b-454d-84de-b892dc57ea7a】组件DBMIGRATION无数据库升级需要
2020-08-04 21:53:56.863 INFO [com.yss.fast.task] [ProducerImpl.java : 161]  结束创建生成这。key:{}TASKSCHEDULER
2020-08-04 21:53:56.950 INFO [com.yss.framework] [BaseApplicationActivator.java : 198]  【35dd5a48-dd5b-454d-84de-b892dc57ea7a】成功注册应用!!!!! ------->{"ip":"127.0.0.1","port":"8083","appCode":"YSSDOCTORSUPPORT","appName":"性能诊断组件","webContent":"YSSUCOBRIDGE","startLevel":8.0}
2020-08-04 21:53:57.188 DEBUG [com.yss.framework] [BaseApplicationActivator.java : 491]  【35dd5a48-dd5b-454d-84de-b892dc57ea7a】组件YSSDOCTORSUPPORT无数据库升级需要
2020-08-04 21:53:57.215 INFO [com.yss.framework] [BaseActivator.java : 654]  【35dd5a48-dd5b-454d-84de-b892dc57ea7a】应用[YSSDOCTORSUPPORT][com.yss.fast.doctor.support] 启动成功
2020-08-04 21:53:57.427 INFO [com.yss.framework] [BaseApplicationActivator.java : 198]  【35dd5a48-dd5b-454d-84de-b892dc57ea7a】成功注册应用!!!!! ------->{"ip":"127.0.0.1","port":"8083","appCode":"YSSDOCTORCLIENT","appName":"性能诊断组件探针","webContent":"YSSUCOBRIDGE","startLevel":8.0}
2020-08-04 21:53:57.435 DEBUG [com.yss.framework] [BaseApplicationActivator.java : 491]  【35dd5a48-dd5b-454d-84de-b892dc57ea7a】组件YSSDOCTORCLIENT无数据库升级需要
2020-08-04 21:53:57.836 INFO [com.yss.framework] [DoctorConfig.java : 431]  【35dd5a48-dd5b-454d-84de-b892dc57ea7a】未开启监控开关,请关注:/global/doctor.xml,监控平台不会启动....
2020-08-04 21:53:57.838 INFO [com.yss.framework] [DoctorConfig.java : 265]  【35dd5a48-dd5b-454d-84de-b892dc57ea7a】分布式监控配置信息如下:监控组件是否启动:false关系型数据库类型:oracle流式分析服务器地址:192.168.2.42:9092,192.168.2.42:9192,192.168.2.42:9292默认的分析数据清理时间:1默认的归档数据清理时间:1监控平台数据源id:dbservice001各个监控类型配置如下:FAST_SERVER_RESOURCE_INFO:DoctorMonitorTypeConfig [dataClearPeriod=1]
2020-08-04 21:53:57.904 INFO [com.yss.framework] [BaseActivator.java : 654]  【35dd5a48-dd5b-454d-84de-b892dc57ea7a】应用[YSSDOCTORCLIENT][com.yss.fast.doctor.client] 启动成功
2020-08-04 21:53:57.948 INFO [com.yss.framework] [BaseApplicationActivator.java : 198]  【35dd5a48-dd5b-454d-84de-b892dc57ea7a】成功注册应用!!!!! ------->{"ip":"127.0.0.1","port":"8083","appCode":"YSSDOCUMENT","appName":"文档管理","webContent":"YSSUCOBRIDGE","startLevel":8.0}
2020-08-04 21:53:57.956 DEBUG [com.yss.framework] [BaseApplicationActivator.java : 491]  【35dd5a48-dd5b-454d-84de-b892dc57ea7a】组件YSSDOCUMENT无数据库升级需要
2020-08-04 21:53:58.039 INFO [com.yss.framework] [BaseApplicationActivator.java : 198]  【35dd5a48-dd5b-454d-84de-b892dc57ea7a】成功注册应用!!!!! ------->{"ip":"127.0.0.1","port":"8083","appCode":"MQM","appName":null,"webContent":"YSSUCOBRIDGE","startLevel":8.0}
2020-08-04 21:53:58.063 DEBUG [com.yss.framework] [BaseApplicationActivator.java : 491]  【35dd5a48-dd5b-454d-84de-b892dc57ea7a】组件MQM无数据库升级需要
2020-08-04 21:53:58.266 INFO [com.yss.framework] [BaseActivator.java : 654]  【35dd5a48-dd5b-454d-84de-b892dc57ea7a】应用[YSSDOCUMENT][com.yss.fast.document] 启动成功
2020-08-04 21:53:58.363 INFO [com.yss.framework] [BaseActivator.java : 654]  【35dd5a48-dd5b-454d-84de-b892dc57ea7a】应用[MQM][com.yss.fast.mq.manager] 启动成功
2020-08-04 21:53:58.415 INFO [com.yss.framework] [BaseApplicationActivator.java : 198]  【35dd5a48-dd5b-454d-84de-b892dc57ea7a】成功注册应用!!!!! ------->{"ip":"127.0.0.1","port":"8083","appCode":"SSO-CLIENT","appName":"SSO client","webContent":"YSSUCOBRIDGE","startLevel":8.0}
2020-08-04 21:53:58.423 DEBUG [com.yss.framework] [BaseApplicationActivator.java : 491]  【35dd5a48-dd5b-454d-84de-b892dc57ea7a】组件SSO-CLIENT无数据库升级需要
2020-08-04 21:53:58.524 INFO [com.yss.framework] [BaseActivator.java : 654]  【35dd5a48-dd5b-454d-84de-b892dc57ea7a】应用[SSO-CLIENT][com.yss.fast.sso.client] 启动成功
2020-08-04 21:53:58.928 ERROR [com.yss.framework] [YssRuntimeException.java : 89]  【35dd5a48-dd5b-454d-84de-b892dc57ea7a】YssServiceFactory在上下文未找到serviceMap,请核对:interface com.yss.framework.api.busoperservice.IBusiness,服务ID:IDataImpService
2020-08-04 21:53:58.929 ERROR [com.yss.framework] [DayfBizControlService.java : 194]  【35dd5a48-dd5b-454d-84de-b892dc57ea7a】YssServiceFactory在上下文未找到serviceMap,请核对:interface com.yss.framework.api.busoperservice.IBusiness,服务ID:IDataImpService
2020-08-04 21:53:58.930 ERROR [com.yss.framework] [YssRuntimeException.java : 89]  【35dd5a48-dd5b-454d-84de-b892dc57ea7a】YssServiceFactory在上下文未找到serviceMap,请核对:interface com.yss.framework.api.busoperservice.IBusiness,服务ID:IAssetStatsCtlInitService
2020-08-04 21:53:58.931 ERROR [com.yss.framework] [DayfBizControlService.java : 194]  【35dd5a48-dd5b-454d-84de-b892dc57ea7a】YssServiceFactory在上下文未找到serviceMap,请核对:interface com.yss.framework.api.busoperservice.IBusiness,服务ID:IAssetStatsCtlInitService
2020-08-04 21:53:58.932 ERROR [com.yss.framework] [YssRuntimeException.java : 89]  【35dd5a48-dd5b-454d-84de-b892dc57ea7a】YssServiceFactory在上下文未找到serviceMap,请核对:interface com.yss.framework.api.busoperservice.IBusiness,服务ID:IAssetClearCtlService
2020-08-04 21:53:58.933 ERROR [com.yss.framework] [DayfBizControlService.java : 194]  【35dd5a48-dd5b-454d-84de-b892dc57ea7a】YssServiceFactory在上下文未找到serviceMap,请核对:interface com.yss.framework.api.busoperservice.IBusiness,服务ID:IAssetClearCtlService
2020-08-04 21:53:58.934 ERROR [com.yss.framework] [YssRuntimeException.java : 89]  【35dd5a48-dd5b-454d-84de-b892dc57ea7a】YssServiceFactory在上下文未找到serviceMap,请核对:interface com.yss.framework.api.busoperservice.IBusiness,服务ID:IActControlService
2020-08-04 21:53:58.935 ERROR [com.yss.framework] [DayfBizControlService.java : 194]  【35dd5a48-dd5b-454d-84de-b892dc57ea7a】YssServiceFactory在上下文未找到serviceMap,请核对:interface com.yss.framework.api.busoperservice.IBusiness,服务ID:IActControlService
2020-08-04 21:53:58.935 ERROR [com.yss.framework] [YssRuntimeException.java : 89]  【35dd5a48-dd5b-454d-84de-b892dc57ea7a】YssServiceFactory在上下文未找到serviceMap,请核对:interface com.yss.framework.api.busoperservice.IBusiness,服务ID:ICollControlService
2020-08-04 21:53:58.936 ERROR [com.yss.framework] [DayfBizControlService.java : 194]  【35dd5a48-dd5b-454d-84de-b892dc57ea7a】YssServiceFactory在上下文未找到serviceMap,请核对:interface com.yss.framework.api.busoperservice.IBusiness,服务ID:ICollControlService
2020-08-04 21:53:58.937 ERROR [com.yss.framework] [YssRuntimeException.java : 89]  【35dd5a48-dd5b-454d-84de-b892dc57ea7a】YssServiceFactory在上下文未找到serviceMap,请核对:interface com.yss.framework.api.busoperservice.IBusiness,服务ID:IAssetStatsCtlStatsService
2020-08-04 21:53:58.938 ERROR [com.yss.framework] [DayfBizControlService.java : 194]  【35dd5a48-dd5b-454d-84de-b892dc57ea7a】YssServiceFactory在上下文未找到serviceMap,请核对:interface com.yss.framework.api.busoperservice.IBusiness,服务ID:IAssetStatsCtlStatsService
2020-08-04 21:53:58.938 ERROR [com.yss.framework] [YssRuntimeException.java : 89]  【35dd5a48-dd5b-454d-84de-b892dc57ea7a】YssServiceFactory在上下文未找到serviceMap,请核对:interface com.yss.framework.api.busoperservice.IBusiness,服务ID:IDispatchEConfirmService
2020-08-04 21:53:58.940 ERROR [com.yss.framework] [DayfBizControlService.java : 194]  【35dd5a48-dd5b-454d-84de-b892dc57ea7a】YssServiceFactory在上下文未找到serviceMap,请核对:interface com.yss.framework.api.busoperservice.IBusiness,服务ID:IDispatchEConfirmService
2020-08-04 21:53:59.393 INFO [com.yss.fast.task] [TaskDescService.java : 91]  【35dd5a48-dd5b-454d-84de-b892dc57ea7a】任务调度ID:18432
2020-08-04 21:53:59.393 INFO [com.yss.fast.task] [TaskDescDao.java : 94] zsm 【35dd5a48-dd5b-454d-84de-b892dc57ea7a】任务调度ID:18432
2020-08-04 21:54:00.676 INFO [com.yss.framework] [BaseApplicationActivator.java : 198]  【35dd5a48-dd5b-454d-84de-b892dc57ea7a】成功注册应用!!!!! ------->{"ip":"127.0.0.1","port":"8083","appCode":"WEBPLUS","appName":"WebPlus UI","webContent":"YSSUCOBRIDGE","startLevel":8.0}
2020-08-04 21:54:00.686 DEBUG [com.yss.framework] [BaseApplicationActivator.java : 491]  【35dd5a48-dd5b-454d-84de-b892dc57ea7a】组件WEBPLUS无数据库升级需要
2020-08-04 21:54:00.709 INFO [com.yss.framework] [BaseApplicationActivator.java : 198]  【35dd5a48-dd5b-454d-84de-b892dc57ea7a】成功注册应用!!!!! ------->{"ip":"127.0.0.1","port":"8083","appCode":"com.yss.report.integrate","appName":"报表中心","webContent":"YSSUCOBRIDGE","startLevel":8.0}
2020-08-04 21:54:00.710 INFO [com.yss.report.integrate] [ReportIntegrateActivator.java : 31]  【35dd5a48-dd5b-454d-84de-b892dc57ea7a】报表中心组件 registerBundleOperInterface。
2020-08-04 21:54:00.715 DEBUG [com.yss.framework] [BaseApplicationActivator.java : 491]  【35dd5a48-dd5b-454d-84de-b892dc57ea7a】组件com.yss.report.integrate无数据库升级需要
2020-08-04 21:54:00.718 INFO [com.yss.framework] [BaseActivator.java : 654]  【35dd5a48-dd5b-454d-84de-b892dc57ea7a】应用[com.yss.report.integrate][com.yss.report.integrate] 启动成功
2020-08-04 21:54:00.868 INFO [com.yss.framework] [BaseActivator.java : 654]  【35dd5a48-dd5b-454d-84de-b892dc57ea7a】应用[DATACLEAR][com.yss.dataclear] 启动成功
2020-08-04 21:54:00.911 INFO [com.yss.framework] [BaseApplicationActivator.java : 198]  【35dd5a48-dd5b-454d-84de-b892dc57ea7a】成功注册应用!!!!! ------->{"ip":"127.0.0.1","port":"8083","appCode":"BANKAPI","appName":null,"webContent":"YSSUCOBRIDGE","startLevel":8.0}
2020-08-04 21:54:00.928 DEBUG [com.yss.framework] [BaseApplicationActivator.java : 491]  【35dd5a48-dd5b-454d-84de-b892dc57ea7a】组件BANKAPI无数据库升级需要
2020-08-04 21:54:00.978 INFO [com.yss.framework] [BaseActivator.java : 654]  【35dd5a48-dd5b-454d-84de-b892dc57ea7a】应用[BANKAPI][com.yss.uco.bankapi] 启动成功
2020-08-04 21:54:01.324 INFO [com.yss.framework] [BaseActivator.java : 654]  【35dd5a48-dd5b-454d-84de-b892dc57ea7a】应用[DBMIGRATION][com.yss.fast.db.migration] 启动成功
2020-08-04 21:54:01.659 INFO [com.yss.framework] [BaseActivator.java : 654]  【35dd5a48-dd5b-454d-84de-b892dc57ea7a】应用[WEBPLUS][com.yss.fast.webplus] 启动成功
2020-08-04 21:54:04.410 INFO [com.yss.fast.cache] [CacheManager.java : 361]  【35dd5a48-dd5b-454d-84de-b892dc57ea7a】缓存[FASTVocCache]加载完成-----。
2020-08-04 21:54:04.474 INFO [com.yss.fast.cache] [CacheManager.java : 361]  【35dd5a48-dd5b-454d-84de-b892dc57ea7a】缓存[DictCustomCache]加载完成-----。
2020-08-04 21:54:04.827 INFO [com.yss.framework] [DoctorConfig.java : 431]  【35dd5a48-dd5b-454d-84de-b892dc57ea7a】未开启监控开关,请关注:/global/doctor.xml,监控平台不会启动....
2020-08-04 21:54:04.832 INFO [com.yss.framework] [BaseActivator.java : 654]  【35dd5a48-dd5b-454d-84de-b892dc57ea7a】应用[YSSDOCTOR][com.yss.fast.doctor] 启动成功
2020-08-04 21:54:05.131 INFO [com.yss.fast.cache] [CacheManager.java : 361]  【35dd5a48-dd5b-454d-84de-b892dc57ea7a】缓存[FASTVocabularyDictCache]加载完成-----。
2020-08-04 21:54:05.371 INFO [com.yss.framework] [BaseActivator.java : 654]  【35dd5a48-dd5b-454d-84de-b892dc57ea7a】应用[ALGORITHM][com.yss.ams.aval] 启动成功
2020-08-04 21:54:05.510 INFO [com.yss.framework] [DoctorConfig.java : 431]  【35dd5a48-dd5b-454d-84de-b892dc57ea7a】未开启监控开关,请关注:/global/doctor.xml,监控平台不会启动....
2020-08-04 21:54:05.512 INFO [com.yss.fast.cache] [CacheManager.java : 361]  【35dd5a48-dd5b-454d-84de-b892dc57ea7a】缓存[MonitorIndexConfigCache]加载完成-----。
2020-08-04 21:54:05.521 INFO [com.yss.fast.workflow] [WorkflowRegisterAdmin.java : 79]  【35dd5a48-dd5b-454d-84de-b892dc57ea7a】"com.yss.fast.workflow" start to do workflow register work
2020-08-04 21:54:05.542 INFO [com.yss.fast.workflow] [WorkflowRegisterAdmin.java : 93]  【35dd5a48-dd5b-454d-84de-b892dc57ea7a】"com.yss.fast.workflow" end do workflow register work
2020-08-04 21:54:05.547 INFO [com.yss.fast.workflow] [CheckProcessCompleteConsumer.java : 41]  【35dd5a48-dd5b-454d-84de-b892dc57ea7a】开始启动复核流程消费者
2020-08-04 21:54:05.772 INFO [com.yss.fast.workflow] [CheckProcessCompleteConsumer.java : 150]  【35dd5a48-dd5b-454d-84de-b892dc57ea7a】复核流程消费者启动完成
2020-08-04 21:54:05.773 INFO [com.yss.framework] [BaseActivator.java : 654]  【35dd5a48-dd5b-454d-84de-b892dc57ea7a】应用[YSSWORKFLOW][com.yss.fast.workflow] 启动成功
2020-08-04 21:54:06.348 INFO [com.yss.fast.cache] [CacheManager.java : 361]  【35dd5a48-dd5b-454d-84de-b892dc57ea7a】缓存[TaskWorkSpaceCache]加载完成-----。
2020-08-04 21:54:06.607 INFO [com.yss.framework] [BaseActivator.java : 654]  【35dd5a48-dd5b-454d-84de-b892dc57ea7a】应用[YSSATOMICDATA][com.yss.fast.atomicdata] 启动成功
2020-08-04 21:54:06.858 INFO [com.yss.fast.cache] [CacheManager.java : 361]  【35dd5a48-dd5b-454d-84de-b892dc57ea7a】缓存[DPParamCache]加载完成-----。
2020-08-04 21:54:06.866 INFO [com.yss.framework] [BaseApplicationActivator.java : 198]  【35dd5a48-dd5b-454d-84de-b892dc57ea7a】成功注册应用!!!!! ------->{"ip":"127.0.0.1","port":"8083","appCode":"YSSCLEAR","appName":"清算接口","webContent":"YSSUCOBRIDGE","startLevel":8.0}
2020-08-04 21:54:07.013 DEBUG [com.yss.framework] [BaseApplicationActivator.java : 491]  【35dd5a48-dd5b-454d-84de-b892dc57ea7a】组件YSSCLEAR无数据库升级需要
2020-08-04 21:54:07.694 INFO [com.yss.framework] [BaseApplicationActivator.java : 198]  【35dd5a48-dd5b-454d-84de-b892dc57ea7a】成功注册应用!!!!! ------->{"ip":"127.0.0.1","port":"8083","appCode":"YSSDATAINTEGRATION","appName":"数据导入导出","webContent":"YSSUCOBRIDGE","startLevel":8.0}
2020-08-04 21:54:07.701 DEBUG [com.yss.framework] [BaseApplicationActivator.java : 491]  【35dd5a48-dd5b-454d-84de-b892dc57ea7a】组件YSSDATAINTEGRATION无数据库升级需要
2020-08-04 21:54:07.783 INFO [com.yss.uco.dataintegration] [DIActivator.java : 84]  【35dd5a48-dd5b-454d-84de-b892dc57ea7a】注册部署JAR包消息监听成功:
2020-08-04 21:54:08.095 INFO [com.yss.fast.cache] [CacheManager.java : 361]  【35dd5a48-dd5b-454d-84de-b892dc57ea7a】缓存[UserPostCache]加载完成-----。
2020-08-04 21:54:08.216 INFO [com.yss.framework] [BaseApplicationActivator.java : 198]  【35dd5a48-dd5b-454d-84de-b892dc57ea7a】成功注册应用!!!!! ------->{"ip":"127.0.0.1","port":"8083","appCode":"YSSELECRECO","appName":"电子对账","webContent":"YSSUCOBRIDGE","startLevel":8.0}
2020-08-04 21:54:08.226 DEBUG [com.yss.framework] [BaseApplicationActivator.java : 491]  【35dd5a48-dd5b-454d-84de-b892dc57ea7a】组件YSSELECRECO无数据库升级需要
2020-08-04 21:54:08.249 ERROR [com.yss.framework] [YssRuntimeException.java : 89]  【35dd5a48-dd5b-454d-84de-b892dc57ea7a】YssServiceFactory在上下文未找到serviceMap,请核对:interface com.yss.right.service.IFunRightProvider,实现类:com.yss.ams.xbrl.right.service.IXbrlFunRightProvider
2020-08-04 21:54:08.338 INFO [com.yss.fast.cache] [CacheManager.java : 361]  【35dd5a48-dd5b-454d-84de-b892dc57ea7a】缓存[AlgoCache]加载完成-----。
2020-08-04 21:54:08.411 INFO [com.yss.framework] [BaseApplicationActivator.java : 198]  【35dd5a48-dd5b-454d-84de-b892dc57ea7a】成功注册应用!!!!! ------->{"ip":"127.0.0.1","port":"8083","appCode":"YSSMONITORMAIN","appName":"管控","webContent":"YSSUCOBRIDGE","startLevel":8.0}
2020-08-04 21:54:08.417 DEBUG [com.yss.framework] [BaseApplicationActivator.java : 491]  【35dd5a48-dd5b-454d-84de-b892dc57ea7a】组件YSSMONITORMAIN无数据库升级需要
2020-08-04 21:54:08.612 INFO [com.yss.framework] [BaseActivator.java : 654]  【35dd5a48-dd5b-454d-84de-b892dc57ea7a】应用[YSSCLEAR][com.yss.uco.clear] 启动成功
2020-08-04 21:54:08.962 INFO [com.yss.framework] [BaseActivator.java : 854]  【35dd5a48-dd5b-454d-84de-b892dc57ea7a】succeed to register thirdPartyAuth service: com.yss.fast.right.thirdparty.GeFeiAuthService with key:gefei
2020-08-04 21:54:08.965 INFO [com.yss.framework] [BaseActivator.java : 854]  【35dd5a48-dd5b-454d-84de-b892dc57ea7a】succeed to register thirdPartyAuth service: com.yss.fast.right.thirdparty.GuangFaAuthService with key:gf
2020-08-04 21:54:08.967 INFO [com.yss.framework] [BaseActivator.java : 854]  【35dd5a48-dd5b-454d-84de-b892dc57ea7a】succeed to register thirdPartyAuth service: com.yss.fast.right.thirdparty.UnifiedAuthenService with key:notesId
2020-08-04 21:54:08.970 INFO [com.yss.framework] [BaseActivator.java : 854]  【35dd5a48-dd5b-454d-84de-b892dc57ea7a】succeed to register thirdPartyAuth service: com.yss.fast.right.thirdparty.ESBAuthenService with key:ESB
2020-08-04 21:54:08.972 INFO [com.yss.framework] [BaseActivator.java : 854]  【35dd5a48-dd5b-454d-84de-b892dc57ea7a】succeed to register thirdPartyAuth service: com.yss.fast.right.thirdparty.GDYHAuthService with key:GDYH
2020-08-04 21:54:08.975 INFO [com.yss.framework] [BaseActivator.java : 854]  【35dd5a48-dd5b-454d-84de-b892dc57ea7a】succeed to register thirdPartyAuth service: com.yss.fast.right.thirdparty.PALCUMAuthService with key:PALC_UM
2020-08-04 21:54:08.984 INFO [com.yss.framework] [BaseActivator.java : 890]  【35dd5a48-dd5b-454d-84de-b892dc57ea7a】succeed to register SQLFilter replaceTableName: T_S_USER:T_S_POST
2020-08-04 21:54:08.985 INFO [com.yss.framework] [BaseActivator.java : 890]  【35dd5a48-dd5b-454d-84de-b892dc57ea7a】succeed to register SQLFilter replaceTableName: T_S_FUN:T_S_USER
2020-08-04 21:54:08.986 INFO [com.yss.framework] [BaseActivator.java : 890]  【35dd5a48-dd5b-454d-84de-b892dc57ea7a】succeed to register SQLFilter replaceTableName: T_S_POST:T_S_FUN
2020-08-04 21:54:08.999 INFO [com.yss.framework] [BaseActivator.java : 654]  【35dd5a48-dd5b-454d-84de-b892dc57ea7a】应用[YSSRIGHT][com.yss.fast.right] 启动成功
2020-08-04 21:54:09.795 INFO [com.yss.framework] [BaseActivator.java : 654]  【35dd5a48-dd5b-454d-84de-b892dc57ea7a】应用[YSSPRODUCTINFO][com.yss.ams.product.information] 启动成功
2020-08-04 21:54:10.941 INFO [com.yss.framework] [BaseApplicationActivator.java : 198]  【35dd5a48-dd5b-454d-84de-b892dc57ea7a】成功注册应用!!!!! ------->{"ip":"127.0.0.1","port":"8083","appCode":"YSSUCO","appName":"核算业务","webContent":"YSSUCOBRIDGE","startLevel":8.0}
2020-08-04 21:54:10.949 DEBUG [com.yss.framework] [BaseApplicationActivator.java : 491]  【35dd5a48-dd5b-454d-84de-b892dc57ea7a】组件YSSUCO无数据库升级需要
2020-08-04 21:54:11.118 INFO [com.yss.framework] [BaseActivator.java : 654]  【35dd5a48-dd5b-454d-84de-b892dc57ea7a】应用[YSSSECINFO][com.yss.ams.sec.information] 启动成功
2020-08-04 21:54:12.118 DEBUG [com.yss.uco.elecreco] [SendThreadPool.java : 87]  【35dd5a48-dd5b-454d-84de-b892dc57ea7a】发送线程池准备就绪!
2020-08-04 21:54:12.119 INFO [com.yss.uco.elecreco] [ErActivator.java : 50]  【35dd5a48-dd5b-454d-84de-b892dc57ea7a】电子对账发送线程启动完成!
2020-08-04 21:54:12.119 INFO [com.yss.framework] [BaseActivator.java : 654]  【35dd5a48-dd5b-454d-84de-b892dc57ea7a】应用[YSSELECRECO][com.yss.uco.elecreco] 启动成功
2020-08-04 21:54:12.157 INFO [com.yss.uco.monitor] [AbstractDataMigrationTask.java : 1073]  【35dd5a48-dd5b-454d-84de-b892dc57ea7a】当前清理任务:null 没有设置要清理的数据表信息,任务将不执行任何清理操作
2020-08-04 21:54:14.748 INFO [com.yss.fast.workflow] [WorkflowRegisterAdmin.java : 79]  【35dd5a48-dd5b-454d-84de-b892dc57ea7a】"com.yss.fast.task" start to do workflow register work
2020-08-04 21:54:14.851 INFO [com.yss.fast.workflow] [WorkflowRegisterAdmin.java : 93]  【35dd5a48-dd5b-454d-84de-b892dc57ea7a】"com.yss.fast.task" end do workflow register work
2020-08-04 21:54:15.065 INFO [com.yss.framework] [BaseActivator.java : 806]  【35dd5a48-dd5b-454d-84de-b892dc57ea7a】succeed to register taskTriggerStrategy service: com.yss.fast.task.task.trigger.DemoTaskTriggerStrategy with key:com.yss.fast.task.task.trigger.DemoTaskTriggerStrategy
2020-08-04 21:54:17.086 INFO [com.yss.fast.cache] [CacheManager.java : 361]  【35dd5a48-dd5b-454d-84de-b892dc57ea7a】缓存[TagCache]加载完成-----。
2020-08-04 21:54:18.257 ERROR [com.yss.framework] [YssRuntimeException.java : 89]  【35dd5a48-dd5b-454d-84de-b892dc57ea7a】YssServiceFactory在上下文未找到serviceMap,请核对:interface com.yss.right.service.IFunRightProvider,实现类:com.yss.ams.xbrl.right.service.IXbrlFunRightProvider
2020-08-04 21:54:19.462 INFO [com.yss.framework] [BaseActivator.java : 654]  【35dd5a48-dd5b-454d-84de-b892dc57ea7a】应用[YSSMONITORMAIN][com.yss.uco.monitor] 启动成功
2020-08-04 21:54:28.338 ERROR [com.yss.framework] [YssRuntimeException.java : 89]  【35dd5a48-dd5b-454d-84de-b892dc57ea7a】YssServiceFactory在上下文未找到serviceMap,请核对:interface com.yss.right.service.IFunRightProvider,实现类:com.yss.ams.xbrl.right.service.IXbrlFunRightProvider
2020-08-04 21:54:28.543 INFO [com.yss.fast.cache] [CacheManager.java : 361]  【35dd5a48-dd5b-454d-84de-b892dc57ea7a】缓存[PortClsCache]加载完成-----。
2020-08-04 21:54:39.568 ERROR [com.yss.framework] [YssRuntimeException.java : 89]  【35dd5a48-dd5b-454d-84de-b892dc57ea7a】YssServiceFactory在上下文未找到serviceMap,请核对:interface com.yss.right.service.IFunRightProvider,实现类:com.yss.ams.xbrl.right.service.IXbrlFunRightProvider
2020-08-04 21:54:47.560 INFO [com.yss.uco.dataintegration] [DIActivator.java : 155]  【35dd5a48-dd5b-454d-84de-b892dc57ea7a】读取到导出config.properties配置的总路径:null
2020-08-04 21:54:47.562 INFO [com.yss.uco.dataintegration] [DIActivator.java : 128]  【35dd5a48-dd5b-454d-84de-b892dc57ea7a】读取到导出总路径:null
2020-08-04 21:54:47.564 INFO [com.yss.framework] [BaseActivator.java : 654]  【35dd5a48-dd5b-454d-84de-b892dc57ea7a】应用[YSSDATAINTEGRATION][com.yss.uco.dataintegration] 启动成功
2020-08-04 21:54:49.462 INFO [com.yss.framework] [BaseActivator.java : 654]  【35dd5a48-dd5b-454d-84de-b892dc57ea7a】应用[TASKSCHEDULER][com.yss.fast.task] 启动成功
2020-08-04 21:54:49.583 ERROR [com.yss.framework] [YssRuntimeException.java : 89]  【35dd5a48-dd5b-454d-84de-b892dc57ea7a】YssServiceFactory在上下文未找到serviceMap,请核对:interface com.yss.right.service.IFunRightProvider,实现类:com.yss.ams.xbrl.right.service.IXbrlFunRightProvider
2020-08-04 21:54:59.586 ERROR [com.yss.framework] [YssRuntimeException.java : 89]  【35dd5a48-dd5b-454d-84de-b892dc57ea7a】YssServiceFactory在上下文未找到serviceMap,请核对:interface com.yss.right.service.IFunRightProvider,实现类:com.yss.ams.xbrl.right.service.IXbrlFunRightProvider
2020-08-04 21:55:24.516 INFO [com.yss.fast.cache] [CacheManager.java : 361]  【35dd5a48-dd5b-454d-84de-b892dc57ea7a】缓存[OrgCache]加载完成-----。
2020-08-04 21:56:01.343 INFO [com.yss.fast.cache] [CacheManager.java : 361]  【35dd5a48-dd5b-454d-84de-b892dc57ea7a】缓存[PostRightCache]加载完成-----。
2020-08-04 21:56:11.453 INFO [com.yss.fast.cache] [CacheManager.java : 361]  【35dd5a48-dd5b-454d-84de-b892dc57ea7a】缓存[AutoProcessCache]加载完成-----。
2020-08-04 21:56:33.695 INFO [com.yss.fast.cache] [CacheManager.java : 361]  【35dd5a48-dd5b-454d-84de-b892dc57ea7a】缓存[PortCache]加载完成-----。
2020-08-04 21:57:07.183 INFO [com.yss.fast.cache] [CacheManager.java : 361]  【35dd5a48-dd5b-454d-84de-b892dc57ea7a】缓存[SecBaseCache]加载完成-----。
2020-08-04 21:57:20.631 INFO [com.yss.framework] [BaseApplicationActivator.java : 198]  【35dd5a48-dd5b-454d-84de-b892dc57ea7a】成功注册应用!!!!! ------->{"ip":"127.0.0.1","port":"8083","appCode":"YSSELECRECO","appName":"电子对账","webContent":"YSSUCOBRIDGE","startLevel":8.1}
2020-08-04 21:57:20.636 DEBUG [com.yss.framework] [BaseApplicationActivator.java : 491]  【35dd5a48-dd5b-454d-84de-b892dc57ea7a】组件YSSELECRECO无数据库升级需要
2020-08-04 21:57:20.739 INFO [com.yss.framework] [BaseApplicationActivator.java : 198]  【35dd5a48-dd5b-454d-84de-b892dc57ea7a】成功注册应用!!!!! ------->{"ip":"127.0.0.1","port":"8083","appCode":"YSSMONITOR","appName":"管控Client","webContent":"YSSUCOBRIDGE","startLevel":8.1}
2020-08-04 21:57:20.786 DEBUG [com.yss.framework] [BaseApplicationActivator.java : 491]  【35dd5a48-dd5b-454d-84de-b892dc57ea7a】组件YSSMONITOR无数据库升级需要
2020-08-04 21:57:20.923 INFO [com.yss.framework] [BaseActivator.java : 654]  【35dd5a48-dd5b-454d-84de-b892dc57ea7a】应用[YSSAPI][com.yss.ams.api.gz] 启动成功
2020-08-04 21:57:22.955 INFO [com.yss.framework] [BaseActivator.java : 654]  【35dd5a48-dd5b-454d-84de-b892dc57ea7a】应用[YSSELECRECO][com.yss.uco.elecreco.automic] 启动成功
2020-08-04 21:57:23.453 INFO [com.yss.framework] [ProducerImpl.java : 159]  开始创建生成这。key:{}CACHE
2020-08-04 21:57:23.575 INFO [com.yss.framework] [ProducerImpl.java : 161]  结束创建生成这。key:{}CACHE
2020-08-04 21:57:23.688 INFO [com.yss.framework] [BaseActivator.java : 654]  【35dd5a48-dd5b-454d-84de-b892dc57ea7a】应用[null][com.yss.ams.export.uco] 启动成功
2020-08-04 21:57:23.748 INFO [com.yss.framework] [BaseApplicationActivator.java : 198]  【35dd5a48-dd5b-454d-84de-b892dc57ea7a】成功注册应用!!!!! ------->{"ip":"127.0.0.1","port":"8083","appCode":"YSSALLOCATION","appName":null,"webContent":"YSSUCOBRIDGE","startLevel":9.0}
2020-08-04 21:57:23.768 INFO [com.yss.framework] [BaseApplicationActivator.java : 198]  【35dd5a48-dd5b-454d-84de-b892dc57ea7a】成功注册应用!!!!! ------->{"ip":"127.0.0.1","port":"8083","appCode":"AutomaticExp","appName":null,"webContent":"YSSUCOBRIDGE","startLevel":9.0}
2020-08-04 21:57:23.772 DEBUG [com.yss.framework] [BaseApplicationActivator.java : 491]  【35dd5a48-dd5b-454d-84de-b892dc57ea7a】组件YSSALLOCATION无数据库升级需要
2020-08-04 21:57:23.784 INFO [com.yss.fast.cache] [CacheManager.java : 604]  【35dd5a48-dd5b-454d-84de-b892dc57ea7a】CACHE日志:刷新了缓存USERPOST
2020-08-04 21:57:23.785 INFO [com.yss.fast.cache] [ProducerImpl.java : 159]  开始创建生成这。key:{}CLIENTCACHE
2020-08-04 21:57:23.805 DEBUG [com.yss.framework] [BaseApplicationActivator.java : 491]  【35dd5a48-dd5b-454d-84de-b892dc57ea7a】组件AutomaticExp无数据库升级需要
2020-08-04 21:57:23.823 INFO [com.yss.uco.dataintegration.exp.automatic] [AutomaticExpActivator.java : 29]  【35dd5a48-dd5b-454d-84de-b892dc57ea7a】注册部署JAR包消息监听成功:
2020-08-04 21:57:23.836 INFO [com.yss.framework] [BaseApplicationActivator.java : 198]  【35dd5a48-dd5b-454d-84de-b892dc57ea7a】成功注册应用!!!!! ------->{"ip":"127.0.0.1","port":"8083","appCode":"AutomaticImp","appName":null,"webContent":"YSSUCOBRIDGE","startLevel":9.0}
2020-08-04 21:57:23.840 INFO [com.yss.fast.workflow] [WorkflowRegisterAdmin.java : 79]  【35dd5a48-dd5b-454d-84de-b892dc57ea7a】"com.yss.uco.monitor.client" start to do workflow register work
2020-08-04 21:57:23.847 INFO [com.yss.framework] [BaseActivator.java : 654]  【35dd5a48-dd5b-454d-84de-b892dc57ea7a】应用[AutomaticExp][com.yss.uco.dataintegration.exp.automatic] 启动成功
2020-08-04 21:57:23.855 DEBUG [com.yss.framework] [BaseApplicationActivator.java : 491]  【35dd5a48-dd5b-454d-84de-b892dc57ea7a】组件AutomaticImp无数据库升级需要
2020-08-04 21:57:23.868 INFO [com.yss.framework] [BaseActivator.java : 654]  【35dd5a48-dd5b-454d-84de-b892dc57ea7a】应用[AutomaticImp][com.yss.uco.dataintegration.imp.automatic] 启动成功
2020-08-04 21:57:23.870 INFO [com.yss.fast.workflow] [WorkflowRegisterAdmin.java : 93]  【35dd5a48-dd5b-454d-84de-b892dc57ea7a】"com.yss.uco.monitor.client" end do workflow register work
2020-08-04 21:57:23.886 INFO [com.yss.framework] [BaseActivator.java : 654]  【35dd5a48-dd5b-454d-84de-b892dc57ea7a】应用[YSSALLOCATION][com.yss.uco.allocation] 启动成功
2020-08-04 21:57:23.906 INFO [com.yss.framework] [StartInfoCollectUtil.java : 668]  还有组件未启动:com.yss.uco.monitor.client,YSSUCO,
2020-08-04 21:57:23.942 INFO [com.yss.fast.cache] [ProducerImpl.java : 161]  结束创建生成这。key:{}CLIENTCACHE
2020-08-04 21:57:24.119 INFO [com.yss.fast.cache] [CacheManager.java : 604]  【35dd5a48-dd5b-454d-84de-b892dc57ea7a】CACHE日志:刷新了缓存USERPOST
2020-08-04 21:57:24.184 INFO [com.yss.framework] [BaseActivator.java : 654]  【35dd5a48-dd5b-454d-84de-b892dc57ea7a】应用[YSSMONITOR][com.yss.uco.monitor.client] 启动成功
2020-08-04 21:57:28.909 INFO [com.yss.framework] [StartInfoCollectUtil.java : 668]  还有组件未启动:YSSUCO,
2020-08-04 21:57:31.517 DEBUG [com.yss.framework] [ConnectionConstants.java : 32]  【35dd5a48-dd5b-454d-84de-b892dc57ea7a】prop={SERVER_PORT=6699, CHECK_DUIZHANG=0, PRODUCT_LIMIT_QUERY=0, PRODUCT_LIMIT_MODIFY=0, CHECK_WEICHA=0, ACC_CHECK=0, PJ_BUYSELL=0, OS_FILE_PATH=FILEDIR, PRODUCT_INFO_SET=0, PRODUCT_INFO_QUERY=0, PRODUCT_WFSY=0, SEND_FILE_PATH=ebank/, SERVER_IP=10.5.129.180, PRODUCT_SETT_QUERY=0, ACC_MERGE=0, CHECK_HEGUI=0}
2020-08-04 21:57:37.807 INFO [com.yss.fast.cache] [CacheManager.java : 361]  【35dd5a48-dd5b-454d-84de-b892dc57ea7a】缓存[SynchronizedCache]加载完成-----。
2020-08-04 21:57:37.833 DEBUG [YSSUCO] [CashAccDao.java : 111]  【35dd5a48-dd5b-454d-84de-b892dc57ea7a】 select * from T_P_BI_CASH_ACC a  where a.N_CHECK_STATE = 1 order by a.c_ca_code 
2020-08-04 21:57:37.899 INFO [com.yss.fast.cache] [CacheManager.java : 361]  【35dd5a48-dd5b-454d-84de-b892dc57ea7a】缓存[DaiExtendCache]加载完成-----。
2020-08-04 21:57:37.967 INFO [com.yss.fast.cache] [CacheManager.java : 361]  【35dd5a48-dd5b-454d-84de-b892dc57ea7a】缓存[CaCache]加载完成-----。
2020-08-04 21:57:38.010 INFO [com.yss.fast.cache] [CacheManager.java : 361]  【35dd5a48-dd5b-454d-84de-b892dc57ea7a】缓存[SecRemindCache]加载完成-----。
2020-08-04 21:57:38.556 INFO [com.yss.fast.cache] [CacheManager.java : 361]  【35dd5a48-dd5b-454d-84de-b892dc57ea7a】缓存[ProductRemindCache]加载完成-----。
2020-08-04 21:57:38.976 INFO [com.yss.fast.cache] [CacheManager.java : 361]  【35dd5a48-dd5b-454d-84de-b892dc57ea7a】缓存[DaeElemCache]加载完成-----。
2020-08-04 21:57:39.539 INFO [com.yss.framework] [BaseActivator.java : 890]  【35dd5a48-dd5b-454d-84de-b892dc57ea7a】succeed to register SQLFilter replaceTableName: T_D_AC_TRADE_IVT:T_D_AC_TRADE_IVT_DBL
2020-08-04 21:57:39.540 INFO [com.yss.framework] [BaseActivator.java : 890]  【35dd5a48-dd5b-454d-84de-b892dc57ea7a】succeed to register SQLFilter replaceTableName: T_D_AC_TRADE_IVT_FEE:T_D_AC_TRADE_IVT_FEE_DBL
2020-08-04 21:57:39.541 INFO [com.yss.framework] [BaseActivator.java : 890]  【35dd5a48-dd5b-454d-84de-b892dc57ea7a】succeed to register SQLFilter replaceTableName: T_D_AC_TRADE_SE:T_D_AC_TRADE_SE_DBL
2020-08-04 21:57:39.542 INFO [com.yss.framework] [BaseActivator.java : 890]  【35dd5a48-dd5b-454d-84de-b892dc57ea7a】succeed to register SQLFilter replaceTableName: T_D_AC_TRADE_SE_FEE:T_D_AC_TRADE_SE_FEE_DBL
2020-08-04 21:57:39.542 INFO [com.yss.framework] [BaseActivator.java : 890]  【35dd5a48-dd5b-454d-84de-b892dc57ea7a】succeed to register SQLFilter replaceTableName: T_D_AC_TRADE_IPO:T_D_AC_TRADE_IPO_DBL
2020-08-04 21:57:39.543 INFO [com.yss.framework] [BaseActivator.java : 890]  【35dd5a48-dd5b-454d-84de-b892dc57ea7a】succeed to register SQLFilter replaceTableName: T_D_AC_TRADE_SL:T_D_AC_TRADE_SL_DBL
2020-08-04 21:57:39.543 INFO [com.yss.framework] [BaseActivator.java : 890]  【35dd5a48-dd5b-454d-84de-b892dc57ea7a】succeed to register SQLFilter replaceTableName: T_D_AI_STOCK:T_D_AI_STOCK_DBL
2020-08-04 21:57:39.544 INFO [com.yss.framework] [BaseActivator.java : 890]  【35dd5a48-dd5b-454d-84de-b892dc57ea7a】succeed to register SQLFilter replaceTableName: T_D_AI_ACT_VAL:T_D_AI_ACT_VAL_DBL
2020-08-04 21:57:39.545 INFO [com.yss.framework] [BaseActivator.java : 890]  【35dd5a48-dd5b-454d-84de-b892dc57ea7a】succeed to register SQLFilter replaceTableName: T_R_FR_ASTSTAT:T_R_FR_ASTSTAT_DBL
2020-08-04 21:57:39.545 INFO [com.yss.framework] [BaseActivator.java : 890]  【35dd5a48-dd5b-454d-84de-b892dc57ea7a】succeed to register SQLFilter replaceTableName: T_R_FR_ASTSTAT_SUM:T_R_FR_ASTSTAT_SUM_DBL
2020-08-04 21:57:39.546 INFO [com.yss.framework] [BaseActivator.java : 890]  【35dd5a48-dd5b-454d-84de-b892dc57ea7a】succeed to register SQLFilter replaceTableName: T_D_AI_VAL_PR:T_D_AI_VAL_PR_DBL
2020-08-04 21:57:39.546 INFO [com.yss.framework] [BaseActivator.java : 890]  【35dd5a48-dd5b-454d-84de-b892dc57ea7a】succeed to register SQLFilter replaceTableName: T_D_AC_TRADE_IVT:T_RT_AC_TRADE_IVT
2020-08-04 21:57:39.547 INFO [com.yss.framework] [BaseActivator.java : 890]  【35dd5a48-dd5b-454d-84de-b892dc57ea7a】succeed to register SQLFilter replaceTableName: T_D_AI_ACT_VAL:T_RT_AI_ACT_VAL
2020-08-04 21:57:39.547 INFO [com.yss.framework] [BaseActivator.java : 890]  【35dd5a48-dd5b-454d-84de-b892dc57ea7a】succeed to register SQLFilter replaceTableName: T_D_AI_STOCK:T_RT_AI_STOCK
2020-08-04 21:57:39.548 INFO [com.yss.framework] [BaseActivator.java : 890]  【35dd5a48-dd5b-454d-84de-b892dc57ea7a】succeed to register SQLFilter replaceTableName: T_D_AI_STOCK_SEC:T_RT_AI_STOCK_SEC
2020-08-04 21:57:39.548 INFO [com.yss.framework] [BaseActivator.java : 890]  【35dd5a48-dd5b-454d-84de-b892dc57ea7a】succeed to register SQLFilter replaceTableName: T_D_AI_VAL_PR:T_RT_AI_VAL_PR
2020-08-04 21:57:39.549 INFO [com.yss.framework] [BaseActivator.java : 890]  【35dd5a48-dd5b-454d-84de-b892dc57ea7a】succeed to register SQLFilter replaceTableName: T_R_FR_ASTSTAT:T_RT_FR_ASTSTAT
2020-08-04 21:57:39.550 INFO [com.yss.framework] [BaseActivator.java : 890]  【35dd5a48-dd5b-454d-84de-b892dc57ea7a】succeed to register SQLFilter replaceTableName: T_D_MP_SEC_MKT:T_RT_MP_SEC_MKT
2020-08-04 21:57:39.550 INFO [com.yss.framework] [BaseActivator.java : 890]  【35dd5a48-dd5b-454d-84de-b892dc57ea7a】succeed to register SQLFilter replaceTableName: T_R_FR_ASTSTAT_ONE:T_RT_FR_ASTSTAT_ONE
2020-08-04 21:57:39.551 INFO [com.yss.framework] [BaseActivator.java : 890]  【35dd5a48-dd5b-454d-84de-b892dc57ea7a】succeed to register SQLFilter replaceTableName: T_D_AC_DZSX_GZMXBOOK:T_RT_AC_DZSX_GZMXBOOK
2020-08-04 21:57:39.552 INFO [com.yss.framework] [BaseActivator.java : 890]  【35dd5a48-dd5b-454d-84de-b892dc57ea7a】succeed to register SQLFilter replaceTableName: T_D_SV_FIDC_INCOME:T_RT_SV_FIDC_INCOME
2020-08-04 21:57:39.552 INFO [com.yss.framework] [BaseActivator.java : 890]  【35dd5a48-dd5b-454d-84de-b892dc57ea7a】succeed to register SQLFilter replaceTableName: T_D_AI_JX_BOOK:T_RT_AI_JX_BOOK
2020-08-04 21:57:39.553 INFO [com.yss.framework] [BaseActivator.java : 890]  【35dd5a48-dd5b-454d-84de-b892dc57ea7a】succeed to register SQLFilter replaceTableName: T_R_FR_ASTSTAT_SUM:T_RT_FR_ASTSTAT_SUM
2020-08-04 21:57:39.554 INFO [com.yss.framework] [BaseActivator.java : 890]  【35dd5a48-dd5b-454d-84de-b892dc57ea7a】succeed to register SQLFilter replaceTableName: T_R_FR_ASTSTAT_ONE:T_RT_FR_ASTSTAT_ONE
2020-08-04 21:57:39.554 INFO [com.yss.framework] [BaseActivator.java : 890]  【35dd5a48-dd5b-454d-84de-b892dc57ea7a】succeed to register SQLFilter replaceTableName: T_D_SV_FI_FACTRATE:T_RT_SV_FI_FACTRATE
2020-08-04 21:57:39.555 INFO [com.yss.framework] [BaseActivator.java : 890]  【35dd5a48-dd5b-454d-84de-b892dc57ea7a】succeed to register SQLFilter replaceTableName: T_D_AC_TRADE_EN:T_RT_AC_TRADE_EN
2020-08-04 21:57:39.555 INFO [com.yss.framework] [BaseActivator.java : 890]  【35dd5a48-dd5b-454d-84de-b892dc57ea7a】succeed to register SQLFilter replaceTableName: T_D_AC_FUTURES:T_RT_AC_FUTURES
2020-08-04 21:57:39.556 INFO [com.yss.framework] [BaseActivator.java : 890]  【35dd5a48-dd5b-454d-84de-b892dc57ea7a】succeed to register SQLFilter replaceTableName: T_D_AC_TRADE_IVT:V_RT_AC_TRADE_IVT
2020-08-04 21:57:39.556 INFO [com.yss.framework] [BaseActivator.java : 890]  【35dd5a48-dd5b-454d-84de-b892dc57ea7a】succeed to register SQLFilter replaceTableName: T_D_AI_ACT_VAL:T_RT_AI_ACT_VAL
2020-08-04 21:57:39.556 INFO [com.yss.framework] [BaseActivator.java : 890]  【35dd5a48-dd5b-454d-84de-b892dc57ea7a】succeed to register SQLFilter replaceTableName: T_D_AI_STOCK:T_RT_AI_STOCK
2020-08-04 21:57:39.557 INFO [com.yss.framework] [BaseActivator.java : 890]  【35dd5a48-dd5b-454d-84de-b892dc57ea7a】succeed to register SQLFilter replaceTableName: T_D_AI_STOCK_SEC:T_RT_AI_STOCK_SEC
2020-08-04 21:57:39.557 INFO [com.yss.framework] [BaseActivator.java : 890]  【35dd5a48-dd5b-454d-84de-b892dc57ea7a】succeed to register SQLFilter replaceTableName: T_D_AI_VAL_PR:T_RT_AI_VAL_PR
2020-08-04 21:57:39.558 INFO [com.yss.framework] [BaseActivator.java : 890]  【35dd5a48-dd5b-454d-84de-b892dc57ea7a】succeed to register SQLFilter replaceTableName: T_R_FR_ASTSTAT:T_RT_FR_ASTSTAT_NOVIRTUAL
2020-08-04 21:57:39.559 INFO [com.yss.framework] [BaseActivator.java : 890]  【35dd5a48-dd5b-454d-84de-b892dc57ea7a】succeed to register SQLFilter replaceTableName: T_D_MP_SEC_MKT:T_RT_MP_SEC_MKT
2020-08-04 21:57:39.559 INFO [com.yss.framework] [BaseActivator.java : 890]  【35dd5a48-dd5b-454d-84de-b892dc57ea7a】succeed to register SQLFilter replaceTableName: T_D_AC_DZSX_GZMXBOOK:T_RT_AC_DZSX_GZMXBOOK
2020-08-04 21:57:39.560 INFO [com.yss.framework] [BaseActivator.java : 890]  【35dd5a48-dd5b-454d-84de-b892dc57ea7a】succeed to register SQLFilter replaceTableName: T_D_SV_FIDC_INCOME:T_RT_SV_FIDC_INCOME
2020-08-04 21:57:39.561 INFO [com.yss.framework] [BaseActivator.java : 890]  【35dd5a48-dd5b-454d-84de-b892dc57ea7a】succeed to register SQLFilter replaceTableName: T_D_AI_JX_BOOK:T_RT_AI_JX_BOOK
2020-08-04 21:57:39.562 INFO [com.yss.framework] [BaseActivator.java : 890]  【35dd5a48-dd5b-454d-84de-b892dc57ea7a】succeed to register SQLFilter replaceTableName: T_R_FR_ASTSTAT_SUM:T_RT_FR_ASTSTAT_SUM
2020-08-04 21:57:39.562 INFO [com.yss.framework] [BaseActivator.java : 890]  【35dd5a48-dd5b-454d-84de-b892dc57ea7a】succeed to register SQLFilter replaceTableName: T_R_FR_ASTSTAT_ONE:T_RT_FR_ASTSTAT_ONE
2020-08-04 21:57:39.563 INFO [com.yss.framework] [BaseActivator.java : 890]  【35dd5a48-dd5b-454d-84de-b892dc57ea7a】succeed to register SQLFilter replaceTableName: T_D_SV_FI_FACTRATE:T_RT_SV_FI_FACTRATE
2020-08-04 21:57:39.563 INFO [com.yss.framework] [BaseActivator.java : 654]  【35dd5a48-dd5b-454d-84de-b892dc57ea7a】应用[YSSUCO][YSSUCO] 启动成功
2020-08-04 21:57:39.566 INFO [com.yss.framework] [StartInfoCollectUtil.java : 668]  所有应用启动完成,请到地址:{}查看启动报告http://127.0.0.1:8083/YSSUCOBRIDGE/start/report
整个系统已经启动完成了
